#
# There is insufficient memory for the Java Runtime Environment to continue.
# Native memory allocation (mmap) failed to map 2097152 bytes for G1 virtual space
# Possible reasons:
#   The system is out of physical RAM or swap space
#   The process is running with CompressedOops enabled, and the Java Heap may be blocking the growth of the native heap
# Possible solutions:
#   Reduce memory load on the system
#   Increase physical memory or swap space
#   Check if swap backing store is full
#   Decrease Java heap size (-Xmx/-Xms)
#   Decrease number of Java threads
#   Decrease Java thread stack sizes (-Xss)
#   Set larger code cache with -XX:ReservedCodeCacheSize=
#   JVM is running with Zero Based Compressed Oops mode in which the Java heap is
#     placed in the first 32GB address space. The Java Heap base address is the
#     maximum limit for the native heap growth. Please use -XX:HeapBaseMinAddress
#     to set the Java Heap base and to place the Java Heap above 32GB virtual address.
# This output file may be truncated or incomplete.
#
#  Out of Memory Error (os_windows.cpp:3600), pid=18464, tid=17380
#
# JRE version: Java(TM) SE Runtime Environment (21.0.1+12) (build 21.0.1+12-LTS-29)
# Java VM: Java HotSpot(TM) 64-Bit Server VM (21.0.1+12-LTS-29, mixed mode, emulated-client, sharing, tiered, compressed oops, compressed class ptrs, g1 gc, windows-amd64)
# No core dump will be written. Minidumps are not enabled by default on client versions of Windows
#

---------------  S U M M A R Y ------------

Command Line: -XX:TieredStopAtLevel=1 com.didan.social.SocialApplication

Host: Intel(R) Core(TM) i5-9300H CPU @ 2.40GHz, 8 cores, 15G,  Windows 11 , 64 bit Build 22621 (10.0.22621.3085)
Time: Sat Feb 17 02:23:15 2024 SE Asia Standard Time elapsed time: 106.493008 seconds (0d 0h 1m 46s)

---------------  T H R E A D  ---------------

Current thread (0x00000215dd9cc4d0):  WorkerThread "GC Thread#1"    [id=17380, stack(0x000000cdb8300000,0x000000cdb8400000) (1024K)]

Stack: [0x000000cdb8300000,0x000000cdb8400000]
Native frames: (J=compiled Java code, j=interpreted, Vv=VM code, C=native code)
V  [jvm.dll+0x6c9029]
V  [jvm.dll+0x854b81]
V  [jvm.dll+0x856e5e]
V  [jvm.dll+0x857543]
V  [jvm.dll+0x280c06]
V  [jvm.dll+0x6c5715]
V  [jvm.dll+0x6ba10a]
V  [jvm.dll+0x3557ea]
V  [jvm.dll+0x35d436]
V  [jvm.dll+0x3adebb]
V  [jvm.dll+0x3ae554]
V  [jvm.dll+0x3ae61d]
V  [jvm.dll+0x32a84c]
V  [jvm.dll+0x32a5a5]
V  [jvm.dll+0x31b086]
V  [jvm.dll+0x31beaa]
V  [jvm.dll+0x31c328]
V  [jvm.dll+0x31bd0e]
V  [jvm.dll+0x357656]
V  [jvm.dll+0x3579c3]
V  [jvm.dll+0x366398]
V  [jvm.dll+0x6b76d9]
V  [jvm.dll+0x315bba]
V  [jvm.dll+0x31550d]
V  [jvm.dll+0x3edcc5]
V  [jvm.dll+0x7fda96]
V  [jvm.dll+0x8074e1]
V  [jvm.dll+0x36698a]
V  [jvm.dll+0x366824]
V  [jvm.dll+0x36dff4]
V  [jvm.dll+0x36e16b]
V  [jvm.dll+0x881f77]
V  [jvm.dll+0x7fd728]
V  [jvm.dll+0x6c777d]
C  [ucrtbase.dll+0x29363]
C  [KERNEL32.DLL+0x1257d]
C  [ntdll.dll+0x5aa58]

JavaThread 0x00000215dd136520 (nid = 21708) was being processed
Java frames: (J=compiled Java code, j=interpreted, Vv=VM code)
j  jdk.internal.misc.Unsafe.park(ZJ)V+0 java.base@21.0.1
j  java.util.concurrent.locks.LockSupport.parkNanos(Ljava/lang/Object;J)V+34 java.base@21.0.1
j  java.util.concurrent.locks.AbstractQueuedSynchronizer$ConditionObject.await(JLjava/util/concurrent/TimeUnit;)Z+134 java.base@21.0.1
j  java.lang.ref.ReferenceQueue.await(J)V+8 java.base@21.0.1
J 2793 c1 java.lang.ref.ReferenceQueue.remove0(J)Ljava/lang/ref/Reference; java.base@21.0.1 (64 bytes) @ 0x00000215ce1a62bc [0x00000215ce1a6180+0x000000000000013c]
J 2792 c1 java.lang.ref.ReferenceQueue.remove(J)Ljava/lang/ref/Reference; java.base@21.0.1 (61 bytes) @ 0x00000215ce1a6924 [0x00000215ce1a67c0+0x0000000000000164]
j  jdk.internal.ref.CleanerImpl.run()V+45 java.base@21.0.1
j  java.lang.Thread.runWith(Ljava/lang/Object;Ljava/lang/Runnable;)V+5 java.base@21.0.1
j  java.lang.Thread.run()V+19 java.base@21.0.1
j  jdk.internal.misc.InnocuousThread.run()V+20 java.base@21.0.1
v  ~StubRoutines::call_stub 0x00000215cda7100d

---------------  P R O C E S S  ---------------

Threads class SMR info:
_java_thread_list=0x00000215dfa99720, length=48, elements={
0x00000215d8d7d3f0, 0x00000215d8d80320, 0x00000215d8d84920, 0x00000215d8d86880,
0x00000215d8d87640, 0x00000215d8d93ce0, 0x00000215d8db4490, 0x00000215dd132e80,
0x00000215dd136520, 0x00000215ddf88800, 0x00000215dec7d860, 0x00000215e01434e0,
0x00000215e01406f0, 0x00000215e0141410, 0x00000215e0142e50, 0x00000215e0141aa0,
0x00000215e01427c0, 0x00000215e0140060, 0x00000215e0e1b890, 0x00000215e0e1ab70,
0x00000215e0e1d2d0, 0x00000215e0e1b200, 0x00000215e0e1dff0, 0x00000215e0e18410,
0x00000215e0e1bf20, 0x00000215e0e1c5b0, 0x00000215e0e1a4e0, 0x00000215e0e1cc40,
0x00000215e0e19130, 0x00000215e0e1d960, 0x00000215e0e17060, 0x00000215e0e19e50,
0x00000215e0e1e680, 0x00000215e0e176f0, 0x00000215e0e18aa0, 0x00000215e0e17d80,
0x00000215e0e197c0, 0x00000215e60e1510, 0x00000215e60e4990, 0x00000215e60e1ba0,
0x00000215e60e3c70, 0x00000215e60e5020, 0x00000215e60e35e0, 0x00000215e60dedb0,
0x00000215e60e2230, 0x00000215e60de090, 0x00000215e60e4300, 0x00000215e60de720
}

Java Threads: ( => current thread )
  0x00000215d8d7d3f0 JavaThread "Reference Handler"          daemon [_thread_blocked, id=6908, stack(0x000000cdb7800000,0x000000cdb7900000) (1024K)]
  0x00000215d8d80320 JavaThread "Finalizer"                  daemon [_thread_blocked, id=17604, stack(0x000000cdb7900000,0x000000cdb7a00000) (1024K)]
  0x00000215d8d84920 JavaThread "Signal Dispatcher"          daemon [_thread_blocked, id=20612, stack(0x000000cdb7a00000,0x000000cdb7b00000) (1024K)]
  0x00000215d8d86880 JavaThread "Attach Listener"            daemon [_thread_blocked, id=21156, stack(0x000000cdb7b00000,0x000000cdb7c00000) (1024K)]
  0x00000215d8d87640 JavaThread "Service Thread"             daemon [_thread_blocked, id=22196, stack(0x000000cdb7c00000,0x000000cdb7d00000) (1024K)]
  0x00000215d8d93ce0 JavaThread "Monitor Deflation Thread"   daemon [_thread_blocked, id=18604, stack(0x000000cdb7d00000,0x000000cdb7e00000) (1024K)]
  0x00000215d8db4490 JavaThread "C1 CompilerThread0"         daemon [_thread_blocked, id=15116, stack(0x000000cdb7e00000,0x000000cdb7f00000) (1024K)]
  0x00000215dd132e80 JavaThread "Notification Thread"        daemon [_thread_blocked, id=14620, stack(0x000000cdb8100000,0x000000cdb8200000) (1024K)]
  0x00000215dd136520 JavaThread "Common-Cleaner"             daemon [_thread_blocked, id=21708, stack(0x000000cdb8200000,0x000000cdb8300000) (1024K)]
  0x00000215ddf88800 JavaThread "mysql-cj-abandoned-connection-cleanup" daemon [_thread_blocked, id=19748, stack(0x000000cdb8e00000,0x000000cdb8f00000) (1024K)]
  0x00000215dec7d860 JavaThread "HikariPool-1 housekeeper"   daemon [_thread_blocked, id=18788, stack(0x000000cdb9000000,0x000000cdb9100000) (1024K)]
  0x00000215e01434e0 JavaThread "Catalina-utility-1"                [_thread_blocked, id=5420, stack(0x000000cdb9200000,0x000000cdb9300000) (1024K)]
  0x00000215e01406f0 JavaThread "Catalina-utility-2"                [_thread_blocked, id=1496, stack(0x000000cdb9300000,0x000000cdb9400000) (1024K)]
  0x00000215e0141410 JavaThread "container-0"                       [_thread_blocked, id=2464, stack(0x000000cdb9400000,0x000000cdb9500000) (1024K)]
  0x00000215e0142e50 JavaThread "lettuce-timer-3-1"          daemon [_thread_blocked, id=18832, stack(0x000000cdb9500000,0x000000cdb9600000) (1024K)]
  0x00000215e0141aa0 JavaThread "File Watcher"               daemon [_thread_blocked, id=9356, stack(0x000000cdb9600000,0x000000cdb9700000) (1024K)]
  0x00000215e01427c0 JavaThread "Live Reload Server"         daemon [_thread_in_native, id=20764, stack(0x000000cdb9700000,0x000000cdb9800000) (1024K)]
  0x00000215e0140060 JavaThread "http-nio-8081-exec-1"       daemon [_thread_blocked, id=10244, stack(0x000000cdb9800000,0x000000cdb9900000) (1024K)]
  0x00000215e0e1b890 JavaThread "http-nio-8081-exec-2"       daemon [_thread_blocked, id=18548, stack(0x000000cdb9900000,0x000000cdb9a00000) (1024K)]
  0x00000215e0e1ab70 JavaThread "http-nio-8081-exec-3"       daemon [_thread_blocked, id=8184, stack(0x000000cdb9a00000,0x000000cdb9b00000) (1024K)]
  0x00000215e0e1d2d0 JavaThread "http-nio-8081-exec-4"       daemon [_thread_blocked, id=21076, stack(0x000000cdb9b00000,0x000000cdb9c00000) (1024K)]
  0x00000215e0e1b200 JavaThread "http-nio-8081-exec-5"       daemon [_thread_blocked, id=22312, stack(0x000000cdb9c00000,0x000000cdb9d00000) (1024K)]
  0x00000215e0e1dff0 JavaThread "http-nio-8081-exec-6"       daemon [_thread_blocked, id=15004, stack(0x000000cdb9d00000,0x000000cdb9e00000) (1024K)]
  0x00000215e0e18410 JavaThread "http-nio-8081-exec-7"       daemon [_thread_blocked, id=22192, stack(0x000000cdb9e00000,0x000000cdb9f00000) (1024K)]
  0x00000215e0e1bf20 JavaThread "http-nio-8081-exec-8"       daemon [_thread_blocked, id=17016, stack(0x000000cdb9f00000,0x000000cdba000000) (1024K)]
  0x00000215e0e1c5b0 JavaThread "http-nio-8081-exec-9"       daemon [_thread_blocked, id=13116, stack(0x000000cdba000000,0x000000cdba100000) (1024K)]
  0x00000215e0e1a4e0 JavaThread "http-nio-8081-exec-10"      daemon [_thread_blocked, id=20396, stack(0x000000cdba100000,0x000000cdba200000) (1024K)]
  0x00000215e0e1cc40 JavaThread "http-nio-8081-Poller"       daemon [_thread_in_native, id=17372, stack(0x000000cdba200000,0x000000cdba300000) (1024K)]
  0x00000215e0e19130 JavaThread "http-nio-8081-Acceptor"     daemon [_thread_in_native, id=22148, stack(0x000000cdba300000,0x000000cdba400000) (1024K)]
  0x00000215e0e1d960 JavaThread "nioEventLoopGroup-4-1"             [_thread_in_native, id=21376, stack(0x000000cdba400000,0x000000cdba500000) (1024K)]
  0x00000215e0e17060 JavaThread "DestroyJavaVM"                     [_thread_blocked, id=19184, stack(0x000000cdb7000000,0x000000cdb7100000) (1024K)]
  0x00000215e0e19e50 JavaThread "nioEventLoopGroup-5-1"             [_thread_in_native, id=22168, stack(0x000000cdb8800000,0x000000cdb8900000) (1024K)]
  0x00000215e0e1e680 JavaThread "pool-2-thread-1"                   [_thread_blocked, id=19632, stack(0x000000cdb8900000,0x000000cdb8a00000) (1024K)]
  0x00000215e0e176f0 JavaThread "nioEventLoopGroup-5-2"             [_thread_in_native, id=20840, stack(0x000000cdba500000,0x000000cdba600000) (1024K)]
  0x00000215e0e18aa0 JavaThread "nioEventLoopGroup-5-3"             [_thread_blocked, id=20316, stack(0x000000cdba600000,0x000000cdba700000) (1024K)]
  0x00000215e0e17d80 JavaThread "nioEventLoopGroup-5-4"             [_thread_in_native, id=4928, stack(0x000000cdba700000,0x000000cdba800000) (1024K)]
  0x00000215e0e197c0 JavaThread "nioEventLoopGroup-5-5"             [_thread_in_native, id=9336, stack(0x000000cdba800000,0x000000cdba900000) (1024K)]
  0x00000215e60e1510 JavaThread "nioEventLoopGroup-5-6"             [_thread_in_native, id=14476, stack(0x000000cdba900000,0x000000cdbaa00000) (1024K)]
  0x00000215e60e4990 JavaThread "nioEventLoopGroup-5-7"             [_thread_in_native, id=3148, stack(0x000000cdb7f00000,0x000000cdb8000000) (1024K)]
  0x00000215e60e1ba0 JavaThread "nioEventLoopGroup-5-8"             [_thread_in_native, id=2140, stack(0x000000cdb6d00000,0x000000cdb6e00000) (1024K)]
  0x00000215e60e3c70 JavaThread "nioEventLoopGroup-5-9"             [_thread_in_native, id=13316, stack(0x000000cdb6e00000,0x000000cdb6f00000) (1024K)]
  0x00000215e60e5020 JavaThread "nioEventLoopGroup-5-10"            [_thread_in_native, id=16456, stack(0x000000cdb6f00000,0x000000cdb7000000) (1024K)]
  0x00000215e60e35e0 JavaThread "nioEventLoopGroup-5-11"            [_thread_in_native, id=12452, stack(0x000000cdb9100000,0x000000cdb9200000) (1024K)]
  0x00000215e60dedb0 JavaThread "nioEventLoopGroup-5-12"            [_thread_in_native, id=14640, stack(0x000000cdbaa00000,0x000000cdbab00000) (1024K)]
  0x00000215e60e2230 JavaThread "nioEventLoopGroup-5-13"            [_thread_in_native, id=9488, stack(0x000000cdbae00000,0x000000cdbaf00000) (1024K)]
  0x00000215e60de090 JavaThread "nioEventLoopGroup-5-14"            [_thread_in_native, id=15388, stack(0x000000cdbaf00000,0x000000cdbb000000) (1024K)]
  0x00000215e60e4300 JavaThread "nioEventLoopGroup-5-15"            [_thread_in_native, id=12964, stack(0x000000cdbb000000,0x000000cdbb100000) (1024K)]
  0x00000215e60de720 JavaThread "nioEventLoopGroup-5-16"            [_thread_in_native, id=9392, stack(0x000000cdbb100000,0x000000cdbb200000) (1024K)]
Total: 48

Other Threads:
  0x00000215d8d60cc0 VMThread "VM Thread"                           [id=21540, stack(0x000000cdb7700000,0x000000cdb7800000) (1024K)]
  0x00000215d8d4a480 WatcherThread "VM Periodic Task Thread"        [id=21840, stack(0x000000cdb7600000,0x000000cdb7700000) (1024K)]
  0x00000215c3ebe620 WorkerThread "GC Thread#0"                     [id=10636, stack(0x000000cdb7100000,0x000000cdb7200000) (1024K)]
=>0x00000215dd9cc4d0 WorkerThread "GC Thread#1"                     [id=17380, stack(0x000000cdb8300000,0x000000cdb8400000) (1024K)]
  0x00000215dd9ccc80 WorkerThread "GC Thread#2"                     [id=19920, stack(0x000000cdb8400000,0x000000cdb8500000) (1024K)]
  0x00000215dd9b1290 WorkerThread "GC Thread#3"                     [id=19548, stack(0x000000cdb8500000,0x000000cdb8600000) (1024K)]
  0x00000215dd9b1630 WorkerThread "GC Thread#4"                     [id=3620, stack(0x000000cdb8600000,0x000000cdb8700000) (1024K)]
  0x00000215dd9b19d0 WorkerThread "GC Thread#5"                     [id=19596, stack(0x000000cdb8700000,0x000000cdb8800000) (1024K)]
  0x00000215de4f2100 WorkerThread "GC Thread#6"                     [id=22292, stack(0x000000cdb8b00000,0x000000cdb8c00000) (1024K)]
  0x00000215de4f24a0 WorkerThread "GC Thread#7"                     [id=1188, stack(0x000000cdb8c00000,0x000000cdb8d00000) (1024K)]
  0x00000215c3ecfba0 ConcurrentGCThread "G1 Main Marker"            [id=20460, stack(0x000000cdb7200000,0x000000cdb7300000) (1024K)]
  0x00000215c3ed0e60 WorkerThread "G1 Conc#0"                       [id=19440, stack(0x000000cdb7300000,0x000000cdb7400000) (1024K)]
  0x00000215de518170 WorkerThread "G1 Conc#1"                       [id=20992, stack(0x000000cdb8d00000,0x000000cdb8e00000) (1024K)]
  0x00000215d8c1b190 ConcurrentGCThread "G1 Refine#0"               [id=16164, stack(0x000000cdb7400000,0x000000cdb7500000) (1024K)]
  0x00000215d8c1bf20 ConcurrentGCThread "G1 Service"                [id=22284, stack(0x000000cdb7500000,0x000000cdb7600000) (1024K)]
Total: 15

Threads with active compile tasks:
C1 CompilerThread0   106519 8446       1       org.hibernate.LockOptions::getFollowOnLocking (5 bytes)
Total: 1

VM state: at safepoint (normal execution)

VM Mutex/Monitor currently owned by a thread:  ([mutex/lock_event])
[0x00007fff9b8f8078] FreeList_lock - owner thread: 0x00000215dd9cc4d0
[0x00007fff9b8fa5f8] Threads_lock - owner thread: 0x00000215d8d60cc0
[0x00007fff9b8fa6f8] Heap_lock - owner thread: 0x00000215e0e18aa0

Heap address: 0x0000000702600000, size: 4058 MB, Compressed Oops mode: Zero based, Oop shift amount: 3

CDS archive(s) mapped at: [0x0000021580000000-0x0000021580c90000-0x0000021580c90000), size 13172736, SharedBaseAddress: 0x0000021580000000, ArchiveRelocationMode: 1.
Compressed class space mapped at: 0x0000021581000000-0x00000215c1000000, reserved size: 1073741824
Narrow klass base: 0x0000021580000000, Narrow klass shift: 0, Narrow klass range: 0x100000000

GC Precious Log:
 CardTable entry size: 512
 Card Set container configuration: InlinePtr #cards 4 size 8 Array Of Cards #cards 16 size 48 Howl #buckets 8 coarsen threshold 3686 Howl Bitmap #cards 512 size 80 coarsen threshold 460 Card regions per heap region 1 cards per card region 4096
 CPUs: 8 total, 8 available
 Memory: 16224M
 Large Page Support: Disabled
 NUMA Support: Disabled
 Compressed Oops: Enabled (Zero based)
 Heap Region Size: 2M
 Heap Min Capacity: 8M
 Heap Initial Capacity: 254M
 Heap Max Capacity: 4058M
 Pre-touch: Disabled
 Parallel Workers: 8
 Concurrent Workers: 2
 Concurrent Refinement Workers: 8
 Periodic GC: Disabled

Heap:
 garbage-first heap   total 167936K, used 165391K [0x0000000702600000, 0x0000000800000000)
  region size 2048K, 9 young (18432K), 0 survivors (0K)
 Metaspace       used 87619K, committed 88512K, reserved 1179648K
  class space    used 12389K, committed 12800K, reserved 1048576K

Heap Regions: E=young(eden), S=young(survivor), O=old, HS=humongous(starts), HC=humongous(continues), CS=collection set, F=free, TAMS=top-at-mark-start, PB=parsable bottom
|   0|0x0000000702600000, 0x0000000702800000, 0x0000000702800000|100%| O|  |TAMS 0x0000000702600000| PB 0x0000000702600000| Untracked 
|   1|0x0000000702800000, 0x0000000702a00000, 0x0000000702a00000|100%| O|  |TAMS 0x0000000702800000| PB 0x0000000702800000| Untracked 
|   2|0x0000000702a00000, 0x0000000702c00000, 0x0000000702c00000|100%| O|  |TAMS 0x0000000702a00000| PB 0x0000000702a00000| Untracked 
|   3|0x0000000702c00000, 0x0000000702e00000, 0x0000000702e00000|100%| O|  |TAMS 0x0000000702c00000| PB 0x0000000702c00000| Untracked 
|   4|0x0000000702e00000, 0x0000000703000000, 0x0000000703000000|100%| O|  |TAMS 0x0000000702e00000| PB 0x0000000702e00000| Untracked 
|   5|0x0000000703000000, 0x0000000703200000, 0x0000000703200000|100%| O|  |TAMS 0x0000000703000000| PB 0x0000000703000000| Untracked 
|   6|0x0000000703200000, 0x0000000703400000, 0x0000000703400000|100%| O|  |TAMS 0x0000000703200000| PB 0x0000000703200000| Untracked 
|   7|0x0000000703400000, 0x0000000703600000, 0x0000000703600000|100%| O|  |TAMS 0x0000000703400000| PB 0x0000000703400000| Untracked 
|   8|0x0000000703600000, 0x0000000703800000, 0x0000000703800000|100%| O|  |TAMS 0x0000000703600000| PB 0x0000000703600000| Untracked 
|   9|0x0000000703800000, 0x0000000703a00000, 0x0000000703a00000|100%| O|  |TAMS 0x0000000703800000| PB 0x0000000703800000| Untracked 
|  10|0x0000000703a00000, 0x0000000703c00000, 0x0000000703c00000|100%| O|  |TAMS 0x0000000703a00000| PB 0x0000000703a00000| Untracked 
|  11|0x0000000703c00000, 0x0000000703e00000, 0x0000000703e00000|100%| O|  |TAMS 0x0000000703c00000| PB 0x0000000703c00000| Untracked 
|  12|0x0000000703e00000, 0x0000000704000000, 0x0000000704000000|100%| O|  |TAMS 0x0000000703e00000| PB 0x0000000703e00000| Untracked 
|  13|0x0000000704000000, 0x0000000704200000, 0x0000000704200000|100%| O|  |TAMS 0x0000000704000000| PB 0x0000000704000000| Untracked 
|  14|0x0000000704200000, 0x0000000704400000, 0x0000000704400000|100%| O|  |TAMS 0x0000000704200000| PB 0x0000000704200000| Untracked 
|  15|0x0000000704400000, 0x0000000704600000, 0x0000000704600000|100%| O|  |TAMS 0x0000000704400000| PB 0x0000000704400000| Untracked 
|  16|0x0000000704600000, 0x0000000704800000, 0x0000000704800000|100%| O|CS|TAMS 0x0000000704600000| PB 0x0000000704600000| Complete 
|  17|0x0000000704800000, 0x0000000704a00000, 0x0000000704a00000|100%| O|  |TAMS 0x0000000704800000| PB 0x0000000704800000| Untracked 
|  18|0x0000000704a00000, 0x0000000704c00000, 0x0000000704c00000|100%| O|  |TAMS 0x0000000704a00000| PB 0x0000000704a00000| Untracked 
|  19|0x0000000704c00000, 0x0000000704e00000, 0x0000000704e00000|100%| O|  |TAMS 0x0000000704c00000| PB 0x0000000704c00000| Untracked 
|  20|0x0000000704e00000, 0x0000000705000000, 0x0000000705000000|100%|HS|  |TAMS 0x0000000704e00000| PB 0x0000000704e00000| Complete 
|  21|0x0000000705000000, 0x0000000705200000, 0x0000000705200000|100%|HC|  |TAMS 0x0000000705000000| PB 0x0000000705000000| Complete 
|  22|0x0000000705200000, 0x0000000705400000, 0x0000000705400000|100%|HC|  |TAMS 0x0000000705200000| PB 0x0000000705200000| Complete 
|  23|0x0000000705400000, 0x0000000705600000, 0x0000000705600000|100%| E|CS|TAMS 0x0000000705400000| PB 0x0000000705400000| Complete 
|  24|0x0000000705600000, 0x0000000705800000, 0x0000000705800000|100%|HS|  |TAMS 0x0000000705600000| PB 0x0000000705600000| Complete 
|  25|0x0000000705800000, 0x0000000705a00000, 0x0000000705a00000|100%|HC|  |TAMS 0x0000000705800000| PB 0x0000000705800000| Complete 
|  26|0x0000000705a00000, 0x0000000705c00000, 0x0000000705c00000|100%|HC|  |TAMS 0x0000000705a00000| PB 0x0000000705a00000| Complete 
|  27|0x0000000705c00000, 0x0000000705e00000, 0x0000000705e00000|100%| E|CS|TAMS 0x0000000705c00000| PB 0x0000000705c00000| Complete 
|  28|0x0000000705e00000, 0x0000000706000000, 0x0000000706000000|100%| E|CS|TAMS 0x0000000705e00000| PB 0x0000000705e00000| Complete 
|  29|0x0000000706000000, 0x0000000706200000, 0x0000000706200000|100%| O|  |TAMS 0x0000000706000000| PB 0x0000000706000000| Untracked 
|  30|0x0000000706200000, 0x0000000706400000, 0x0000000706400000|100%| O|  |TAMS 0x0000000706200000| PB 0x0000000706200000| Untracked 
|  31|0x0000000706400000, 0x00000007064f5318, 0x0000000706600000| 47%| O|  |TAMS 0x0000000706400000| PB 0x0000000706400000| Untracked 
|  32|0x0000000706600000, 0x0000000706800000, 0x0000000706800000|100%|HS|  |TAMS 0x0000000706600000| PB 0x0000000706600000| Complete 
|  33|0x0000000706800000, 0x0000000706a00000, 0x0000000706a00000|100%|HC|  |TAMS 0x0000000706800000| PB 0x0000000706800000| Complete 
|  34|0x0000000706a00000, 0x0000000706c00000, 0x0000000706c00000|100%|HC|  |TAMS 0x0000000706a00000| PB 0x0000000706a00000| Complete 
|  35|0x0000000706c00000, 0x0000000706e00000, 0x0000000706e00000|100%|HS|  |TAMS 0x0000000706c00000| PB 0x0000000706c00000| Complete 
|  36|0x0000000706e00000, 0x0000000707000000, 0x0000000707000000|100%|HC|  |TAMS 0x0000000706e00000| PB 0x0000000706e00000| Complete 
|  37|0x0000000707000000, 0x0000000707200000, 0x0000000707200000|100%|HC|  |TAMS 0x0000000707000000| PB 0x0000000707000000| Complete 
|  38|0x0000000707200000, 0x0000000707400000, 0x0000000707400000|100%|HS|  |TAMS 0x0000000707200000| PB 0x0000000707200000| Complete 
|  39|0x0000000707400000, 0x0000000707600000, 0x0000000707600000|100%|HC|  |TAMS 0x0000000707400000| PB 0x0000000707400000| Complete 
|  40|0x0000000707600000, 0x0000000707800000, 0x0000000707800000|100%|HC|  |TAMS 0x0000000707600000| PB 0x0000000707600000| Complete 
|  41|0x0000000707800000, 0x0000000707a00000, 0x0000000707a00000|100%|HS|  |TAMS 0x0000000707800000| PB 0x0000000707800000| Complete 
|  42|0x0000000707a00000, 0x0000000707c00000, 0x0000000707c00000|100%|HC|  |TAMS 0x0000000707a00000| PB 0x0000000707a00000| Complete 
|  43|0x0000000707c00000, 0x0000000707e00000, 0x0000000707e00000|100%|HC|  |TAMS 0x0000000707c00000| PB 0x0000000707c00000| Complete 
|  44|0x0000000707e00000, 0x0000000708000000, 0x0000000708000000|100%|HS|  |TAMS 0x0000000707e00000| PB 0x0000000707e00000| Complete 
|  45|0x0000000708000000, 0x0000000708200000, 0x0000000708200000|100%|HC|  |TAMS 0x0000000708000000| PB 0x0000000708000000| Complete 
|  46|0x0000000708200000, 0x0000000708400000, 0x0000000708400000|100%|HC|  |TAMS 0x0000000708200000| PB 0x0000000708200000| Complete 
|  47|0x0000000708400000, 0x0000000708600000, 0x0000000708600000|100%|HS|  |TAMS 0x0000000708400000| PB 0x0000000708400000| Complete 
|  48|0x0000000708600000, 0x0000000708800000, 0x0000000708800000|100%|HC|  |TAMS 0x0000000708600000| PB 0x0000000708600000| Complete 
|  49|0x0000000708800000, 0x0000000708a00000, 0x0000000708a00000|100%|HC|  |TAMS 0x0000000708800000| PB 0x0000000708800000| Complete 
|  50|0x0000000708a00000, 0x0000000708c00000, 0x0000000708c00000|100%| E|CS|TAMS 0x0000000708a00000| PB 0x0000000708a00000| Complete 
|  51|0x0000000708c00000, 0x0000000708ca5120, 0x0000000708e00000| 32%| E|CS|TAMS 0x0000000708c00000| PB 0x0000000708c00000| Complete 
|  52|0x0000000708e00000, 0x0000000709000000, 0x0000000709000000|100%| E|CS|TAMS 0x0000000708e00000| PB 0x0000000708e00000| Complete 
|  53|0x0000000709000000, 0x0000000709200000, 0x0000000709200000|100%|HS|  |TAMS 0x0000000709000000| PB 0x0000000709000000| Complete 
|  54|0x0000000709200000, 0x0000000709400000, 0x0000000709400000|100%|HC|  |TAMS 0x0000000709200000| PB 0x0000000709200000| Complete 
|  55|0x0000000709400000, 0x0000000709600000, 0x0000000709600000|100%|HC|  |TAMS 0x0000000709400000| PB 0x0000000709400000| Complete 
|  56|0x0000000709600000, 0x0000000709800000, 0x0000000709800000|100%|HS|  |TAMS 0x0000000709600000| PB 0x0000000709600000| Complete 
|  57|0x0000000709800000, 0x0000000709a00000, 0x0000000709a00000|100%|HC|  |TAMS 0x0000000709800000| PB 0x0000000709800000| Complete 
|  58|0x0000000709a00000, 0x0000000709c00000, 0x0000000709c00000|100%|HC|  |TAMS 0x0000000709a00000| PB 0x0000000709a00000| Complete 
|  59|0x0000000709c00000, 0x0000000709e00000, 0x0000000709e00000|100%|HS|  |TAMS 0x0000000709c00000| PB 0x0000000709c00000| Complete 
|  60|0x0000000709e00000, 0x000000070a000000, 0x000000070a000000|100%|HC|  |TAMS 0x0000000709e00000| PB 0x0000000709e00000| Complete 
|  61|0x000000070a000000, 0x000000070a200000, 0x000000070a200000|100%|HC|  |TAMS 0x000000070a000000| PB 0x000000070a000000| Complete 
|  62|0x000000070a200000, 0x000000070a400000, 0x000000070a400000|100%|HS|  |TAMS 0x000000070a200000| PB 0x000000070a200000| Complete 
|  63|0x000000070a400000, 0x000000070a600000, 0x000000070a600000|100%|HC|  |TAMS 0x000000070a400000| PB 0x000000070a400000| Complete 
|  64|0x000000070a600000, 0x000000070a800000, 0x000000070a800000|100%|HC|  |TAMS 0x000000070a600000| PB 0x000000070a600000| Complete 
|  65|0x000000070a800000, 0x000000070aa00000, 0x000000070aa00000|100%|HS|  |TAMS 0x000000070a800000| PB 0x000000070a800000| Complete 
|  66|0x000000070aa00000, 0x000000070ac00000, 0x000000070ac00000|100%|HC|  |TAMS 0x000000070aa00000| PB 0x000000070aa00000| Complete 
|  67|0x000000070ac00000, 0x000000070ae00000, 0x000000070ae00000|100%|HC|  |TAMS 0x000000070ac00000| PB 0x000000070ac00000| Complete 
|  68|0x000000070ae00000, 0x000000070b000000, 0x000000070b000000|100%|HS|  |TAMS 0x000000070ae00000| PB 0x000000070ae00000| Complete 
|  69|0x000000070b000000, 0x000000070b200000, 0x000000070b200000|100%|HC|  |TAMS 0x000000070b000000| PB 0x000000070b000000| Complete 
|  70|0x000000070b200000, 0x000000070b400000, 0x000000070b400000|100%|HC|  |TAMS 0x000000070b200000| PB 0x000000070b200000| Complete 
|  71|0x000000070b400000, 0x000000070b600000, 0x000000070b600000|100%|HS|  |TAMS 0x000000070b400000| PB 0x000000070b400000| Complete 
|  72|0x000000070b600000, 0x000000070b800000, 0x000000070b800000|100%|HC|  |TAMS 0x000000070b600000| PB 0x000000070b600000| Complete 
|  73|0x000000070b800000, 0x000000070ba00000, 0x000000070ba00000|100%|HC|  |TAMS 0x000000070b800000| PB 0x000000070b800000| Complete 
|  74|0x000000070ba00000, 0x000000070bc00000, 0x000000070bc00000|100%|HS|  |TAMS 0x000000070ba00000| PB 0x000000070ba00000| Complete 
|  75|0x000000070bc00000, 0x000000070be00000, 0x000000070be00000|100%|HC|  |TAMS 0x000000070bc00000| PB 0x000000070bc00000| Complete 
|  76|0x000000070be00000, 0x000000070c000000, 0x000000070c000000|100%|HC|  |TAMS 0x000000070be00000| PB 0x000000070be00000| Complete 
|  91|0x000000070dc00000, 0x000000070de00000, 0x000000070de00000|100%| E|CS|TAMS 0x000000070dc00000| PB 0x000000070dc00000| Complete 
|  92|0x000000070de00000, 0x000000070e000000, 0x000000070e000000|100%| E|CS|TAMS 0x000000070de00000| PB 0x000000070de00000| Complete 
|  93|0x000000070e000000, 0x000000070e200000, 0x000000070e200000|100%| E|CS|TAMS 0x000000070e000000| PB 0x000000070e000000| Complete 
|  94|0x000000070e200000, 0x000000070e400000, 0x000000070e400000|100%| E|CS|TAMS 0x000000070e200000| PB 0x000000070e200000| Complete 
| 126|0x0000000712200000, 0x0000000712400000, 0x0000000712400000|100%| E|CS|TAMS 0x0000000712200000| PB 0x0000000712200000| Complete 

Card table byte_map: [0x00000215d1b50000,0x00000215d2340000] _byte_map_base: 0x00000215ce33d000

Marking Bits: (CMBitMap*) 0x00000215c3ebf530
 Bits: [0x00000215d2340000, 0x00000215d62a8000)

Polling page: 0x00000215c3f10000

Metaspace:

Usage:
  Non-class:     73.47 MB used.
      Class:     12.10 MB used.
       Both:     85.57 MB used.

Virtual space:
  Non-class space:      128.00 MB reserved,      73.94 MB ( 58%) committed,  2 nodes.
      Class space:        1.00 GB reserved,      12.50 MB (  1%) committed,  1 nodes.
             Both:        1.12 GB reserved,      86.44 MB (  8%) committed. 

Chunk freelists:
   Non-Class:  5.56 MB
       Class:  3.34 MB
        Both:  8.91 MB

MaxMetaspaceSize: unlimited
CompressedClassSpaceSize: 1.00 GB
Initial GC threshold: 21.00 MB
Current GC threshold: 134.38 MB
CDS: on
 - commit_granule_bytes: 65536.
 - commit_granule_words: 8192.
 - virtual_space_node_default_size: 8388608.
 - enlarge_chunks_in_place: 1.
 - use_allocation_guard: 0.


Internal statistics:

num_allocs_failed_limit: 6.
num_arena_births: 1280.
num_arena_deaths: 0.
num_vsnodes_births: 3.
num_vsnodes_deaths: 0.
num_space_committed: 1383.
num_space_uncommitted: 0.
num_chunks_returned_to_freelist: 6.
num_chunks_taken_from_freelist: 4394.
num_chunk_merges: 6.
num_chunk_splits: 3227.
num_chunks_enlarged: 2540.
num_inconsistent_stats: 0.

CodeCache: size=49152Kb used=13752Kb max_used=14879Kb free=35399Kb
 bounds [0x00000215cda70000, 0x00000215ce900000, 0x00000215d0a70000]
 total_blobs=8565 nmethods=7776 adapters=712
 compilation: enabled
              stopped_count=0, restarted_count=0
 full_count=0

Compilation events (20 events):
Event: 105.161 Thread 0x00000215d8db4490 8437       1       io.netty.buffer.ByteBufUtil::writeAscii (31 bytes)
Event: 105.161 Thread 0x00000215d8db4490 nmethod 8437 0x00000215cdf6b110 code [0x00000215cdf6b2c0, 0x00000215cdf6b450]
Event: 105.164 Thread 0x00000215d8db4490 8438       1       io.netty.channel.DefaultMaxMessagesRecvByteBufAllocator$MaxMessageHandle::attemptedBytesRead (5 bytes)
Event: 105.165 Thread 0x00000215d8db4490 nmethod 8438 0x00000215cdf6ae10 code [0x00000215cdf6afa0, 0x00000215cdf6b068]
Event: 105.165 Thread 0x00000215d8db4490 8439       1       io.netty.handler.codec.http.websocketx.TextWebSocketFrame::touch (6 bytes)
Event: 105.165 Thread 0x00000215d8db4490 nmethod 8439 0x00000215cdf6aa90 code [0x00000215cdf6ac40, 0x00000215cdf6ad48]
Event: 105.165 Thread 0x00000215d8db4490 8440       1       io.netty.handler.codec.http.websocketx.TextWebSocketFrame::touch (8 bytes)
Event: 105.165 Thread 0x00000215d8db4490 nmethod 8440 0x00000215cdf6a710 code [0x00000215cdf6a8c0, 0x00000215cdf6a9c8]
Event: 105.189 Thread 0x00000215d8db4490 8441       1       com.fasterxml.jackson.core.JsonFactory$Feature::enabledIn (15 bytes)
Event: 105.189 Thread 0x00000215d8db4490 nmethod 8441 0x00000215cdf6a410 code [0x00000215cdf6a5a0, 0x00000215cdf6a688]
Event: 105.189 Thread 0x00000215d8db4490 8442       1       jdk.internal.misc.InternalLock::<init> (16 bytes)
Event: 105.189 Thread 0x00000215d8db4490 nmethod 8442 0x00000215cdf69f10 code [0x00000215cdf6a0c0, 0x00000215cdf6a318]
Event: 106.435 Thread 0x00000215d8db4490 8443       1       java.util.UUID::hashCode (13 bytes)
Event: 106.435 Thread 0x00000215d8db4490 nmethod 8443 0x00000215cdf69c10 code [0x00000215cdf69da0, 0x00000215cdf69e88]
Event: 106.489 Thread 0x00000215d8db4490 8444   !   1       sun.nio.ch.SocketChannelImpl::configureSocketNonBlockingIfVirtualThread (85 bytes)
Event: 106.489 Thread 0x00000215d8db4490 nmethod 8444 0x00000215cdf69510 code [0x00000215cdf696e0, 0x00000215cdf69a10]
Event: 106.489 Thread 0x00000215d8db4490 8445       1       org.hibernate.persister.entity.AbstractEntityPersister::getNumberOfFetchables (10 bytes)
Event: 106.490 Thread 0x00000215d8db4490 nmethod 8445 0x00000215cdf69190 code [0x00000215cdf69340, 0x00000215cdf69438]
Event: 106.490 Thread 0x00000215d8db4490 8446       1       org.hibernate.LockOptions::getFollowOnLocking (5 bytes)
Event: 106.490 Thread 0x00000215d8db4490 nmethod 8446 0x00000215cdf68c10 code [0x00000215cdf68da0, 0x00000215cdf68e70]

GC Heap History (20 events):
Event: 4.051 GC heap after
{Heap after GC invocations=11 (full 0):
 garbage-first heap   total 83968K, used 31865K [0x0000000702600000, 0x0000000800000000)
  region size 2048K, 1 young (2048K), 1 survivors (2048K)
 Metaspace       used 53030K, committed 53568K, reserved 1114112K
  class space    used 7224K, committed 7488K, reserved 1048576K
}
Event: 4.694 GC heap before
{Heap before GC invocations=12 (full 0):
 garbage-first heap   total 83968K, used 70777K [0x0000000702600000, 0x0000000800000000)
  region size 2048K, 20 young (40960K), 1 survivors (2048K)
 Metaspace       used 60898K, committed 61504K, reserved 1114112K
  class space    used 8616K, committed 8896K, reserved 1048576K
}
Event: 4.697 GC heap after
{Heap after GC invocations=13 (full 0):
 garbage-first heap   total 83968K, used 33402K [0x0000000702600000, 0x0000000800000000)
  region size 2048K, 2 young (4096K), 2 survivors (4096K)
 Metaspace       used 60898K, committed 61504K, reserved 1114112K
  class space    used 8616K, committed 8896K, reserved 1048576K
}
Event: 7.144 GC heap before
{Heap before GC invocations=13 (full 0):
 garbage-first heap   total 83968K, used 72314K [0x0000000702600000, 0x0000000800000000)
  region size 2048K, 21 young (43008K), 2 survivors (4096K)
 Metaspace       used 65253K, committed 65856K, reserved 1114112K
  class space    used 9212K, committed 9472K, reserved 1048576K
}
Event: 7.149 GC heap after
{Heap after GC invocations=14 (full 0):
 garbage-first heap   total 83968K, used 35768K [0x0000000702600000, 0x0000000800000000)
  region size 2048K, 3 young (6144K), 3 survivors (6144K)
 Metaspace       used 65253K, committed 65856K, reserved 1114112K
  class space    used 9212K, committed 9472K, reserved 1048576K
}
Event: 7.333 GC heap before
{Heap before GC invocations=14 (full 0):
 garbage-first heap   total 83968K, used 68536K [0x0000000702600000, 0x0000000800000000)
  region size 2048K, 19 young (38912K), 3 survivors (6144K)
 Metaspace       used 67060K, committed 67712K, reserved 1114112K
  class space    used 9458K, committed 9728K, reserved 1048576K
}
Event: 7.337 GC heap after
{Heap after GC invocations=15 (full 0):
 garbage-first heap   total 83968K, used 37349K [0x0000000702600000, 0x0000000800000000)
  region size 2048K, 3 young (6144K), 3 survivors (6144K)
 Metaspace       used 67060K, committed 67712K, reserved 1114112K
  class space    used 9458K, committed 9728K, reserved 1048576K
}
Event: 7.425 GC heap before
{Heap before GC invocations=15 (full 0):
 garbage-first heap   total 83968K, used 68069K [0x0000000702600000, 0x0000000800000000)
  region size 2048K, 18 young (36864K), 3 survivors (6144K)
 Metaspace       used 67242K, committed 67968K, reserved 1114112K
  class space    used 9473K, committed 9792K, reserved 1048576K
}
Event: 7.429 GC heap after
{Heap after GC invocations=16 (full 0):
 garbage-first heap   total 83968K, used 38356K [0x0000000702600000, 0x0000000800000000)
  region size 2048K, 2 young (4096K), 2 survivors (4096K)
 Metaspace       used 67242K, committed 67968K, reserved 1114112K
  class space    used 9473K, committed 9792K, reserved 1048576K
}
Event: 7.695 GC heap before
{Heap before GC invocations=17 (full 0):
 garbage-first heap   total 83968K, used 71124K [0x0000000702600000, 0x0000000800000000)
  region size 2048K, 18 young (36864K), 2 survivors (4096K)
 Metaspace       used 69730K, committed 70528K, reserved 1114112K
  class space    used 9874K, committed 10240K, reserved 1048576K
}
Event: 7.698 GC heap after
{Heap after GC invocations=18 (full 0):
 garbage-first heap   total 83968K, used 40225K [0x0000000702600000, 0x0000000800000000)
  region size 2048K, 3 young (6144K), 3 survivors (6144K)
 Metaspace       used 69730K, committed 70528K, reserved 1114112K
  class space    used 9874K, committed 10240K, reserved 1048576K
}
Event: 8.024 GC heap before
{Heap before GC invocations=18 (full 0):
 garbage-first heap   total 83968K, used 68897K [0x0000000702600000, 0x0000000800000000)
  region size 2048K, 17 young (34816K), 3 survivors (6144K)
 Metaspace       used 74282K, committed 75136K, reserved 1114112K
  class space    used 10507K, committed 10880K, reserved 1048576K
}
Event: 8.029 GC heap after
{Heap after GC invocations=19 (full 0):
 garbage-first heap   total 102400K, used 42326K [0x0000000702600000, 0x0000000800000000)
  region size 2048K, 3 young (6144K), 3 survivors (6144K)
 Metaspace       used 74282K, committed 75136K, reserved 1114112K
  class space    used 10507K, committed 10880K, reserved 1048576K
}
Event: 8.612 GC heap before
{Heap before GC invocations=19 (full 0):
 garbage-first heap   total 102400K, used 89430K [0x0000000702600000, 0x0000000800000000)
  region size 2048K, 24 young (49152K), 3 survivors (6144K)
 Metaspace       used 81086K, committed 81984K, reserved 1179648K
  class space    used 11382K, committed 11776K, reserved 1048576K
}
Event: 8.618 GC heap after
{Heap after GC invocations=20 (full 0):
 garbage-first heap   total 104448K, used 52429K [0x0000000702600000, 0x0000000800000000)
  region size 2048K, 4 young (8192K), 4 survivors (8192K)
 Metaspace       used 81086K, committed 81984K, reserved 1179648K
  class space    used 11382K, committed 11776K, reserved 1048576K
}
Event: 8.624 GC heap before
{Heap before GC invocations=20 (full 0):
 garbage-first heap   total 104448K, used 58573K [0x0000000702600000, 0x0000000800000000)
  region size 2048K, 5 young (10240K), 4 survivors (8192K)
 Metaspace       used 81259K, committed 82112K, reserved 1179648K
  class space    used 11398K, committed 11776K, reserved 1048576K
}
Event: 8.628 GC heap after
{Heap after GC invocations=21 (full 0):
 garbage-first heap   total 104448K, used 59336K [0x0000000702600000, 0x0000000800000000)
  region size 2048K, 1 young (2048K), 1 survivors (2048K)
 Metaspace       used 81259K, committed 82112K, reserved 1179648K
  class space    used 11398K, committed 11776K, reserved 1048576K
}
Event: 46.974 GC heap before
{Heap before GC invocations=22 (full 0):
 garbage-first heap   total 143360K, used 114632K [0x0000000702600000, 0x0000000800000000)
  region size 2048K, 17 young (34816K), 1 survivors (2048K)
 Metaspace       used 87019K, committed 87936K, reserved 1179648K
  class space    used 12308K, committed 12736K, reserved 1048576K
}
Event: 46.977 GC heap after
{Heap after GC invocations=23 (full 0):
 garbage-first heap   total 143360K, used 85519K [0x0000000702600000, 0x0000000800000000)
  region size 2048K, 2 young (4096K), 2 survivors (4096K)
 Metaspace       used 87019K, committed 87936K, reserved 1179648K
  class space    used 12308K, committed 12736K, reserved 1048576K
}
Event: 106.490 GC heap before
{Heap before GC invocations=23 (full 0):
 garbage-first heap   total 167936K, used 163343K [0x0000000702600000, 0x0000000800000000)
  region size 2048K, 11 young (22528K), 2 survivors (4096K)
 Metaspace       used 87619K, committed 88512K, reserved 1179648K
  class space    used 12389K, committed 12800K, reserved 1048576K
}

Dll operation events (10 events):
Event: 0.006 Loaded shared library C:\Program Files\Java\jdk-21\bin\java.dll
Event: 0.079 Loaded shared library C:\Program Files\Java\jdk-21\bin\net.dll
Event: 0.081 Loaded shared library C:\Program Files\Java\jdk-21\bin\nio.dll
Event: 0.084 Loaded shared library C:\Program Files\Java\jdk-21\bin\zip.dll
Event: 0.129 Loaded shared library C:\Program Files\Java\jdk-21\bin\jimage.dll
Event: 0.328 Loaded shared library C:\Program Files\Java\jdk-21\bin\management.dll
Event: 0.329 Loaded shared library C:\Program Files\Java\jdk-21\bin\management_ext.dll
Event: 2.259 Loaded shared library C:\Program Files\Java\jdk-21\bin\sunmscapi.dll
Event: 2.708 Loaded shared library C:\Program Files\Java\jdk-21\bin\verify.dll
Event: 2.908 Loaded shared library C:\Program Files\Java\jdk-21\bin\extnet.dll

Deoptimization events (14 events):
Event: 0.796 Thread 0x00000215dda37f50 DEOPT PACKING pc=0x00000215ce0405e1 sp=0x000000cdb89fd740
Event: 0.796 Thread 0x00000215dda37f50 DEOPT UNPACKING pc=0x00000215cdac4e42 sp=0x000000cdb89fcc20 mode 3
Event: 0.935 Thread 0x00000215dda37f50 DEOPT PACKING pc=0x00000215ce0c90dd sp=0x000000cdb89fd8d0
Event: 0.935 Thread 0x00000215dda37f50 DEOPT UNPACKING pc=0x00000215cdac4e42 sp=0x000000cdb89fcd78 mode 3
Event: 2.017 Thread 0x00000215dda37f50 DEOPT PACKING pc=0x00000215ce22c79c sp=0x000000cdb89fd220
Event: 2.017 Thread 0x00000215dda37f50 DEOPT UNPACKING pc=0x00000215cdac4e42 sp=0x000000cdb89fc6d8 mode 0
Event: 2.844 Thread 0x00000215dda37f50 DEOPT PACKING pc=0x00000215ce3996a5 sp=0x000000cdb89f65d0
Event: 2.844 Thread 0x00000215dda37f50 DEOPT UNPACKING pc=0x00000215cdac4e42 sp=0x000000cdb89f5b38 mode 3
Event: 6.971 Thread 0x00000215dda37f50 DEOPT PACKING pc=0x00000215ce066d54 sp=0x000000cdb89fb2a0
Event: 6.971 Thread 0x00000215dda37f50 DEOPT UNPACKING pc=0x00000215cdac4e42 sp=0x000000cdb89fa7f8 mode 0
Event: 7.138 Thread 0x00000215dda37f50 DEOPT PACKING pc=0x00000215ce070c59 sp=0x000000cdb89fccb0
Event: 7.138 Thread 0x00000215dda37f50 DEOPT UNPACKING pc=0x00000215cdac4e42 sp=0x000000cdb89fc1b8 mode 3
Event: 103.315 Thread 0x00000215e60e2230 DEOPT PACKING pc=0x00000215cdde2740 sp=0x000000cdbaefe3f0
Event: 103.315 Thread 0x00000215e60e2230 DEOPT UNPACKING pc=0x00000215cdac4e42 sp=0x000000cdbaefd9a0 mode 3

Classes loaded (20 events):
Event: 12.880 Loading class java/nio/channels/WritePendingException
Event: 12.880 Loading class java/nio/channels/WritePendingException done
Event: 12.882 Loading class java/util/concurrent/Semaphore
Event: 12.882 Loading class java/util/concurrent/Semaphore done
Event: 12.882 Loading class java/util/concurrent/Semaphore$NonfairSync
Event: 12.882 Loading class java/util/concurrent/Semaphore$Sync
Event: 12.882 Loading class java/util/concurrent/Semaphore$Sync done
Event: 12.882 Loading class java/util/concurrent/Semaphore$NonfairSync done
Event: 13.685 Loading class java/time/format/DateTimeFormatterBuilder$ZoneTextPrinterParser
Event: 13.685 Loading class java/time/format/DateTimeFormatterBuilder$ZoneTextPrinterParser done
Event: 13.686 Loading class java/time/format/DateTimeFormatterBuilder$ReducedPrinterParser
Event: 13.686 Loading class java/time/format/DateTimeFormatterBuilder$ReducedPrinterParser done
Event: 13.693 Loading class java/util/OptionalLong
Event: 13.693 Loading class java/util/OptionalLong done
Event: 13.693 Loading class java/util/OptionalDouble
Event: 13.694 Loading class java/util/OptionalDouble done
Event: 13.694 Loading class java/util/stream/LongStream
Event: 13.694 Loading class java/util/stream/LongStream done
Event: 13.694 Loading class java/util/stream/DoubleStream
Event: 13.695 Loading class java/util/stream/DoubleStream done

Classes unloaded (0 events):
No events

Classes redefined (0 events):
No events

Internal exceptions (20 events):
Event: 7.554 Thread 0x00000215dda37f50 Exception <a 'java/lang/NoSuchMethodError'{0x0000000706262db0}: 'java.lang.Object java.lang.invoke.DirectMethodHandle$Holder.invokeVirtual(java.lang.Object, java.lang.Object, java.lang.Object, java.lang.Object, java.lang.Object, java.lang.Object, java.lang.Object)'> (0x0000000706262db0) 
thrown [s\open\src\hotspot\share\interpreter\linkResolver.cpp, line 773]
Event: 7.565 Thread 0x00000215dda37f50 Exception <a 'java/lang/NoSuchMethodError'{0x000000070638a980}: 'void java.lang.invoke.DirectMethodHandle$Holder.invokeVirtual(java.lang.Object, java.lang.Object, java.lang.Object, java.lang.Object)'> (0x000000070638a980) 
thrown [s\open\src\hotspot\share\interpreter\linkResolver.cpp, line 773]
Event: 7.735 Thread 0x00000215dda37f50 Exception <a 'java/lang/IncompatibleClassChangeError'{0x000000070e0a5448}: Found class java.lang.Object, but interface was expected> (0x000000070e0a5448) 
thrown [s\open\src\hotspot\share\interpreter\linkResolver.cpp, line 840]
Event: 7.806 Thread 0x00000215dda37f50 Exception <a 'java/lang/NoSuchMethodError'{0x0000000706c07388}: 'void java.lang.invoke.DirectMethodHandle$Holder.invokeVirtual(java.lang.Object, java.lang.Object, long)'> (0x0000000706c07388) 
thrown [s\open\src\hotspot\share\interpreter\linkResolver.cpp, line 773]
Event: 7.850 Thread 0x00000215dda37f50 Exception <a 'java/lang/NoSuchMethodError'{0x0000000706b9bd88}: 'int java.lang.invoke.DirectMethodHandle$Holder.invokeStaticInit(java.lang.Object, java.lang.Object, java.lang.Object, java.lang.Object)'> (0x0000000706b9bd88) 
thrown [s\open\src\hotspot\share\interpreter\linkResolver.cpp, line 773]
Event: 7.882 Thread 0x00000215dda37f50 Exception <a 'java/lang/NoSuchMethodError'{0x00000007069d4460}: 'java.lang.Object java.lang.invoke.DirectMethodHandle$Holder.invokeVirtual(java.lang.Object, java.lang.Object, java.lang.Object, java.lang.Object, java.lang.Object, java.lang.Object, java.lang.Object, java.lang.Object, java.lang.Object, java.lang.Object)'> (0x00000007069d4460) 
thrown [s\open\src\hotspot\share\interpreter\linkResolver.cpp, line 773]
Event: 7.896 Thread 0x00000215dda37f50 Exception <a 'java/lang/NoSuchMethodError'{0x0000000706716e20}: 'java.lang.Object java.lang.invoke.DirectMethodHandle$Holder.invokeVirtual(java.lang.Object, java.lang.Object, java.lang.Object, java.lang.Object, java.lang.Object, java.lang.Object, java.lang.Object, java.lang.Object, java.lang.Object)'> (0x0000000706716e20) 
thrown [s\open\src\hotspot\share\interpreter\linkResolver.cpp, line 773]
Event: 7.985 Thread 0x00000215dda37f50 Exception <a 'java/lang/NoSuchMethodError'{0x0000000705e157f8}: 'java.lang.Object java.lang.invoke.DirectMethodHandle$Holder.invokeStaticInit(java.lang.Object, long)'> (0x0000000705e157f8) 
thrown [s\open\src\hotspot\share\interpreter\linkResolver.cpp, line 773]
Event: 8.223 Thread 0x00000215dda37f50 Exception <a 'java/lang/NoSuchMethodError'{0x000000070783e700}: 'java.lang.Object java.lang.invoke.DirectMethodHandle$Holder.newInvokeSpecial(java.lang.Object, java.lang.Object, int, java.lang.Object, java.lang.Object)'> (0x000000070783e700) 
thrown [s\open\src\hotspot\share\interpreter\linkResolver.cpp, line 773]
Event: 8.223 Thread 0x00000215dda37f50 Exception <a 'java/lang/NoSuchMethodError'{0x00000007078491d0}: 'java.lang.Object java.lang.invoke.DirectMethodHandle$Holder.invokeSpecial(java.lang.Object, java.lang.Object, int, java.lang.Object, int, java.lang.Object)'> (0x00000007078491d0) 
thrown [s\open\src\hotspot\share\interpreter\linkResolver.cpp, line 773]
Event: 8.224 Thread 0x00000215dda37f50 Exception <a 'java/lang/NoSuchMethodError'{0x00000007078505a0}: 'java.lang.Object java.lang.invoke.DirectMethodHandle$Holder.newInvokeSpecial(java.lang.Object, java.lang.Object, int, java.lang.Object, int)'> (0x00000007078505a0) 
thrown [s\open\src\hotspot\share\interpreter\linkResolver.cpp, line 773]
Event: 8.224 Thread 0x00000215dda37f50 Exception <a 'java/lang/NoSuchMethodError'{0x0000000707854410}: 'java.lang.Object java.lang.invoke.DirectMethodHandle$Holder.invokeSpecial(java.lang.Object, java.lang.Object, java.lang.Object, int, java.lang.Object, int)'> (0x0000000707854410) 
thrown [s\open\src\hotspot\share\interpreter\linkResolver.cpp, line 773]
Event: 8.335 Thread 0x00000215dda37f50 Exception <a 'java/lang/NoSuchMethodError'{0x0000000706d87080}: 'long java.lang.invoke.DelegatingMethodHandle$Holder.reinvoke_L(java.lang.Object, java.lang.Object)'> (0x0000000706d87080) 
thrown [s\open\src\hotspot\share\interpreter\linkResolver.cpp, line 773]
Event: 8.684 Thread 0x00000215e0e19e50 Exception <a 'java/lang/NoSuchMethodError'{0x000000070df4fec8}: 'java.lang.Object java.lang.invoke.DirectMethodHandle$Holder.invokeInterface(java.lang.Object, java.lang.Object, int)'> (0x000000070df4fec8) 
thrown [s\open\src\hotspot\share\interpreter\linkResolver.cpp, line 773]
Event: 8.684 Thread 0x00000215e0e176f0 Exception <a 'java/lang/NoSuchMethodError'{0x000000070df6b1b8}: 'java.lang.Object java.lang.invoke.DirectMethodHandle$Holder.invokeInterface(java.lang.Object, java.lang.Object, int)'> (0x000000070df6b1b8) 
thrown [s\open\src\hotspot\share\interpreter\linkResolver.cpp, line 773]
Event: 8.714 Thread 0x00000215e0e19e50 Exception <a 'java/lang/NoSuchMethodError'{0x000000070dde5620}: 'void java.lang.invoke.DirectMethodHandle$Holder.invokeSpecialIFC(java.lang.Object, java.lang.Object, int, java.lang.Object, java.lang.Object, java.lang.Object, java.lang.Object)'> (0x000000070dde5620) 
thrown [s\open\src\hotspot\share\interpreter\linkResolver.cpp, line 773]
Event: 8.714 Thread 0x00000215e0e176f0 Exception <a 'java/lang/NoSuchMethodError'{0x000000070ddf0328}: 'void java.lang.invoke.DirectMethodHandle$Holder.invokeSpecialIFC(java.lang.Object, java.lang.Object, int, java.lang.Object, java.lang.Object, java.lang.Object, java.lang.Object)'> (0x000000070ddf0328) 
thrown [s\open\src\hotspot\share\interpreter\linkResolver.cpp, line 773]
Event: 12.903 Thread 0x00000215e0140060 Exception <a 'java/lang/NoSuchMethodError'{0x0000000709ead298}: 'java.lang.Object java.lang.invoke.DirectMethodHandle$Holder.invokeSpecial(java.lang.Object, java.lang.Object, java.lang.Object, java.lang.Object, java.lang.Object, long)'> (0x0000000709ead298) 
thrown [s\open\src\hotspot\share\interpreter\linkResolver.cpp, line 773]
Event: 12.904 Thread 0x00000215e0140060 Exception <a 'java/lang/NoSuchMethodError'{0x0000000709eb0a58}: 'java.lang.Object java.lang.invoke.Invokers$Holder.linkToTargetMethod(java.lang.Object, java.lang.Object, java.lang.Object, long, java.lang.Object)'> (0x0000000709eb0a58) 
thrown [s\open\src\hotspot\share\interpreter\linkResolver.cpp, line 773]
Event: 13.288 Thread 0x00000215e0e1d2d0 Exception <a 'java/lang/NoSuchMethodError'{0x000000070975acc8}: 'int java.lang.invoke.DirectMethodHandle$Holder.invokeStatic(java.lang.Object, java.lang.Object, int, int)'> (0x000000070975acc8) 
thrown [s\open\src\hotspot\share\interpreter\linkResolver.cpp, line 773]

ZGC Phase Switch (0 events):
No events

VM Operations (20 events):
Event: 60.125 Executing VM operation: HandshakeAllThreads (HandshakeForDeflation) done
Event: 60.125 Executing VM operation: RendezvousGCThreads
Event: 60.125 Executing VM operation: RendezvousGCThreads done
Event: 74.276 Executing VM operation: Cleanup
Event: 74.276 Executing VM operation: Cleanup done
Event: 84.372 Executing VM operation: Cleanup
Event: 84.372 Executing VM operation: Cleanup done
Event: 86.392 Executing VM operation: Cleanup
Event: 86.392 Executing VM operation: Cleanup done
Event: 89.432 Executing VM operation: Cleanup
Event: 89.433 Executing VM operation: Cleanup done
Event: 99.526 Executing VM operation: Cleanup
Event: 99.526 Executing VM operation: Cleanup done
Event: 101.551 Executing VM operation: Cleanup
Event: 101.551 Executing VM operation: Cleanup done
Event: 103.563 Executing VM operation: Cleanup
Event: 103.563 Executing VM operation: Cleanup done
Event: 105.581 Executing VM operation: Cleanup
Event: 105.581 Executing VM operation: Cleanup done
Event: 106.490 Executing VM operation: G1CollectForAllocation (G1 Evacuation Pause)

Events (20 events):
Event: 17.173 Thread 0x00000215dd115ec0 Thread exited: 0x00000215dd115ec0
Event: 18.153 Thread 0x00000215dd0828d0 Thread exited: 0x00000215dd0828d0
Event: 31.182 Thread 0x00000215e60e4990 Thread added: 0x00000215e60e4990
Event: 85.989 Thread 0x00000215e60e1ba0 Thread added: 0x00000215e60e1ba0
Event: 86.121 Thread 0x00000215e60e3c70 Thread added: 0x00000215e60e3c70
Event: 86.123 Thread 0x00000215e60e5020 Thread added: 0x00000215e60e5020
Event: 86.125 Thread 0x00000215e60e35e0 Thread added: 0x00000215e60e35e0
Event: 88.689 Thread 0x00000215e60dedb0 Thread added: 0x00000215e60dedb0
Event: 88.744 Thread 0x00000215e0fb2ae0 Thread added: 0x00000215e0fb2ae0
Event: 88.744 Thread 0x00000215e0d8b0b0 Thread added: 0x00000215e0d8b0b0
Event: 88.744 Thread 0x00000215de036200 Thread added: 0x00000215de036200
Event: 88.844 Thread 0x00000215e60e2230 Thread added: 0x00000215e60e2230
Event: 88.845 Thread 0x00000215e60de090 Thread added: 0x00000215e60de090
Event: 88.851 Thread 0x00000215e60e4300 Thread added: 0x00000215e60e4300
Event: 88.877 Thread 0x00000215e60de720 Thread added: 0x00000215e60de720
Event: 99.106 Thread 0x00000215de036200 Thread exited: 0x00000215de036200
Event: 100.945 Thread 0x00000215e0d8b0b0 Thread exited: 0x00000215e0d8b0b0
Event: 102.941 Thread 0x00000215e0fb2ae0 Thread exited: 0x00000215e0fb2ae0
Event: 103.042 Thread 0x00000215e0fb2ae0 Thread added: 0x00000215e0fb2ae0
Event: 104.836 Thread 0x00000215e0fb2ae0 Thread exited: 0x00000215e0fb2ae0


Dynamic libraries:
0x00007ff61f900000 - 0x00007ff61f910000 	C:\Program Files\Java\jdk-21\bin\java.exe
0x00007fffe7110000 - 0x00007fffe7327000 	C:\Windows\SYSTEM32\ntdll.dll
0x00007fffe5bf0000 - 0x00007fffe5cb4000 	C:\Windows\System32\KERNEL32.DLL
0x00007fffe4570000 - 0x00007fffe4916000 	C:\Windows\System32\KERNELBASE.dll
0x00007fffe4450000 - 0x00007fffe4561000 	C:\Windows\System32\ucrtbase.dll
0x00007fffccf30000 - 0x00007fffccf4b000 	C:\Program Files\Java\jdk-21\bin\VCRUNTIME140.dll
0x00007fffdfc60000 - 0x00007fffdfc79000 	C:\Program Files\Java\jdk-21\bin\jli.dll
0x00007fffe6790000 - 0x00007fffe6843000 	C:\Windows\System32\ADVAPI32.dll
0x00007fffe5e00000 - 0x00007fffe5ea7000 	C:\Windows\System32\msvcrt.dll
0x00007fffe5730000 - 0x00007fffe57d8000 	C:\Windows\System32\sechost.dll
0x00007fffe4a10000 - 0x00007fffe4a38000 	C:\Windows\System32\bcrypt.dll
0x00007fffe54a0000 - 0x00007fffe55b7000 	C:\Windows\System32\RPCRT4.dll
0x00007fffe52f0000 - 0x00007fffe549e000 	C:\Windows\System32\USER32.dll
0x00007fffe4bb0000 - 0x00007fffe4bd6000 	C:\Windows\System32\win32u.dll
0x00007fffbd720000 - 0x00007fffbd9b3000 	C:\Windows\WinSxS\amd64_microsoft.windows.common-controls_6595b64144ccf1df_6.0.22621.2506_none_270c5ae97388e100\COMCTL32.dll
0x00007fffe5700000 - 0x00007fffe5729000 	C:\Windows\System32\GDI32.dll
0x00007fffe4be0000 - 0x00007fffe4cf8000 	C:\Windows\System32\gdi32full.dll
0x00007fffe4dc0000 - 0x00007fffe4e5a000 	C:\Windows\System32\msvcp_win.dll
0x00007fffdddd0000 - 0x00007fffdddda000 	C:\Windows\SYSTEM32\VERSION.dll
0x00007fffe6bc0000 - 0x00007fffe6bf1000 	C:\Windows\System32\IMM32.DLL
0x00007fffdfc50000 - 0x00007fffdfc5c000 	C:\Program Files\Java\jdk-21\bin\vcruntime140_1.dll
0x00007fffb0e00000 - 0x00007fffb0e8e000 	C:\Program Files\Java\jdk-21\bin\msvcp140.dll
0x00007fff9acc0000 - 0x00007fff9b9d5000 	C:\Program Files\Java\jdk-21\bin\server\jvm.dll
0x00007fffe6710000 - 0x00007fffe6781000 	C:\Windows\System32\WS2_32.dll
0x00007fffe32a0000 - 0x00007fffe32ed000 	C:\Windows\SYSTEM32\POWRPROF.dll
0x00007fffcafd0000 - 0x00007fffcb004000 	C:\Windows\SYSTEM32\WINMM.dll
0x00007fffe3280000 - 0x00007fffe3293000 	C:\Windows\SYSTEM32\UMPDC.dll
0x00007fffe3540000 - 0x00007fffe3558000 	C:\Windows\SYSTEM32\kernel.appcore.dll
0x00007fffdfbf0000 - 0x00007fffdfbfa000 	C:\Program Files\Java\jdk-21\bin\jimage.dll
0x00007fffcdc60000 - 0x00007fffcde93000 	C:\Windows\SYSTEM32\DBGHELP.DLL
0x00007fffe57e0000 - 0x00007fffe5b69000 	C:\Windows\System32\combase.dll
0x00007fffe5d20000 - 0x00007fffe5df7000 	C:\Windows\System32\OLEAUT32.dll
0x00007fffcefc0000 - 0x00007fffceff2000 	C:\Windows\SYSTEM32\dbgcore.DLL
0x00007fffe4990000 - 0x00007fffe4a0a000 	C:\Windows\System32\bcryptPrimitives.dll
0x00007fffcc6e0000 - 0x00007fffcc6ff000 	C:\Program Files\Java\jdk-21\bin\java.dll
0x00007fffe5eb0000 - 0x00007fffe670b000 	C:\Windows\System32\SHELL32.dll
0x00007fffe2370000 - 0x00007fffe2c66000 	C:\Windows\SYSTEM32\windows.storage.dll
0x00007fffe2230000 - 0x00007fffe236e000 	C:\Windows\SYSTEM32\wintypes.dll
0x00007fffe55e0000 - 0x00007fffe56d3000 	C:\Windows\System32\SHCORE.dll
0x00007fffe6c50000 - 0x00007fffe6cae000 	C:\Windows\System32\shlwapi.dll
0x00007fffe4380000 - 0x00007fffe43a6000 	C:\Windows\SYSTEM32\profapi.dll
0x00007fffd6bd0000 - 0x00007fffd6be0000 	C:\Program Files\Java\jdk-21\bin\net.dll
0x00007fffde950000 - 0x00007fffdea87000 	C:\Windows\SYSTEM32\WINHTTP.dll
0x00007fffe39b0000 - 0x00007fffe3a19000 	C:\Windows\system32\mswsock.dll
0x00007fffc3410000 - 0x00007fffc3426000 	C:\Program Files\Java\jdk-21\bin\nio.dll
0x00007fffc3350000 - 0x00007fffc3368000 	C:\Program Files\Java\jdk-21\bin\zip.dll
0x00007fffccf20000 - 0x00007fffccf2a000 	C:\Program Files\Java\jdk-21\bin\management.dll
0x00007fffcc870000 - 0x00007fffcc87b000 	C:\Program Files\Java\jdk-21\bin\management_ext.dll
0x00007fffe6bb0000 - 0x00007fffe6bb8000 	C:\Windows\System32\PSAPI.DLL
0x00007fffe3d00000 - 0x00007fffe3d1b000 	C:\Windows\SYSTEM32\CRYPTSP.dll
0x00007fffe34a0000 - 0x00007fffe34d5000 	C:\Windows\system32\rsaenh.dll
0x00007fffe3a50000 - 0x00007fffe3a7c000 	C:\Windows\SYSTEM32\USERENV.dll
0x00007fffe3ce0000 - 0x00007fffe3cec000 	C:\Windows\SYSTEM32\CRYPTBASE.dll
0x00007fffe2f40000 - 0x00007fffe2f6d000 	C:\Windows\SYSTEM32\IPHLPAPI.DLL
0x00007fffe55d0000 - 0x00007fffe55d9000 	C:\Windows\System32\NSI.dll
0x00007fffcc6b0000 - 0x00007fffcc6be000 	C:\Program Files\Java\jdk-21\bin\sunmscapi.dll
0x00007fffe4a40000 - 0x00007fffe4ba6000 	C:\Windows\System32\CRYPT32.dll
0x00007fffe3df0000 - 0x00007fffe3e1e000 	C:\Windows\SYSTEM32\ncrypt.dll
0x00007fffe3db0000 - 0x00007fffe3de7000 	C:\Windows\SYSTEM32\NTASN1.dll
0x00007fffccfd0000 - 0x00007fffccfe0000 	C:\Program Files\Java\jdk-21\bin\verify.dll
0x00007fffe2fb0000 - 0x00007fffe30a9000 	C:\Windows\SYSTEM32\DNSAPI.dll
0x00007fffd9bf0000 - 0x00007fffd9bfa000 	C:\Windows\System32\rasadhlp.dll
0x00007fffdd320000 - 0x00007fffdd3a3000 	C:\Windows\System32\fwpuclnt.dll
0x00007fffc6a10000 - 0x00007fffc6a17000 	C:\Program Files\Java\jdk-21\bin\extnet.dll
0x00007fffc67c0000 - 0x00007fffc67c8000 	C:\Windows\system32\wshunix.dll

dbghelp: loaded successfully - version: 4.0.5 - missing functions: none
symbol engine: initialized successfully - sym options: 0x614 - pdb path: .;C:\Program Files\Java\jdk-21\bin;C:\Windows\SYSTEM32;C:\Windows\WinSxS\amd64_microsoft.windows.common-controls_6595b64144ccf1df_6.0.22621.2506_none_270c5ae97388e100;C:\Program Files\Java\jdk-21\bin\server

VM Arguments:
jvm_args: -XX:TieredStopAtLevel=1 
java_command: com.didan.social.SocialApplication
java_class_path (initial): D:\messi\Documents\CODE\social\target\classes;C:\Users\messi\.m2\repository\org\aspectj\aspectjweaver\1.9.21\aspectjweaver-1.9.21.jar;C:\Users\messi\.m2\repository\com\zaxxer\HikariCP\5.0.1\HikariCP-5.0.1.jar;C:\Users\messi\.m2\repository\org\springframework\spring-jdbc\6.0.15\spring-jdbc-6.0.15.jar;C:\Users\messi\.m2\repository\org\hibernate\orm\hibernate-core\6.2.17.Final\hibernate-core-6.2.17.Final.jar;C:\Users\messi\.m2\repository\jakarta\persistence\jakarta.persistence-api\3.1.0\jakarta.persistence-api-3.1.0.jar;C:\Users\messi\.m2\repository\jakarta\transaction\jakarta.transaction-api\2.0.1\jakarta.transaction-api-2.0.1.jar;C:\Users\messi\.m2\repository\org\jboss\logging\jboss-logging\3.5.3.Final\jboss-logging-3.5.3.Final.jar;C:\Users\messi\.m2\repository\org\hibernate\common\hibernate-commons-annotations\6.0.6.Final\hibernate-commons-annotations-6.0.6.Final.jar;C:\Users\messi\.m2\repository\io\smallrye\jandex\3.0.5\jandex-3.0.5.jar;C:\Users\messi\.m2\repository\com\fasterxml\classmate\1.5.1\classmate-1.5.1.jar;C:\Users\messi\.m2\repository\net\bytebuddy\byte-buddy\1.14.10\byte-buddy-1.14.10.jar;C:\Users\messi\.m2\repository\org\glassfish\jaxb\jaxb-runtime\4.0.4\jaxb-runtime-4.0.4.jar;C:\Users\messi\.m2\repository\org\glassfish\jaxb\jaxb-core\4.0.4\jaxb-core-4.0.4.jar;C:\Users\messi\.m2\repository\org\eclipse\angus\angus-activation\2.0.1\angus-activation-2.0.1.jar;C:\Users\messi\.m2\repository\org\glassfish\jaxb\txw2\4.0.4\txw2-4.0.4.jar;C:\Users\messi\.m2\repository\com\sun\istack\istack-commons-runtime\4.1.2\istack-commons-runtime-4.1.2.jar;C:\Users\messi\.m2\repository\jakarta\inject\jakarta.inject-api\2.0.1\jakarta.inject-api-2.0.1.jar;C:\Users\messi\.m2\repository\org\antlr\antlr4-runtime\4.10.1\antlr4-runtime-4.10.1.jar;C:\Users\messi\.m2\repository\org\springframework\data\spring-data-jpa\3.1.7\spring-data-jpa-3.1.7.jar;C:\Users\messi\.m2\repository\org\springframework\data\spring-data-commons\3.1.7\spring-data-commons-3.1.7.jar;C:\Users\messi\.m2\repository\org\springframework\spring-orm\6.0.15\spring-orm-6.0.15.jar;C:\Users\messi\.m2\repository\org\springframework\spring-context\6.0.15\spring-context-6.0.15.jar;C:\Users\messi\.m2\repository\org\springframework\spring-tx\6.0.15\spring-tx-6.0.15.jar;C:\Users\messi\.m2\repository\org\springframework\spring-beans\6.0.15\spring-beans-6.0.15.jar;C:\Users\messi\.m2\repository\jakarta\annotation\jakarta.annotation-api\2.1.1\jakarta.annotation-api-2.1.1.jar;C:\Users\messi\.m2\repository\org\springframework\spring-aspects\6.0.15\spring-aspects-6.0.15.jar;C:\Users\messi\.m2\repository\ch\qos\logback\logback-classic\1.4.14\logback-classic-1.4.14.jar;C:\Users\messi\.m2\repository\ch\qos\logback\logback-core\1.4.14\logback-core-1.4.14.jar;C:\Users\messi\.m2\repository\org\apache\logging\log4j\log4j-to-slf4j\2.20.0\log4j-to-slf4j-2.20.0.jar;C:\Users\messi\.m2\repository\org\slf4j\jul-to-slf4j\2.0.9\jul-to-slf4j-2.0.9.jar;C:\Users\messi\.m2\repository\org\yaml\snakeyaml\1.33\snakeyaml-1.33.jar;C:\Users\messi\.m2\repository\com\fasterxml\jackson\datatype\jackson-datatype-jdk8\2.15.3\jackson-datatype-jdk8-2.15.3.jar;C:\Users\messi\.m2\repository\com\fasterxml\jackson\datatype\jackson-datatype-jsr310\2.15.3\jackson-datatype-jsr310-2.15.3.jar;C:\Users\messi\.m2\repository\com\fasterxml\jackson\module\jackson-module-parameter-names\2.15.3\jackson-module-parameter-names-2.15.3.jar;C:\Users\messi\.m2\repository\org\apache\tomcat\embed\tomcat-embed-core\10.1.17\tomcat-embed-core-10.1.17.jar;C:\Users\messi\.m2\repository\org\apache\tomcat\embed\tomcat-embed-el\10.1.17\tomcat-embed-el-10.1.17.jar;C:\Users\messi\.m2\repository\org\apache\tomcat\embed\tomcat-embed-websocket\10.1.17\tomcat-embed-websocket-10.1.17.jar;C:\Users\messi\.m2\repository\org\springframework\spring-web\6.0.15\spring-web-6.0.15.jar;C:\Users\messi\.m2\repository\io\micrometer\micrometer-observation\1.11.7\micrometer-observation-1.11.7.jar;C:\Users\messi\.m2\repository\io\micrometer\micrometer-commons\1.11.7\micrometer-commons-1.11.7.jar;C:\Users\messi\.m2\repository\org\springframework\spring-webmvc\6.0.15\spring-webmvc-6.0.15.jar;C:\Users\messi\.m2\repository\org\springframework\spring-expression\6.0.15\spring-expression-6.0.15.jar;C:\Users\messi\.m2\repository\io\jsonwebtoken\jjwt-api\0.12.3\jjwt-api-0.12.3.jar;C:\Users\messi\.m2\repository\io\jsonwebtoken\jjwt-impl\0.12.3\jjwt-impl-0.12.3.jar;C:\Users\messi\.m2\repository\io\jsonwebtoken\jjwt-jackson\0.12.3\jjwt-jackson-0.12.3.jar;C:\Users\messi\.m2\repository\com\fasterxml\jackson\core\jackson-databind\2.15.3\jackson-databind-2.15.3.jar;C:\Users\messi\.m2\repository\org\springframework\spring-aop\6.0.15\spring-aop-6.0.15.jar;C:\Users\messi\.m2\repository\org\springframework\security\spring-security-config\6.1.6\spring-security-config-6.1.6.jar;C:\Users\messi\.m2\repository\org\springframework\security\spring-security-web\6.1.6\spring-security-web-6.1.6.jar;C:\Users\messi\.m2\repository\org\springframework\security\spring-security-core\6.1.6\spring-security-core-6.1.6.jar;C:\Users\messi\.m2\repository\org\springframework\security\spring-security-crypto\6.1.6\spring-security-crypto-6.1.6.jar;C:\Users\messi\.m2\repository\org\springframework\spring-core\6.0.15\spring-core-6.0.15.jar;C:\Users\messi\.m2\repository\org\springframework\spring-jcl\6.0.15\spring-jcl-6.0.15.jar;C:\Users\messi\.m2\repository\org\apache\tika\tika-core\2.9.1\tika-core-2.9.1.jar;C:\Users\messi\.m2\repository\org\slf4j\slf4j-api\2.0.9\slf4j-api-2.0.9.jar;C:\Users\messi\.m2\repository\commons-io\commons-io\2.14.0\commons-io-2.14.0.jar;C:\Users\messi\.m2\repository\com\sendgrid\sendgrid-java\4.10.1\sendgrid-java-4.10.1.jar;C:\Users\messi\.m2\repository\com\sendgrid\java-http-client\4.5.0\java-http-client-4.5.0.jar;C:\Users\messi\.m2\repository\org\apache\httpcomponents\httpcore\4.4.16\httpcore-4.4.16.jar;C:\Users\messi\.m2\repository\org\apache\httpcomponents\httpclient\4.5.13\httpclient-4.5.13.jar;C:\Users\messi\.m2\repository\commons-logging\commons-logging\1.2\commons-logging-1.2.jar;C:\Users\messi\.m2\repository\commons-codec\commons-codec\1.15\commons-codec-1.15.jar;C:\Users\messi\.m2\repository\com\fasterxml\jackson\core\jackson-core\2.15.3\jackson-core-2.15.3.jar;C:\Users\messi\.m2\repository\com\fasterxml\jackson\core\jackson-annotations\2.15.3\jackson-annotations-2.15.3.jar;C:\Users\messi\.m2\repository\org\bouncycastle\bcprov-jdk18on\1.76\bcprov-jdk18on-1.76.jar;C:\Users\messi\.m2\repository\com\mysql\mysql-connector-j\8.0.33\mysql-connector-j-8.0.33.jar;C:\Users\messi\.m2\repository\org\apache\logging\log4j\log4j-api\2.7\log4j-api-2.7.jar;C:\Users\messi\.m2\repository\org\apache\logging\log4j\log4j-core\2.7\log4j-core-2.7.jar;C:\Users\messi\.m2\repository\org\apache\logging\log4j\log4j-slf4j-impl\2.7\log4j-slf4j-impl-2.7.jar;C:\Users\messi\.m2\repository\org\springframework\data\spring-data-redis\3.1.7\spring-data-redis-3.1.7.jar;C:\Users\messi\.m2\repository\org\springframework\data\spring-data-keyvalue\3.1.7\spring-data-keyvalue-3.1.7.jar;C:\Users\messi\.m2\repository\org\springframework\spring-oxm\6.0.15\spring-oxm-6.0.15.jar;C:\Users\messi\.m2\repository\org\springframework\spring-context-support\6.0.15\spring-context-support-6.0.15.jar;C:\Users\messi\.m2\repository\io\lettuce\lettuce-core\6.3.1.RELEASE\lettuce-core-6.3.1.RELEASE.jar;C:\Users\messi\.m2\repository\io\netty\netty-common\4.1.104.Final\netty-common-4.1.104.Final.jar;C:\Users\messi\.m2\repository\io\netty\netty-handler\4.1.104.Final\netty-handler-4.1.104.Final.jar;C:\Users\messi\.m2\repository\io\netty\netty-resolver\4.1.104.Final\netty-resolver-4.1.104.Final.jar;C:\Users\messi\.m2\repository\io\netty\netty-transport-native-unix-common\4.1.104.Final\netty-transport-native-unix-common-4.1.104.Final.jar;C:\Users\messi\.m2\repository\io\netty\netty-transport\4.1.104.Final\netty-transport-4.1.104.Final.jar;C:\Users\messi\.m2\repository\io\projectreactor\reactor-core\3.5.13\reactor-core-3.5.13.jar;C:\Users\messi\.m2\repository\org\reactivestreams\reactive-streams\1.0.4\reactive-streams-1.0.4.jar;C:\Users\messi\.m2\repository\redis\clients\jedis\4.3.2\jedis-4.3.2.jar;C:\Users\messi\.m2\repository\org\apache\commons\commons-pool2\2.11.1\commons-pool2-2.11.1.jar;C:\Users\messi\.m2\repository\org\json\json\20220320\json-20220320.jar;C:\Users\messi\.m2\repository\com\google\code\gson\gson\2.10.1\gson-2.10.1.jar;C:\Users\messi\.m2\repository\org\springdoc\springdoc-openapi-starter-webmvc-ui\2.2.0\springdoc-openapi-starter-webmvc-ui-2.2.0.jar;C:\Users\messi\.m2\repository\org\springdoc\springdoc-openapi-starter-webmvc-api\2.2.0\springdoc-openapi-starter-webmvc-api-2.2.0.jar;C:\Users\messi\.m2\repository\org\springdoc\springdoc-openapi-starter-common\2.2.0\springdoc-openapi-starter-common-2.2.0.jar;C:\Users\messi\.m2\repository\io\swagger\core\v3\swagger-core-jakarta\2.2.15\swagger-core-jakarta-2.2.15.jar;C:\Users\messi\.m2\repository\org\apache\commons\commons-lang3\3.12.0\commons-lang3-3.12.0.jar;C:\Users\messi\.m2\repository\io\swagger\core\v3\swagger-annotations-jakarta\2.2.15\swagger-annotations-jakarta-2.2.15.jar;C:\Users\messi\.m2\repository\io\swagger\core\v3\swagger-models-jakarta\2.2.15\swagger-models-jakarta-2.2.15.jar;C:\Users\messi\.m2\repository\jakarta\validation\jakarta.validation-api\3.0.2\jakarta.validation-api-3.0.2.jar;C:\Users\messi\.m2\repository\com\fasterxml\jackson\dataformat\jackson-dataformat-yaml\2.15.3\jackson-dataformat-yaml-2.15.3.jar;C:\Users\messi\.m2\repository\org\webjars\swagger-ui\5.2.0\swagger-ui-5.2.0.jar;C:\Users\messi\.m2\repository\com\corundumstudio\socketio\netty-socketio\2.0.3\netty-socketio-2.0.3.jar;C:\Users\messi\.m2\repository\io\netty\netty-buffer\4.1.104.Final\netty-buffer-4.1.104.Final.jar;C:\Users\messi\.m2\repository\io\netty\netty-codec-http\4.1.104.Final\netty-codec-http-4.1.104.Final.jar;C:\Users\messi\.m2\repository\io\netty\netty-codec\4.1.104.Final\netty-codec-4.1.104.Final.jar;C:\Users\messi\.m2\repository\io\netty\netty-transport-native-epoll\4.1.104.Final\netty-transport-native-epoll-4.1.104.Final.jar;C:\Users\messi\.m2\repository\io\netty\netty-transport-classes-epoll\4.1.104.Final\netty-transport-classes-epoll-4.1.104.Final.jar;C:\Users\messi\.m2\repository\jakarta\xml\bind\jakarta.xml.bind-api\4.0.1\jakarta.xml.bind-api-4.0.1.jar;C:\Users\messi\.m2\repository\jakarta\activation\jakarta.activation-api\2.1.2\jakarta.activation-api-2.1.2.jar;C:\Users\messi\.m2\repository\org\springframework\boot\spring-boot-devtools\3.1.7\spring-boot-devtools-3.1.7.jar;C:\Users\messi\.m2\repository\org\springframework\boot\spring-boot\3.1.7\spring-boot-3.1.7.jar;C:\Users\messi\.m2\repository\org\springframework\boot\spring-boot-autoconfigure\3.1.7\spring-boot-autoconfigure-3.1.7.jar
Launcher Type: SUN_STANDARD

[Global flags]
     intx CICompilerCount                          = 4                                         {product} {ergonomic}
     uint ConcGCThreads                            = 2                                         {product} {ergonomic}
     uint G1ConcRefinementThreads                  = 8                                         {product} {ergonomic}
   size_t G1HeapRegionSize                         = 2097152                                   {product} {ergonomic}
    uintx GCDrainStackTargetSize                   = 64                                        {product} {ergonomic}
   size_t InitialHeapSize                          = 266338304                                 {product} {ergonomic}
   size_t MarkStackSize                            = 4194304                                   {product} {ergonomic}
   size_t MaxHeapSize                              = 4255121408                                {product} {ergonomic}
   size_t MaxNewSize                               = 2552233984                                {product} {ergonomic}
   size_t MinHeapDeltaBytes                        = 2097152                                   {product} {ergonomic}
   size_t MinHeapSize                              = 8388608                                   {product} {ergonomic}
    uintx NonNMethodCodeHeapSize                   = 4096                                   {pd product} {ergonomic}
    uintx NonProfiledCodeHeapSize                  = 0                                      {pd product} {ergonomic}
     bool ProfileInterpreter                       = false                                  {pd product} {command line}
    uintx ProfiledCodeHeapSize                     = 0                                      {pd product} {ergonomic}
   size_t SoftMaxHeapSize                          = 4255121408                             {manageable} {ergonomic}
     intx TieredStopAtLevel                        = 1                                         {product} {command line}
     bool UseCompressedOops                        = true                           {product lp64_product} {ergonomic}
     bool UseG1GC                                  = true                                      {product} {ergonomic}
     bool UseLargePagesIndividualAllocation        = false                                  {pd product} {ergonomic}

Logging:
Log output configuration:
 #0: stdout all=warning uptime,level,tags foldmultilines=false
 #1: stderr all=off uptime,level,tags foldmultilines=false

Environment Variables:
JAVA_HOME=C:\Program Files\Java\jdk-21
PATH=D:\Program Files (x86)\VMware\VMware Workstation\bin\;C:\Python311\Scripts\;C:\Python311\;C:\Windows\system32;C:\Windows;C:\Windows\System32\Wbem;C:\Windows\System32\WindowsPowerShell\v1.0\;C:\Windows\System32\OpenSSH\;C:\Program Files\nodejs\;C:\ProgramData\chocolatey\bin;C:\Program Files\Git\cmd;C:\MinGW\bin;C:\platform-tools;C:\Program Files\NVIDIA Corporation\NVIDIA NvDLISR;C:\Program Files (x86)\NVIDIA Corporation\PhysX\Common;C:\Program Files\dotnet\;D:\Program Files\MATLAB\R2023a\runtime\win64;D:\Program Files\MATLAB\R2023a\bin;C:\Program Files\Docker\Docker\resources\bin;C:\Program Files\MySQL\MySQL Server 8.0\bin;C:\Users\messi\AppData\Local\Microsoft\WindowsApps;C:\Users\messi\AppData\Roaming\npm;C:\Users\messi\AppData\Local\Programs\Microsoft VS Code\bin;C:\MinGW\bin;C:\platform-tools;C:\Program Files\Azure Data Studio\bin;C:\Program Files\Azure Data Studio\bin;C:\Program Files\Azure Data Studio\bin;D:\Program Files\JetBrains\IntelliJ IDEA 2021.1\bin;;C:\Users\messi\.dotnet\tools;D:\Program Files\JetBrains\IntelliJ IDEA 2021.1\plugins\maven\lib\maven3\bin;C:\Program Files\Java\jdk-21\bin;
USERNAME=messi
OS=Windows_NT
PROCESSOR_IDENTIFIER=Intel64 Family 6 Model 158 Stepping 13, GenuineIntel
TMP=C:\Users\messi\AppData\Local\Temp
TEMP=C:\Users\messi\AppData\Local\Temp




Periodic native trim disabled

---------------  S Y S T E M  ---------------

OS:
 Windows 11 , 64 bit Build 22621 (10.0.22621.3085)
OS uptime: 0 days 5:00 hours
Hyper-V role detected

CPU: total 8 (initial active 8) (4 cores per cpu, 2 threads per core) family 6 model 158 stepping 13 microcode 0xde, cx8, cmov, fxsr, ht, mmx, 3dnowpref, sse, sse2, sse3, ssse3, sse4.1, sse4.2, popcnt, lzcnt, tsc, tscinvbit, avx, avx2, aes, erms, clmul, bmi1, bmi2, adx, fma, vzeroupper, clflush, clflushopt, hv, rdtscp, f16c
Processor Information for all 8 processors :
  Max Mhz: 2401, Current Mhz: 2400, Mhz Limit: 2376

Memory: 4k page, system-wide physical 16224M (3927M free)
TotalPageFile size 16224M (AvailPageFile size 4M)
current process WorkingSet (physical memory assigned to process): 411M, peak: 411M
current process commit charge ("private bytes"): 468M, peak: 470M

vm_info: Java HotSpot(TM) 64-Bit Server VM (21.0.1+12-LTS-29) for windows-amd64 JRE (21.0.1+12-LTS-29), built on 2023-10-05T13:27:09Z by "mach5one" with MS VC++ 17.1 (VS2022)

END.
