#
# There is insufficient memory for the Java Runtime Environment to continue.
# Native memory allocation (malloc) failed to allocate 3619808 bytes for Chunk::new
# Possible reasons:
#   The system is out of physical RAM or swap space
#   The process is running with CompressedOops enabled, and the Java Heap may be blocking the growth of the native heap
# Possible solutions:
#   Reduce memory load on the system
#   Increase physical memory or swap space
#   Check if swap backing store is full
#   Decrease Java heap size (-Xmx/-Xms)
#   Decrease number of Java threads
#   Decrease Java thread stack sizes (-Xss)
#   Set larger code cache with -XX:ReservedCodeCacheSize=
#   JVM is running with Unscaled Compressed Oops mode in which the Java heap is
#     placed in the first 4GB address space. The Java Heap base address is the
#     maximum limit for the native heap growth. Please use -XX:HeapBaseMinAddress
#     to set the Java Heap base and to place the Java Heap above 4GB virtual address.
# This output file may be truncated or incomplete.
#
#  Out of Memory Error (arena.cpp:191), pid=15388, tid=18084
#
# JRE version: OpenJDK Runtime Environment Temurin-17.0.10+7 (17.0.10+7) (build 17.0.10+7)
# Java VM: OpenJDK 64-Bit Server VM Temurin-17.0.10+7 (17.0.10+7, mixed mode, tiered, compressed oops, compressed class ptrs, parallel gc, windows-amd64)
# No core dump will be written. Minidumps are not enabled by default on client versions of Windows
#

---------------  S U M M A R Y ------------

Command Line: --add-modules=ALL-SYSTEM --add-opens=java.base/java.util=ALL-UNNAMED --add-opens=java.base/java.lang=ALL-UNNAMED --add-opens=java.base/sun.nio.fs=ALL-UNNAMED -Declipse.application=org.eclipse.jdt.ls.core.id1 -Dosgi.bundles.defaultStartLevel=4 -Declipse.product=org.eclipse.jdt.ls.core.product -Djava.import.generatesMetadataFilesAtProjectRoot=false -DDetectVMInstallationsJob.disabled=true -Dfile.encoding=utf8 -XX:+UseParallelGC -XX:GCTimeRatio=4 -XX:AdaptiveSizePolicyWeight=90 -Dsun.zip.disableMemoryMapping=true -Xmx1G -Xms100m -Xlog:disable -javaagent:c:\Users\messi\.vscode\extensions\redhat.java-1.28.1-win32-x64\lombok\lombok-1.18.31.jar -XX:+HeapDumpOnOutOfMemoryError -XX:HeapDumpPath=c:\Users\messi\AppData\Roaming\Code\User\workspaceStorage\6a500c28aa25334788721326625da2af\redhat.java -Daether.dependencyCollector.impl=bf c:\Users\messi\.vscode\extensions\redhat.java-1.28.1-win32-x64\server\plugins\org.eclipse.equinox.launcher_1.6.700.v20231214-2017.jar -configuration c:\Users\messi\AppData\Roaming\Code\User\globalStorage\redhat.java\1.28.1\config_win -data c:\Users\messi\AppData\Roaming\Code\User\workspaceStorage\6a500c28aa25334788721326625da2af\redhat.java\jdt_ws --stdio

Host: Intel(R) Core(TM) i5-9300H CPU @ 2.40GHz, 8 cores, 15G,  Windows 11 , 64 bit Build 22621 (10.0.22621.3085)
Time: Sat Feb 17 01:25:46 2024 SE Asia Standard Time elapsed time: 18.761638 seconds (0d 0h 0m 18s)

---------------  T H R E A D  ---------------

Current thread (0x00000180716db950):  JavaThread "C2 CompilerThread0" daemon [_thread_in_native, id=18084, stack(0x0000001712800000,0x0000001712900000)]


Current CompileTask:
C2:  18761 14002       4       org.eclipse.jdt.internal.compiler.lookup.BinaryTypeBinding::createMethod (1717 bytes)

Stack: [0x0000001712800000,0x0000001712900000]
Native frames: (J=compiled Java code, j=interpreted, Vv=VM code, C=native code)
V  [jvm.dll+0x67d2c9]
V  [jvm.dll+0x834afa]
V  [jvm.dll+0x8365be]
V  [jvm.dll+0x836c23]
V  [jvm.dll+0x2477ff]
V  [jvm.dll+0xac514]
V  [jvm.dll+0xacb5c]
V  [jvm.dll+0x3667d7]
V  [jvm.dll+0x1bcf72]
V  [jvm.dll+0x21a049]
V  [jvm.dll+0x219311]
V  [jvm.dll+0x1a502d]
V  [jvm.dll+0x2290de]
V  [jvm.dll+0x2272ac]
V  [jvm.dll+0x7e9bb7]
V  [jvm.dll+0x7e3fba]
V  [jvm.dll+0x67c1b5]
C  [ucrtbase.dll+0x29363]
C  [KERNEL32.DLL+0x1257d]
C  [ntdll.dll+0x5aa58]


---------------  P R O C E S S  ---------------

Threads class SMR info:
_java_thread_list=0x0000018075079770, length=35, elements={
0x00000180587c1c60, 0x000001806c640020, 0x000001806c640af0, 0x000001806c64ae80,
0x000001806c64b850, 0x000001806c64dad0, 0x00000180716d7000, 0x00000180716db950,
0x00000180716deac0, 0x00000180716e1b80, 0x00000180588213f0, 0x00000180719d0f00,
0x0000018072f1fff0, 0x0000018073715fe0, 0x00000180738cd5d0, 0x00000180736e24b0,
0x0000018073425bb0, 0x0000018073753e10, 0x00000180737533f0, 0x0000018073751fb0,
0x0000018073751080, 0x0000018073751aa0, 0x00000180737529d0, 0x0000018073752ee0,
0x0000018073753900, 0x0000018073754320, 0x0000018075f40590, 0x0000018075f3c8d0,
0x0000018075f3d2f0, 0x0000018075f3beb0, 0x0000018075f3e730, 0x0000018075f41ee0,
0x0000018075f3c3c0, 0x0000018079e32340, 0x0000018079e31350
}

Java Threads: ( => current thread )
  0x00000180587c1c60 JavaThread "main" [_thread_blocked, id=11604, stack(0x0000001711f00000,0x0000001712000000)]
  0x000001806c640020 JavaThread "Reference Handler" daemon [_thread_blocked, id=11228, stack(0x0000001712200000,0x0000001712300000)]
  0x000001806c640af0 JavaThread "Finalizer" daemon [_thread_blocked, id=7520, stack(0x0000001712300000,0x0000001712400000)]
  0x000001806c64ae80 JavaThread "Signal Dispatcher" daemon [_thread_blocked, id=17352, stack(0x0000001712400000,0x0000001712500000)]
  0x000001806c64b850 JavaThread "Attach Listener" daemon [_thread_blocked, id=8236, stack(0x0000001712500000,0x0000001712600000)]
  0x000001806c64dad0 JavaThread "Service Thread" daemon [_thread_blocked, id=8856, stack(0x0000001712600000,0x0000001712700000)]
  0x00000180716d7000 JavaThread "Monitor Deflation Thread" daemon [_thread_blocked, id=5424, stack(0x0000001712700000,0x0000001712800000)]
=>0x00000180716db950 JavaThread "C2 CompilerThread0" daemon [_thread_in_native, id=18084, stack(0x0000001712800000,0x0000001712900000)]
  0x00000180716deac0 JavaThread "C1 CompilerThread0" daemon [_thread_blocked, id=15348, stack(0x0000001712900000,0x0000001712a00000)]
  0x00000180716e1b80 JavaThread "Sweeper thread" daemon [_thread_blocked, id=7548, stack(0x0000001712a00000,0x0000001712b00000)]
  0x00000180588213f0 JavaThread "Common-Cleaner" daemon [_thread_blocked, id=14848, stack(0x0000001712b00000,0x0000001712c00000)]
  0x00000180719d0f00 JavaThread "Notification Thread" daemon [_thread_blocked, id=17300, stack(0x0000001712c00000,0x0000001712d00000)]
  0x0000018072f1fff0 JavaThread "Active Thread: Equinox Container: 0812f52e-2088-4732-9a35-e934a95e19dd" [_thread_blocked, id=15876, stack(0x0000001713600000,0x0000001713700000)]
  0x0000018073715fe0 JavaThread "Framework Event Dispatcher: Equinox Container: 0812f52e-2088-4732-9a35-e934a95e19dd" daemon [_thread_blocked, id=14452, stack(0x0000001713700000,0x0000001713800000)]
  0x00000180738cd5d0 JavaThread "Start Level: Equinox Container: 0812f52e-2088-4732-9a35-e934a95e19dd" daemon [_thread_blocked, id=16276, stack(0x0000001713800000,0x0000001713900000)]
  0x00000180736e24b0 JavaThread "Bundle File Closer" daemon [_thread_blocked, id=15512, stack(0x0000001713a00000,0x0000001713b00000)]
  0x0000018073425bb0 JavaThread "SCR Component Actor" daemon [_thread_blocked, id=17020, stack(0x0000001713b00000,0x0000001713c00000)]
  0x0000018073753e10 JavaThread "Worker-JM" [_thread_blocked, id=6400, stack(0x0000001713d00000,0x0000001713e00000)]
  0x00000180737533f0 JavaThread "Worker-0: Java indexing... " [_thread_blocked, id=10904, stack(0x0000001713e00000,0x0000001713f00000)]
  0x0000018073751fb0 JavaThread "Worker-1" [_thread_blocked, id=10888, stack(0x0000001713f00000,0x0000001714000000)]
  0x0000018073751080 JavaThread "Java indexing" daemon [_thread_in_native, id=17820, stack(0x0000001714000000,0x0000001714100000)]
  0x0000018073751aa0 JavaThread "JNA Cleaner" daemon [_thread_blocked, id=15232, stack(0x0000001714100000,0x0000001714200000)]
  0x00000180737529d0 JavaThread "pool-2-thread-1" [_thread_blocked, id=9876, stack(0x0000001714400000,0x0000001714500000)]
  0x0000018073752ee0 JavaThread "WorkspaceEventsHandler" [_thread_blocked, id=9240, stack(0x0000001714500000,0x0000001714600000)]
  0x0000018073753900 JavaThread "pool-1-thread-1" [_thread_in_native, id=7204, stack(0x0000001714600000,0x0000001714700000)]
  0x0000018073754320 JavaThread "Worker-2: Building" [_thread_in_native, id=10880, stack(0x0000001714700000,0x0000001714800000)]
  0x0000018075f40590 JavaThread "Worker-3: Initialize workspace" [_thread_blocked, id=13336, stack(0x0000001714800000,0x0000001714900000)]
  0x0000018075f3c8d0 JavaThread "ForkJoinPool.commonPool-worker-1" daemon [_thread_blocked, id=17684, stack(0x0000001714900000,0x0000001714a00000)]
  0x0000018075f3d2f0 JavaThread "ForkJoinPool.commonPool-worker-2" daemon [_thread_blocked, id=15060, stack(0x0000001714a00000,0x0000001714b00000)]
  0x0000018075f3beb0 JavaThread "ForkJoinPool.commonPool-worker-3" daemon [_thread_blocked, id=17168, stack(0x0000001714b00000,0x0000001714c00000)]
  0x0000018075f3e730 JavaThread "ForkJoinPool.commonPool-worker-4" daemon [_thread_blocked, id=644, stack(0x0000001714c00000,0x0000001714d00000)]
  0x0000018075f41ee0 JavaThread "Worker-4: Register Watchers" [_thread_blocked, id=11544, stack(0x0000001714d00000,0x0000001714e00000)]
  0x0000018075f3c3c0 JavaThread "Worker-5: Updating workspace" [_thread_in_Java, id=10728, stack(0x0000001714e00000,0x0000001714f00000)]
  0x0000018079e32340 JavaThread "C2 CompilerThread1" daemon [_thread_in_native, id=9784, stack(0x0000001712e00000,0x0000001712f00000)]
  0x0000018079e31350 JavaThread "C2 CompilerThread2" daemon [_thread_in_native, id=17312, stack(0x0000001712f00000,0x0000001713000000)]

Other Threads:
  0x000001805886ebe0 VMThread "VM Thread" [stack: 0x0000001712100000,0x0000001712200000] [id=17324]
  0x00000180728e7f50 WatcherThread [stack: 0x0000001712d00000,0x0000001712e00000] [id=8604]
  0x00000180587d5da0 GCTaskThread "GC Thread#0" [stack: 0x0000001712000000,0x0000001712100000] [id=18096]
  0x00000180729a1560 GCTaskThread "GC Thread#1" [stack: 0x0000001713000000,0x0000001713100000] [id=15940]
  0x0000018072b53460 GCTaskThread "GC Thread#2" [stack: 0x0000001713100000,0x0000001713200000] [id=8624]
  0x0000018072b53720 GCTaskThread "GC Thread#3" [stack: 0x0000001713200000,0x0000001713300000] [id=7708]
  0x0000018072b539e0 GCTaskThread "GC Thread#4" [stack: 0x0000001713300000,0x0000001713400000] [id=4844]
  0x0000018072b53ca0 GCTaskThread "GC Thread#5" [stack: 0x0000001713400000,0x0000001713500000] [id=2136]
  0x0000018072b53f60 GCTaskThread "GC Thread#6" [stack: 0x0000001713500000,0x0000001713600000] [id=16440]
  0x0000018073290f60 GCTaskThread "GC Thread#7" [stack: 0x0000001713900000,0x0000001713a00000] [id=17608]

Threads with active compile tasks:
C2 CompilerThread0    18784 14002       4       org.eclipse.jdt.internal.compiler.lookup.BinaryTypeBinding::createMethod (1717 bytes)
C2 CompilerThread1    18784 14788       4       org.eclipse.jdt.internal.compiler.lookup.BinaryTypeBinding::getNullDefaultFrom (74 bytes)
C2 CompilerThread2    18784 14049       4       org.eclipse.jdt.internal.compiler.parser.Parser::pushOnExpressionStack (106 bytes)

VM state: not at safepoint (normal execution)

VM Mutex/Monitor currently owned by a thread: None

Heap address: 0x00000000c0000000, size: 1024 MB, Compressed Oops mode: 32-bit

CDS archive(s) not mapped
Compressed class space mapped at: 0x0000000100000000-0x0000000140000000, reserved size: 1073741824
Narrow klass base: 0x0000000000000000, Narrow klass shift: 3, Narrow klass range: 0x140000000

GC Precious Log:
 CPUs: 8 total, 8 available
 Memory: 16224M
 Large Page Support: Disabled
 NUMA Support: Disabled
 Compressed Oops: Enabled (32-bit)
 Alignments: Space 512K, Generation 512K, Heap 2M
 Heap Min Capacity: 100M
 Heap Initial Capacity: 100M
 Heap Max Capacity: 1G
 Pre-touch: Disabled
 Parallel Workers: 8

Heap:
 PSYoungGen      total 6144K, used 3928K [0x00000000eab00000, 0x00000000eb280000, 0x0000000100000000)
  eden space 4608K, 52% used [0x00000000eab00000,0x00000000ead5ee70,0x00000000eaf80000)
  from space 1536K, 97% used [0x00000000eb100000,0x00000000eb278010,0x00000000eb280000)
  to   space 1536K, 0% used [0x00000000eaf80000,0x00000000eaf80000,0x00000000eb100000)
 ParOldGen       total 103936K, used 99916K [0x00000000c0000000, 0x00000000c6580000, 0x00000000eab00000)
  object space 103936K, 96% used [0x00000000c0000000,0x00000000c6193070,0x00000000c6580000)
 Metaspace       used 74222K, committed 75520K, reserved 1179648K
  class space    used 7529K, committed 8064K, reserved 1048576K

Card table byte_map: [0x0000018058160000,0x0000018058370000] _byte_map_base: 0x0000018057b60000

Marking Bits: (ParMarkBitMap*) 0x00007fff9393d7d0
 Begin Bits: [0x000001806a450000, 0x000001806b450000)
 End Bits:   [0x000001806b450000, 0x000001806c450000)

Polling page: 0x00000180567a0000

Metaspace:

Usage:
  Non-class:     65.13 MB used.
      Class:      7.35 MB used.
       Both:     72.48 MB used.

Virtual space:
  Non-class space:      128.00 MB reserved,      65.88 MB ( 51%) committed,  2 nodes.
      Class space:        1.00 GB reserved,       7.88 MB ( <1%) committed,  1 nodes.
             Both:        1.12 GB reserved,      73.75 MB (  6%) committed. 

Chunk freelists:
   Non-Class:  14.08 MB
       Class:  8.17 MB
        Both:  22.25 MB

MaxMetaspaceSize: unlimited
CompressedClassSpaceSize: 1.00 GB
Initial GC threshold: 21.00 MB
Current GC threshold: 122.12 MB
CDS: off
MetaspaceReclaimPolicy: balanced
 - commit_granule_bytes: 65536.
 - commit_granule_words: 8192.
 - virtual_space_node_default_size: 8388608.
 - enlarge_chunks_in_place: 1.
 - new_chunks_are_fully_committed: 0.
 - uncommit_free_chunks: 1.
 - use_allocation_guard: 0.
 - handle_deallocations: 1.


Internal statistics:

num_allocs_failed_limit: 9.
num_arena_births: 956.
num_arena_deaths: 24.
num_vsnodes_births: 3.
num_vsnodes_deaths: 0.
num_space_committed: 1180.
num_space_uncommitted: 0.
num_chunks_returned_to_freelist: 36.
num_chunks_taken_from_freelist: 4107.
num_chunk_merges: 14.
num_chunk_splits: 2521.
num_chunks_enlarged: 1464.
num_inconsistent_stats: 0.

CodeHeap 'non-profiled nmethods': size=120000Kb used=8003Kb max_used=8548Kb free=111996Kb
 bounds [0x0000018062f20000, 0x0000018063780000, 0x000001806a450000]
CodeHeap 'profiled nmethods': size=120000Kb used=26460Kb max_used=26460Kb free=93539Kb
 bounds [0x000001805b450000, 0x000001805ce30000, 0x0000018062980000]
CodeHeap 'non-nmethods': size=5760Kb used=1364Kb max_used=1480Kb free=4396Kb
 bounds [0x0000018062980000, 0x0000018062bf0000, 0x0000018062f20000]
 total_blobs=12778 nmethods=12081 adapters=607
 compilation: enabled
              stopped_count=0, restarted_count=0
 full_count=0

Compilation events (20 events):
Event: 18.727 Thread 0x0000018079e31350 nmethod 14472 0x000001806340d510 code [0x000001806340d6e0, 0x000001806340e158]
Event: 18.727 Thread 0x0000018079e31350 14705       4       org.eclipse.jdt.internal.compiler.lookup.TypeBinding::<init> (28 bytes)
Event: 18.727 Thread 0x0000018079e31350 nmethod 14705 0x00000180630e3d10 code [0x00000180630e3e80, 0x00000180630e3f18]
Event: 18.727 Thread 0x0000018079e31350 14113       4       org.eclipse.jdt.internal.core.search.matching.JavaSearchNameEnvironment::addPackageNameToIndex (45 bytes)
Event: 18.730 Thread 0x0000018079e32340 nmethod 14064 0x00000180630f8c90 code [0x00000180630f8f20, 0x00000180630fa210]
Event: 18.730 Thread 0x0000018079e32340 14190       4       org.eclipse.jdt.internal.compiler.lookup.InferenceVariable::hashCode (55 bytes)
Event: 18.731 Thread 0x0000018079e32340 nmethod 14190 0x00000180630f8790 code [0x00000180630f8920, 0x00000180630f8af8]
Event: 18.731 Thread 0x0000018079e32340 14257       4       org.eclipse.jdt.internal.core.builder.ClasspathJar::hashCode (22 bytes)
Event: 18.735 Thread 0x0000018079e32340 nmethod 14257 0x0000018063585110 code [0x0000018063585280, 0x0000018063585458]
Event: 18.735 Thread 0x0000018079e32340 14552       4       org.eclipse.jdt.internal.compiler.lookup.TypeBinding::isMemberType (17 bytes)
Event: 18.735 Thread 0x0000018079e32340 nmethod 14552 0x0000018063584d90 code [0x0000018063584f00, 0x0000018063584f98]
Event: 18.735 Thread 0x0000018079e32340 14685       4       org.eclipse.jdt.internal.compiler.lookup.ReferenceBinding::isStatic (28 bytes)
Event: 18.735 Thread 0x0000018079e32340 nmethod 14685 0x00000180634c4310 code [0x00000180634c4480, 0x00000180634c4518]
Event: 18.736 Thread 0x0000018079e32340 14060       4       org.eclipse.jdt.internal.compiler.lookup.SortedSimpleNameVector::add (84 bytes)
Event: 18.746 Thread 0x00000180716deac0 14789       2       org.eclipse.jdt.internal.core.search.matching.ClasspathSourceDirectory::findClass (76 bytes)
Event: 18.747 Thread 0x00000180716deac0 nmethod 14789 0x000001805ce21610 code [0x000001805ce217e0, 0x000001805ce21b98]
Event: 18.748 Thread 0x0000018079e32340 nmethod 14060 0x00000180634c3510 code [0x00000180634c36a0, 0x00000180634c3e78]
Event: 18.748 Thread 0x0000018079e32340 14788       4       org.eclipse.jdt.internal.compiler.lookup.BinaryTypeBinding::getNullDefaultFrom (74 bytes)
Event: 18.759 Thread 0x0000018079e31350 nmethod 14113 0x00000180634edd90 code [0x00000180634edfc0, 0x00000180634ef0c0]
Event: 18.760 Thread 0x0000018079e31350 14065       4       sun.nio.fs.WindowsPath::getParent (5 bytes)

GC Heap History (20 events):
Event: 18.150 GC heap before
{Heap before GC invocations=90 (full 5):
 PSYoungGen      total 8192K, used 8052K [0x00000000eab00000, 0x00000000eb500000, 0x0000000100000000)
  eden space 6656K, 100% used [0x00000000eab00000,0x00000000eb180000,0x00000000eb180000)
  from space 1536K, 90% used [0x00000000eb380000,0x00000000eb4dd0c0,0x00000000eb500000)
  to   space 1536K, 0% used [0x00000000eb180000,0x00000000eb180000,0x00000000eb300000)
 ParOldGen       total 103936K, used 88017K [0x00000000c0000000, 0x00000000c6580000, 0x00000000eab00000)
  object space 103936K, 84% used [0x00000000c0000000,0x00000000c55f44b8,0x00000000c6580000)
 Metaspace       used 73986K, committed 75328K, reserved 1179648K
  class space    used 7527K, committed 8064K, reserved 1048576K
}
Event: 18.152 GC heap after
{Heap after GC invocations=90 (full 5):
 PSYoungGen      total 8192K, used 1344K [0x00000000eab00000, 0x00000000eb480000, 0x0000000100000000)
  eden space 6656K, 0% used [0x00000000eab00000,0x00000000eab00000,0x00000000eb180000)
  from space 1536K, 87% used [0x00000000eb180000,0x00000000eb2d0000,0x00000000eb300000)
  to   space 1536K, 0% used [0x00000000eb300000,0x00000000eb300000,0x00000000eb480000)
 ParOldGen       total 103936K, used 89289K [0x00000000c0000000, 0x00000000c6580000, 0x00000000eab00000)
  object space 103936K, 85% used [0x00000000c0000000,0x00000000c5732460,0x00000000c6580000)
 Metaspace       used 73986K, committed 75328K, reserved 1179648K
  class space    used 7527K, committed 8064K, reserved 1048576K
}
Event: 18.269 GC heap before
{Heap before GC invocations=91 (full 5):
 PSYoungGen      total 8192K, used 7994K [0x00000000eab00000, 0x00000000eb480000, 0x0000000100000000)
  eden space 6656K, 99% used [0x00000000eab00000,0x00000000eb17eb70,0x00000000eb180000)
  from space 1536K, 87% used [0x00000000eb180000,0x00000000eb2d0000,0x00000000eb300000)
  to   space 1536K, 0% used [0x00000000eb300000,0x00000000eb300000,0x00000000eb480000)
 ParOldGen       total 103936K, used 89289K [0x00000000c0000000, 0x00000000c6580000, 0x00000000eab00000)
  object space 103936K, 85% used [0x00000000c0000000,0x00000000c5732460,0x00000000c6580000)
 Metaspace       used 74045K, committed 75392K, reserved 1179648K
  class space    used 7528K, committed 8064K, reserved 1048576K
}
Event: 18.270 GC heap after
{Heap after GC invocations=91 (full 5):
 PSYoungGen      total 8192K, used 1297K [0x00000000eab00000, 0x00000000eb480000, 0x0000000100000000)
  eden space 6656K, 0% used [0x00000000eab00000,0x00000000eab00000,0x00000000eb180000)
  from space 1536K, 84% used [0x00000000eb300000,0x00000000eb444600,0x00000000eb480000)
  to   space 1536K, 0% used [0x00000000eb180000,0x00000000eb180000,0x00000000eb300000)
 ParOldGen       total 103936K, used 90558K [0x00000000c0000000, 0x00000000c6580000, 0x00000000eab00000)
  object space 103936K, 87% used [0x00000000c0000000,0x00000000c586fb10,0x00000000c6580000)
 Metaspace       used 74045K, committed 75392K, reserved 1179648K
  class space    used 7528K, committed 8064K, reserved 1048576K
}
Event: 18.331 GC heap before
{Heap before GC invocations=92 (full 5):
 PSYoungGen      total 8192K, used 7953K [0x00000000eab00000, 0x00000000eb480000, 0x0000000100000000)
  eden space 6656K, 99% used [0x00000000eab00000,0x00000000eb17fff0,0x00000000eb180000)
  from space 1536K, 84% used [0x00000000eb300000,0x00000000eb444600,0x00000000eb480000)
  to   space 1536K, 0% used [0x00000000eb180000,0x00000000eb180000,0x00000000eb300000)
 ParOldGen       total 103936K, used 90558K [0x00000000c0000000, 0x00000000c6580000, 0x00000000eab00000)
  object space 103936K, 87% used [0x00000000c0000000,0x00000000c586fb10,0x00000000c6580000)
 Metaspace       used 74056K, committed 75392K, reserved 1179648K
  class space    used 7528K, committed 8064K, reserved 1048576K
}
Event: 18.334 GC heap after
{Heap after GC invocations=92 (full 5):
 PSYoungGen      total 8192K, used 1420K [0x00000000eab00000, 0x00000000eb480000, 0x0000000100000000)
  eden space 6656K, 0% used [0x00000000eab00000,0x00000000eab00000,0x00000000eb180000)
  from space 1536K, 92% used [0x00000000eb180000,0x00000000eb2e31f8,0x00000000eb300000)
  to   space 1536K, 0% used [0x00000000eb300000,0x00000000eb300000,0x00000000eb480000)
 ParOldGen       total 103936K, used 91754K [0x00000000c0000000, 0x00000000c6580000, 0x00000000eab00000)
  object space 103936K, 88% used [0x00000000c0000000,0x00000000c599ab78,0x00000000c6580000)
 Metaspace       used 74056K, committed 75392K, reserved 1179648K
  class space    used 7528K, committed 8064K, reserved 1048576K
}
Event: 18.408 GC heap before
{Heap before GC invocations=93 (full 5):
 PSYoungGen      total 8192K, used 8076K [0x00000000eab00000, 0x00000000eb480000, 0x0000000100000000)
  eden space 6656K, 100% used [0x00000000eab00000,0x00000000eb180000,0x00000000eb180000)
  from space 1536K, 92% used [0x00000000eb180000,0x00000000eb2e31f8,0x00000000eb300000)
  to   space 1536K, 0% used [0x00000000eb300000,0x00000000eb300000,0x00000000eb480000)
 ParOldGen       total 103936K, used 91754K [0x00000000c0000000, 0x00000000c6580000, 0x00000000eab00000)
  object space 103936K, 88% used [0x00000000c0000000,0x00000000c599ab78,0x00000000c6580000)
 Metaspace       used 74107K, committed 75456K, reserved 1179648K
  class space    used 7528K, committed 8064K, reserved 1048576K
}
Event: 18.410 GC heap after
{Heap after GC invocations=93 (full 5):
 PSYoungGen      total 8192K, used 1467K [0x00000000eab00000, 0x00000000eb480000, 0x0000000100000000)
  eden space 6656K, 0% used [0x00000000eab00000,0x00000000eab00000,0x00000000eb180000)
  from space 1536K, 95% used [0x00000000eb300000,0x00000000eb46ee08,0x00000000eb480000)
  to   space 1536K, 0% used [0x00000000eb180000,0x00000000eb180000,0x00000000eb300000)
 ParOldGen       total 103936K, used 93000K [0x00000000c0000000, 0x00000000c6580000, 0x00000000eab00000)
  object space 103936K, 89% used [0x00000000c0000000,0x00000000c5ad2390,0x00000000c6580000)
 Metaspace       used 74107K, committed 75456K, reserved 1179648K
  class space    used 7528K, committed 8064K, reserved 1048576K
}
Event: 18.454 GC heap before
{Heap before GC invocations=94 (full 5):
 PSYoungGen      total 8192K, used 8123K [0x00000000eab00000, 0x00000000eb480000, 0x0000000100000000)
  eden space 6656K, 100% used [0x00000000eab00000,0x00000000eb180000,0x00000000eb180000)
  from space 1536K, 95% used [0x00000000eb300000,0x00000000eb46ee08,0x00000000eb480000)
  to   space 1536K, 0% used [0x00000000eb180000,0x00000000eb180000,0x00000000eb300000)
 ParOldGen       total 103936K, used 93000K [0x00000000c0000000, 0x00000000c6580000, 0x00000000eab00000)
  object space 103936K, 89% used [0x00000000c0000000,0x00000000c5ad2390,0x00000000c6580000)
 Metaspace       used 74128K, committed 75456K, reserved 1179648K
  class space    used 7528K, committed 8064K, reserved 1048576K
}
Event: 18.456 GC heap after
{Heap after GC invocations=94 (full 5):
 PSYoungGen      total 8192K, used 1260K [0x00000000eab00000, 0x00000000eb480000, 0x0000000100000000)
  eden space 6656K, 0% used [0x00000000eab00000,0x00000000eab00000,0x00000000eb180000)
  from space 1536K, 82% used [0x00000000eb180000,0x00000000eb2bb030,0x00000000eb300000)
  to   space 1536K, 0% used [0x00000000eb300000,0x00000000eb300000,0x00000000eb480000)
 ParOldGen       total 103936K, used 94283K [0x00000000c0000000, 0x00000000c6580000, 0x00000000eab00000)
  object space 103936K, 90% used [0x00000000c0000000,0x00000000c5c12ff0,0x00000000c6580000)
 Metaspace       used 74128K, committed 75456K, reserved 1179648K
  class space    used 7528K, committed 8064K, reserved 1048576K
}
Event: 18.476 GC heap before
{Heap before GC invocations=95 (full 5):
 PSYoungGen      total 8192K, used 7916K [0x00000000eab00000, 0x00000000eb480000, 0x0000000100000000)
  eden space 6656K, 100% used [0x00000000eab00000,0x00000000eb180000,0x00000000eb180000)
  from space 1536K, 82% used [0x00000000eb180000,0x00000000eb2bb030,0x00000000eb300000)
  to   space 1536K, 0% used [0x00000000eb300000,0x00000000eb300000,0x00000000eb480000)
 ParOldGen       total 103936K, used 94283K [0x00000000c0000000, 0x00000000c6580000, 0x00000000eab00000)
  object space 103936K, 90% used [0x00000000c0000000,0x00000000c5c12ff0,0x00000000c6580000)
 Metaspace       used 74150K, committed 75520K, reserved 1179648K
  class space    used 7528K, committed 8064K, reserved 1048576K
}
Event: 18.479 GC heap after
{Heap after GC invocations=95 (full 5):
 PSYoungGen      total 6144K, used 1504K [0x00000000eab00000, 0x00000000eb880000, 0x0000000100000000)
  eden space 4608K, 0% used [0x00000000eab00000,0x00000000eab00000,0x00000000eaf80000)
  from space 1536K, 97% used [0x00000000eb300000,0x00000000eb478010,0x00000000eb480000)
  to   space 3584K, 0% used [0x00000000eaf80000,0x00000000eaf80000,0x00000000eb300000)
 ParOldGen       total 103936K, used 95933K [0x00000000c0000000, 0x00000000c6580000, 0x00000000eab00000)
  object space 103936K, 92% used [0x00000000c0000000,0x00000000c5daf7b0,0x00000000c6580000)
 Metaspace       used 74150K, committed 75520K, reserved 1179648K
  class space    used 7528K, committed 8064K, reserved 1048576K
}
Event: 18.527 GC heap before
{Heap before GC invocations=96 (full 5):
 PSYoungGen      total 6144K, used 6112K [0x00000000eab00000, 0x00000000eb880000, 0x0000000100000000)
  eden space 4608K, 100% used [0x00000000eab00000,0x00000000eaf80000,0x00000000eaf80000)
  from space 1536K, 97% used [0x00000000eb300000,0x00000000eb478010,0x00000000eb480000)
  to   space 3584K, 0% used [0x00000000eaf80000,0x00000000eaf80000,0x00000000eb300000)
 ParOldGen       total 103936K, used 95933K [0x00000000c0000000, 0x00000000c6580000, 0x00000000eab00000)
  object space 103936K, 92% used [0x00000000c0000000,0x00000000c5daf7b0,0x00000000c6580000)
 Metaspace       used 74161K, committed 75520K, reserved 1179648K
  class space    used 7528K, committed 8064K, reserved 1048576K
}
Event: 18.529 GC heap after
{Heap after GC invocations=96 (full 5):
 PSYoungGen      total 5632K, used 928K [0x00000000eab00000, 0x00000000eb380000, 0x0000000100000000)
  eden space 4608K, 0% used [0x00000000eab00000,0x00000000eab00000,0x00000000eaf80000)
  from space 1024K, 90% used [0x00000000eaf80000,0x00000000eb068000,0x00000000eb080000)
  to   space 2048K, 0% used [0x00000000eb180000,0x00000000eb180000,0x00000000eb380000)
 ParOldGen       total 103936K, used 97435K [0x00000000c0000000, 0x00000000c6580000, 0x00000000eab00000)
  object space 103936K, 93% used [0x00000000c0000000,0x00000000c5f26c20,0x00000000c6580000)
 Metaspace       used 74161K, committed 75520K, reserved 1179648K
  class space    used 7528K, committed 8064K, reserved 1048576K
}
Event: 18.593 GC heap before
{Heap before GC invocations=97 (full 5):
 PSYoungGen      total 5632K, used 5536K [0x00000000eab00000, 0x00000000eb380000, 0x0000000100000000)
  eden space 4608K, 100% used [0x00000000eab00000,0x00000000eaf80000,0x00000000eaf80000)
  from space 1024K, 90% used [0x00000000eaf80000,0x00000000eb068000,0x00000000eb080000)
  to   space 2048K, 0% used [0x00000000eb180000,0x00000000eb180000,0x00000000eb380000)
 ParOldGen       total 103936K, used 97435K [0x00000000c0000000, 0x00000000c6580000, 0x00000000eab00000)
  object space 103936K, 93% used [0x00000000c0000000,0x00000000c5f26c20,0x00000000c6580000)
 Metaspace       used 74182K, committed 75520K, reserved 1179648K
  class space    used 7528K, committed 8064K, reserved 1048576K
}
Event: 18.594 GC heap after
{Heap after GC invocations=97 (full 5):
 PSYoungGen      total 5632K, used 944K [0x00000000eab00000, 0x00000000eb280000, 0x0000000100000000)
  eden space 4608K, 0% used [0x00000000eab00000,0x00000000eab00000,0x00000000eaf80000)
  from space 1024K, 92% used [0x00000000eb180000,0x00000000eb26c010,0x00000000eb280000)
  to   space 1536K, 0% used [0x00000000eaf80000,0x00000000eaf80000,0x00000000eb100000)
 ParOldGen       total 103936K, used 98201K [0x00000000c0000000, 0x00000000c6580000, 0x00000000eab00000)
  object space 103936K, 94% used [0x00000000c0000000,0x00000000c5fe6518,0x00000000c6580000)
 Metaspace       used 74182K, committed 75520K, reserved 1179648K
  class space    used 7528K, committed 8064K, reserved 1048576K
}
Event: 18.672 GC heap before
{Heap before GC invocations=98 (full 5):
 PSYoungGen      total 5632K, used 5552K [0x00000000eab00000, 0x00000000eb280000, 0x0000000100000000)
  eden space 4608K, 100% used [0x00000000eab00000,0x00000000eaf80000,0x00000000eaf80000)
  from space 1024K, 92% used [0x00000000eb180000,0x00000000eb26c010,0x00000000eb280000)
  to   space 1536K, 0% used [0x00000000eaf80000,0x00000000eaf80000,0x00000000eb100000)
 ParOldGen       total 103936K, used 98201K [0x00000000c0000000, 0x00000000c6580000, 0x00000000eab00000)
  object space 103936K, 94% used [0x00000000c0000000,0x00000000c5fe6518,0x00000000c6580000)
 Metaspace       used 74193K, committed 75520K, reserved 1179648K
  class space    used 7528K, committed 8064K, reserved 1048576K
}
Event: 18.673 GC heap after
{Heap after GC invocations=98 (full 5):
 PSYoungGen      total 6144K, used 1120K [0x00000000eab00000, 0x00000000eb280000, 0x0000000100000000)
  eden space 4608K, 0% used [0x00000000eab00000,0x00000000eab00000,0x00000000eaf80000)
  from space 1536K, 72% used [0x00000000eaf80000,0x00000000eb098000,0x00000000eb100000)
  to   space 1536K, 0% used [0x00000000eb100000,0x00000000eb100000,0x00000000eb280000)
 ParOldGen       total 103936K, used 98912K [0x00000000c0000000, 0x00000000c6580000, 0x00000000eab00000)
  object space 103936K, 95% used [0x00000000c0000000,0x00000000c6098128,0x00000000c6580000)
 Metaspace       used 74193K, committed 75520K, reserved 1179648K
  class space    used 7528K, committed 8064K, reserved 1048576K
}
Event: 18.702 GC heap before
{Heap before GC invocations=99 (full 5):
 PSYoungGen      total 6144K, used 5728K [0x00000000eab00000, 0x00000000eb280000, 0x0000000100000000)
  eden space 4608K, 100% used [0x00000000eab00000,0x00000000eaf80000,0x00000000eaf80000)
  from space 1536K, 72% used [0x00000000eaf80000,0x00000000eb098000,0x00000000eb100000)
  to   space 1536K, 0% used [0x00000000eb100000,0x00000000eb100000,0x00000000eb280000)
 ParOldGen       total 103936K, used 98912K [0x00000000c0000000, 0x00000000c6580000, 0x00000000eab00000)
  object space 103936K, 95% used [0x00000000c0000000,0x00000000c6098128,0x00000000c6580000)
 Metaspace       used 74204K, committed 75520K, reserved 1179648K
  class space    used 7529K, committed 8064K, reserved 1048576K
}
Event: 18.704 GC heap after
{Heap after GC invocations=99 (full 5):
 PSYoungGen      total 6144K, used 1504K [0x00000000eab00000, 0x00000000eb280000, 0x0000000100000000)
  eden space 4608K, 0% used [0x00000000eab00000,0x00000000eab00000,0x00000000eaf80000)
  from space 1536K, 97% used [0x00000000eb100000,0x00000000eb278010,0x00000000eb280000)
  to   space 1536K, 0% used [0x00000000eaf80000,0x00000000eaf80000,0x00000000eb100000)
 ParOldGen       total 103936K, used 99916K [0x00000000c0000000, 0x00000000c6580000, 0x00000000eab00000)
  object space 103936K, 96% used [0x00000000c0000000,0x00000000c6193070,0x00000000c6580000)
 Metaspace       used 74204K, committed 75520K, reserved 1179648K
  class space    used 7529K, committed 8064K, reserved 1048576K
}

Dll operation events (10 events):
Event: 0.011 Loaded shared library c:\Users\messi\.vscode\extensions\redhat.java-1.28.1-win32-x64\jre\17.0.10-win32-x86_64\bin\java.dll
Event: 0.214 Loaded shared library c:\Users\messi\.vscode\extensions\redhat.java-1.28.1-win32-x64\jre\17.0.10-win32-x86_64\bin\zip.dll
Event: 0.220 Loaded shared library C:\Users\messi\.vscode\extensions\redhat.java-1.28.1-win32-x64\jre\17.0.10-win32-x86_64\bin\instrument.dll
Event: 0.265 Loaded shared library C:\Users\messi\.vscode\extensions\redhat.java-1.28.1-win32-x64\jre\17.0.10-win32-x86_64\bin\net.dll
Event: 0.267 Loaded shared library C:\Users\messi\.vscode\extensions\redhat.java-1.28.1-win32-x64\jre\17.0.10-win32-x86_64\bin\nio.dll
Event: 0.276 Loaded shared library C:\Users\messi\.vscode\extensions\redhat.java-1.28.1-win32-x64\jre\17.0.10-win32-x86_64\bin\zip.dll
Event: 0.295 Loaded shared library C:\Users\messi\.vscode\extensions\redhat.java-1.28.1-win32-x64\jre\17.0.10-win32-x86_64\bin\jimage.dll
Event: 0.381 Loaded shared library c:\Users\messi\.vscode\extensions\redhat.java-1.28.1-win32-x64\jre\17.0.10-win32-x86_64\bin\verify.dll
Event: 1.434 Loaded shared library C:\Users\messi\AppData\Roaming\Code\User\globalStorage\redhat.java\1.28.1\config_win\org.eclipse.equinox.launcher\org.eclipse.equinox.launcher.win32.win32.x86_64_1.2.900.v20240129-1338\eclipse_11900.dll
Event: 3.487 Loaded shared library C:\Users\messi\AppData\Local\Temp\jna-103786865\jna3325021530790962324.dll

Deoptimization events (20 events):
Event: 18.646 Thread 0x0000018073751080 Uncommon trap: trap_request=0xffffffc6 fr.pc=0x00000180636c3b8c relative=0x000000000000112c
Event: 18.646 Thread 0x0000018073751080 Uncommon trap: reason=bimorphic_or_optimized_type_check action=maybe_recompile pc=0x00000180636c3b8c method=org.eclipse.jdt.internal.compiler.parser.Parser.consumeToken(I)V @ 613 c2
Event: 18.646 Thread 0x0000018073751080 DEOPT PACKING pc=0x00000180636c3b8c sp=0x00000017140ff080
Event: 18.646 Thread 0x0000018073751080 DEOPT UNPACKING pc=0x00000180629d66a3 sp=0x00000017140ff030 mode 2
Event: 18.654 Thread 0x0000018073751080 Uncommon trap: trap_request=0xffffffc6 fr.pc=0x00000180636c3b8c relative=0x000000000000112c
Event: 18.654 Thread 0x0000018073751080 Uncommon trap: reason=bimorphic_or_optimized_type_check action=maybe_recompile pc=0x00000180636c3b8c method=org.eclipse.jdt.internal.compiler.parser.Parser.consumeToken(I)V @ 613 c2
Event: 18.654 Thread 0x0000018073751080 DEOPT PACKING pc=0x00000180636c3b8c sp=0x00000017140ff080
Event: 18.654 Thread 0x0000018073751080 DEOPT UNPACKING pc=0x00000180629d66a3 sp=0x00000017140ff030 mode 2
Event: 18.654 Thread 0x0000018073751080 Uncommon trap: trap_request=0xffffffc6 fr.pc=0x00000180636c3b8c relative=0x000000000000112c
Event: 18.654 Thread 0x0000018073751080 Uncommon trap: reason=bimorphic_or_optimized_type_check action=maybe_recompile pc=0x00000180636c3b8c method=org.eclipse.jdt.internal.compiler.parser.Parser.consumeToken(I)V @ 613 c2
Event: 18.654 Thread 0x0000018073751080 DEOPT PACKING pc=0x00000180636c3b8c sp=0x00000017140ff080
Event: 18.654 Thread 0x0000018073751080 DEOPT UNPACKING pc=0x00000180629d66a3 sp=0x00000017140ff030 mode 2
Event: 18.678 Thread 0x0000018073754320 Uncommon trap: trap_request=0xffffff45 fr.pc=0x0000018063448c78 relative=0x0000000000000e78
Event: 18.678 Thread 0x0000018073754320 Uncommon trap: reason=unstable_if action=reinterpret pc=0x0000018063448c78 method=org.eclipse.core.runtime.Path.toOSString()Ljava/lang/String; @ 66 c2
Event: 18.678 Thread 0x0000018073754320 DEOPT PACKING pc=0x0000018063448c78 sp=0x00000017147fd1a0
Event: 18.678 Thread 0x0000018073754320 DEOPT UNPACKING pc=0x00000180629d66a3 sp=0x00000017147fd160 mode 2
Event: 18.678 Thread 0x0000018073754320 Uncommon trap: trap_request=0xffffff6e fr.pc=0x00000180635dc3b8 relative=0x0000000000001b58
Event: 18.678 Thread 0x0000018073754320 Uncommon trap: reason=loop_limit_check action=maybe_recompile pc=0x00000180635dc3b8 method=org.codehaus.plexus.util.SelectorUtils.match([C[CZ)Z @ 280 c2
Event: 18.678 Thread 0x0000018073754320 DEOPT PACKING pc=0x00000180635dc3b8 sp=0x00000017147fcea0
Event: 18.678 Thread 0x0000018073754320 DEOPT UNPACKING pc=0x00000180629d66a3 sp=0x00000017147fce30 mode 2

Classes unloaded (13 events):
Event: 2.270 Thread 0x000001805886ebe0 Unloading class 0x0000000100250400 'java/lang/invoke/LambdaForm$MH+0x0000000100250400'
Event: 2.270 Thread 0x000001805886ebe0 Unloading class 0x0000000100250000 'java/lang/invoke/LambdaForm$MH+0x0000000100250000'
Event: 2.270 Thread 0x000001805886ebe0 Unloading class 0x000000010024fc00 'java/lang/invoke/LambdaForm$MH+0x000000010024fc00'
Event: 2.270 Thread 0x000001805886ebe0 Unloading class 0x000000010024f800 'java/lang/invoke/LambdaForm$MH+0x000000010024f800'
Event: 2.270 Thread 0x000001805886ebe0 Unloading class 0x000000010024f400 'java/lang/invoke/LambdaForm$BMH+0x000000010024f400'
Event: 2.270 Thread 0x000001805886ebe0 Unloading class 0x000000010024f000 'java/lang/invoke/LambdaForm$DMH+0x000000010024f000'
Event: 2.270 Thread 0x000001805886ebe0 Unloading class 0x000000010024c400 'java/lang/invoke/LambdaForm$DMH+0x000000010024c400'
Event: 8.253 Thread 0x000001805886ebe0 Unloading class 0x000000010065d400 'java/lang/invoke/LambdaForm$DMH+0x000000010065d400'
Event: 8.253 Thread 0x000001805886ebe0 Unloading class 0x000000010065d000 'java/lang/invoke/LambdaForm$DMH+0x000000010065d000'
Event: 8.253 Thread 0x000001805886ebe0 Unloading class 0x000000010065c800 'java/lang/invoke/LambdaForm$DMH+0x000000010065c800'
Event: 8.253 Thread 0x000001805886ebe0 Unloading class 0x000000010065c400 'java/lang/invoke/LambdaForm$DMH+0x000000010065c400'
Event: 17.028 Thread 0x000001805886ebe0 Unloading class 0x0000000100778280 'org/apache/logging/log4j/core/config/plugins/processor/PluginCache'
Event: 17.028 Thread 0x000001805886ebe0 Unloading class 0x0000000100778000 'org/apache/logging/log4j/core/config/plugins/processor/PluginProcessor'

Classes redefined (0 events):
No events

Internal exceptions (20 events):
Event: 18.690 Thread 0x0000018073754320 Exception <a 'sun/nio/fs/WindowsException'{0x00000000eadf71c8}> (0x00000000eadf71c8) 
thrown [s\src\hotspot\share\prims\jni.cpp, line 516]
Event: 18.693 Thread 0x0000018073754320 Exception <a 'sun/nio/fs/WindowsException'{0x00000000eadf8ea0}> (0x00000000eadf8ea0) 
thrown [s\src\hotspot\share\prims\jni.cpp, line 516]
Event: 18.695 Thread 0x0000018073754320 Exception <a 'sun/nio/fs/WindowsException'{0x00000000eadfa9b8}> (0x00000000eadfa9b8) 
thrown [s\src\hotspot\share\prims\jni.cpp, line 516]
Event: 18.698 Thread 0x0000018073754320 Exception <a 'sun/nio/fs/WindowsException'{0x00000000eaf39e60}> (0x00000000eaf39e60) 
thrown [s\src\hotspot\share\prims\jni.cpp, line 516]
Event: 18.705 Thread 0x0000018073754320 Exception <a 'sun/nio/fs/WindowsException'{0x00000000eab01900}> (0x00000000eab01900) 
thrown [s\src\hotspot\share\prims\jni.cpp, line 516]
Event: 18.708 Thread 0x0000018073754320 Exception <a 'sun/nio/fs/WindowsException'{0x00000000eab033c8}> (0x00000000eab033c8) 
thrown [s\src\hotspot\share\prims\jni.cpp, line 516]
Event: 18.711 Thread 0x0000018073754320 Exception <a 'sun/nio/fs/WindowsException'{0x00000000eab04e90}> (0x00000000eab04e90) 
thrown [s\src\hotspot\share\prims\jni.cpp, line 516]
Event: 18.721 Thread 0x0000018073754320 Exception <a 'sun/nio/fs/WindowsException'{0x00000000eab15058}> (0x00000000eab15058) 
thrown [s\src\hotspot\share\prims\jni.cpp, line 516]
Event: 18.729 Thread 0x0000018073754320 Exception <a 'sun/nio/fs/WindowsException'{0x00000000eab16d30}> (0x00000000eab16d30) 
thrown [s\src\hotspot\share\prims\jni.cpp, line 516]
Event: 18.736 Thread 0x0000018073754320 Exception <a 'sun/nio/fs/WindowsException'{0x00000000eab18a08}> (0x00000000eab18a08) 
thrown [s\src\hotspot\share\prims\jni.cpp, line 516]
Event: 18.738 Thread 0x0000018073754320 Exception <a 'sun/nio/fs/WindowsException'{0x00000000eab61dd8}> (0x00000000eab61dd8) 
thrown [s\src\hotspot\share\prims\jni.cpp, line 516]
Event: 18.740 Thread 0x0000018073754320 Exception <a 'sun/nio/fs/WindowsException'{0x00000000eab63ab0}> (0x00000000eab63ab0) 
thrown [s\src\hotspot\share\prims\jni.cpp, line 516]
Event: 18.742 Thread 0x0000018073754320 Exception <a 'sun/nio/fs/WindowsException'{0x00000000eab65788}> (0x00000000eab65788) 
thrown [s\src\hotspot\share\prims\jni.cpp, line 516]
Event: 18.745 Thread 0x0000018073754320 Exception <a 'sun/nio/fs/WindowsException'{0x00000000eabbe730}> (0x00000000eabbe730) 
thrown [s\src\hotspot\share\prims\jni.cpp, line 516]
Event: 18.749 Thread 0x0000018073754320 Exception <a 'sun/nio/fs/WindowsException'{0x00000000eabc0408}> (0x00000000eabc0408) 
thrown [s\src\hotspot\share\prims\jni.cpp, line 516]
Event: 18.751 Thread 0x0000018073754320 Exception <a 'sun/nio/fs/WindowsException'{0x00000000eabc20e0}> (0x00000000eabc20e0) 
thrown [s\src\hotspot\share\prims\jni.cpp, line 516]
Event: 18.753 Thread 0x0000018073754320 Exception <a 'sun/nio/fs/WindowsException'{0x00000000eabc3db8}> (0x00000000eabc3db8) 
thrown [s\src\hotspot\share\prims\jni.cpp, line 516]
Event: 18.756 Thread 0x0000018073754320 Exception <a 'sun/nio/fs/WindowsException'{0x00000000eabf5478}> (0x00000000eabf5478) 
thrown [s\src\hotspot\share\prims\jni.cpp, line 516]
Event: 18.758 Thread 0x0000018073754320 Exception <a 'sun/nio/fs/WindowsException'{0x00000000eabf7150}> (0x00000000eabf7150) 
thrown [s\src\hotspot\share\prims\jni.cpp, line 516]
Event: 18.760 Thread 0x0000018073754320 Exception <a 'sun/nio/fs/WindowsException'{0x00000000eabf8e28}> (0x00000000eabf8e28) 
thrown [s\src\hotspot\share\prims\jni.cpp, line 516]

VM Operations (20 events):
Event: 18.150 Executing VM operation: ParallelGCFailedAllocation
Event: 18.152 Executing VM operation: ParallelGCFailedAllocation done
Event: 18.268 Executing VM operation: ParallelGCFailedAllocation
Event: 18.270 Executing VM operation: ParallelGCFailedAllocation done
Event: 18.331 Executing VM operation: ParallelGCFailedAllocation
Event: 18.335 Executing VM operation: ParallelGCFailedAllocation done
Event: 18.403 Executing VM operation: ParallelGCFailedAllocation
Event: 18.414 Executing VM operation: ParallelGCFailedAllocation done
Event: 18.454 Executing VM operation: ParallelGCFailedAllocation
Event: 18.457 Executing VM operation: ParallelGCFailedAllocation done
Event: 18.476 Executing VM operation: ParallelGCFailedAllocation
Event: 18.479 Executing VM operation: ParallelGCFailedAllocation done
Event: 18.527 Executing VM operation: ParallelGCFailedAllocation
Event: 18.529 Executing VM operation: ParallelGCFailedAllocation done
Event: 18.593 Executing VM operation: ParallelGCFailedAllocation
Event: 18.594 Executing VM operation: ParallelGCFailedAllocation done
Event: 18.672 Executing VM operation: ParallelGCFailedAllocation
Event: 18.673 Executing VM operation: ParallelGCFailedAllocation done
Event: 18.702 Executing VM operation: ParallelGCFailedAllocation
Event: 18.704 Executing VM operation: ParallelGCFailedAllocation done

Events (20 events):
Event: 17.606 Thread 0x00000180716e1b80 flushing nmethod 0x000001805ca2b310
Event: 17.606 Thread 0x00000180716e1b80 flushing nmethod 0x000001805ca2b810
Event: 17.606 Thread 0x00000180716e1b80 flushing nmethod 0x000001805ca9cc10
Event: 17.606 Thread 0x00000180716e1b80 flushing nmethod 0x000001805caaf710
Event: 17.606 Thread 0x00000180716e1b80 flushing nmethod 0x000001805cb21b90
Event: 17.607 Thread 0x00000180716e1b80 flushing nmethod 0x000001805cbc2610
Event: 17.608 Thread 0x00000180716e1b80 flushing nmethod 0x000001805cc03c90
Event: 17.608 Thread 0x00000180716e1b80 flushing nmethod 0x000001805cc0d210
Event: 17.608 Thread 0x00000180716e1b80 flushing nmethod 0x000001805cc13510
Event: 17.608 Thread 0x00000180716e1b80 flushing nmethod 0x000001805cc19710
Event: 17.608 Thread 0x00000180716e1b80 flushing nmethod 0x000001805cc96090
Event: 17.608 Thread 0x00000180716e1b80 flushing nmethod 0x000001805cc99390
Event: 17.608 Thread 0x00000180716e1b80 flushing nmethod 0x000001805cc99990
Event: 17.608 Thread 0x00000180716e1b80 flushing nmethod 0x000001805ccaea90
Event: 17.608 Thread 0x00000180716e1b80 flushing nmethod 0x000001805ccd7710
Event: 17.608 Thread 0x00000180716e1b80 flushing nmethod 0x000001805cce2d90
Event: 17.802 Thread 0x0000018075f3dd10 Thread added: 0x0000018075f3dd10
Event: 18.568 Thread 0x0000018075f3dd10 Thread exited: 0x0000018075f3dd10
Event: 18.635 Thread 0x0000018075f3f150 Thread added: 0x0000018075f3f150
Event: 18.638 Thread 0x0000018075f3f150 Thread exited: 0x0000018075f3f150


Dynamic libraries:
0x00007ff744b50000 - 0x00007ff744b5e000 	c:\Users\messi\.vscode\extensions\redhat.java-1.28.1-win32-x64\jre\17.0.10-win32-x86_64\bin\java.exe
0x00007fffe7110000 - 0x00007fffe7327000 	C:\Windows\SYSTEM32\ntdll.dll
0x00007fffe5bf0000 - 0x00007fffe5cb4000 	C:\Windows\System32\KERNEL32.DLL
0x00007fffe4570000 - 0x00007fffe4916000 	C:\Windows\System32\KERNELBASE.dll
0x00007fffe4450000 - 0x00007fffe4561000 	C:\Windows\System32\ucrtbase.dll
0x00007fffc3410000 - 0x00007fffc3427000 	c:\Users\messi\.vscode\extensions\redhat.java-1.28.1-win32-x64\jre\17.0.10-win32-x86_64\bin\jli.dll
0x00007fffe52f0000 - 0x00007fffe549e000 	C:\Windows\System32\USER32.dll
0x00007fffe4bb0000 - 0x00007fffe4bd6000 	C:\Windows\System32\win32u.dll
0x00007fffe5700000 - 0x00007fffe5729000 	C:\Windows\System32\GDI32.dll
0x00007fffe4be0000 - 0x00007fffe4cf8000 	C:\Windows\System32\gdi32full.dll
0x00007fffe4dc0000 - 0x00007fffe4e5a000 	C:\Windows\System32\msvcp_win.dll
0x00007fffbd640000 - 0x00007fffbd65b000 	c:\Users\messi\.vscode\extensions\redhat.java-1.28.1-win32-x64\jre\17.0.10-win32-x86_64\bin\VCRUNTIME140.dll
0x00007fffbd720000 - 0x00007fffbd9b3000 	C:\Windows\WinSxS\amd64_microsoft.windows.common-controls_6595b64144ccf1df_6.0.22621.2506_none_270c5ae97388e100\COMCTL32.dll
0x00007fffe5e00000 - 0x00007fffe5ea7000 	C:\Windows\System32\msvcrt.dll
0x00007fffe6bc0000 - 0x00007fffe6bf1000 	C:\Windows\System32\IMM32.DLL
0x00007fffdfbf0000 - 0x00007fffdfbfc000 	c:\Users\messi\.vscode\extensions\redhat.java-1.28.1-win32-x64\jre\17.0.10-win32-x86_64\bin\vcruntime140_1.dll
0x00007fffa04e0000 - 0x00007fffa056d000 	c:\Users\messi\.vscode\extensions\redhat.java-1.28.1-win32-x64\jre\17.0.10-win32-x86_64\bin\msvcp140.dll
0x00007fff92da0000 - 0x00007fff93a02000 	c:\Users\messi\.vscode\extensions\redhat.java-1.28.1-win32-x64\jre\17.0.10-win32-x86_64\bin\server\jvm.dll
0x00007fffe6790000 - 0x00007fffe6843000 	C:\Windows\System32\ADVAPI32.dll
0x00007fffe5730000 - 0x00007fffe57d8000 	C:\Windows\System32\sechost.dll
0x00007fffe4a10000 - 0x00007fffe4a38000 	C:\Windows\System32\bcrypt.dll
0x00007fffe54a0000 - 0x00007fffe55b7000 	C:\Windows\System32\RPCRT4.dll
0x00007fffe32a0000 - 0x00007fffe32ed000 	C:\Windows\SYSTEM32\POWRPROF.dll
0x00007fffaf5a0000 - 0x00007fffaf5a9000 	C:\Windows\SYSTEM32\WSOCK32.dll
0x00007fffe6710000 - 0x00007fffe6781000 	C:\Windows\System32\WS2_32.dll
0x00007fffcafd0000 - 0x00007fffcb004000 	C:\Windows\SYSTEM32\WINMM.dll
0x00007fffdddd0000 - 0x00007fffdddda000 	C:\Windows\SYSTEM32\VERSION.dll
0x00007fffe3280000 - 0x00007fffe3293000 	C:\Windows\SYSTEM32\UMPDC.dll
0x00007fffe3540000 - 0x00007fffe3558000 	C:\Windows\SYSTEM32\kernel.appcore.dll
0x00007fffccfd0000 - 0x00007fffccfda000 	c:\Users\messi\.vscode\extensions\redhat.java-1.28.1-win32-x64\jre\17.0.10-win32-x86_64\bin\jimage.dll
0x00007fffcdc60000 - 0x00007fffcde93000 	C:\Windows\SYSTEM32\DBGHELP.DLL
0x00007fffe57e0000 - 0x00007fffe5b69000 	C:\Windows\System32\combase.dll
0x00007fffe5d20000 - 0x00007fffe5df7000 	C:\Windows\System32\OLEAUT32.dll
0x00007fffcefc0000 - 0x00007fffceff2000 	C:\Windows\SYSTEM32\dbgcore.DLL
0x00007fffe4990000 - 0x00007fffe4a0a000 	C:\Windows\System32\bcryptPrimitives.dll
0x00007fffcc870000 - 0x00007fffcc87e000 	c:\Users\messi\.vscode\extensions\redhat.java-1.28.1-win32-x64\jre\17.0.10-win32-x86_64\bin\instrument.dll
0x00007fffb8350000 - 0x00007fffb8375000 	c:\Users\messi\.vscode\extensions\redhat.java-1.28.1-win32-x64\jre\17.0.10-win32-x86_64\bin\java.dll
0x00007fffb99b0000 - 0x00007fffb99c8000 	c:\Users\messi\.vscode\extensions\redhat.java-1.28.1-win32-x64\jre\17.0.10-win32-x86_64\bin\zip.dll
0x00007fffe5eb0000 - 0x00007fffe670b000 	C:\Windows\System32\SHELL32.dll
0x00007fffe2370000 - 0x00007fffe2c66000 	C:\Windows\SYSTEM32\windows.storage.dll
0x00007fffe2230000 - 0x00007fffe236e000 	C:\Windows\SYSTEM32\wintypes.dll
0x00007fffe55e0000 - 0x00007fffe56d3000 	C:\Windows\System32\SHCORE.dll
0x00007fffe6c50000 - 0x00007fffe6cae000 	C:\Windows\System32\shlwapi.dll
0x00007fffe4380000 - 0x00007fffe43a6000 	C:\Windows\SYSTEM32\profapi.dll
0x00007fffb84c0000 - 0x00007fffb84d9000 	C:\Users\messi\.vscode\extensions\redhat.java-1.28.1-win32-x64\jre\17.0.10-win32-x86_64\bin\net.dll
0x00007fffde950000 - 0x00007fffdea87000 	C:\Windows\SYSTEM32\WINHTTP.dll
0x00007fffe39b0000 - 0x00007fffe3a19000 	C:\Windows\system32\mswsock.dll
0x00007fffb7450000 - 0x00007fffb7466000 	C:\Users\messi\.vscode\extensions\redhat.java-1.28.1-win32-x64\jre\17.0.10-win32-x86_64\bin\nio.dll
0x00007fffcc6b0000 - 0x00007fffcc6c0000 	c:\Users\messi\.vscode\extensions\redhat.java-1.28.1-win32-x64\jre\17.0.10-win32-x86_64\bin\verify.dll
0x00007fffaf7f0000 - 0x00007fffaf82e000 	C:\Users\messi\AppData\Roaming\Code\User\globalStorage\redhat.java\1.28.1\config_win\org.eclipse.equinox.launcher\org.eclipse.equinox.launcher.win32.win32.x86_64_1.2.900.v20240129-1338\eclipse_11900.dll
0x00007fffe6a10000 - 0x00007fffe6bb0000 	C:\Windows\System32\ole32.dll
0x00007fffe3d00000 - 0x00007fffe3d1b000 	C:\Windows\SYSTEM32\CRYPTSP.dll
0x00007fffe34a0000 - 0x00007fffe34d5000 	C:\Windows\system32\rsaenh.dll
0x00007fffe3a50000 - 0x00007fffe3a7c000 	C:\Windows\SYSTEM32\USERENV.dll
0x00007fffe3ce0000 - 0x00007fffe3cec000 	C:\Windows\SYSTEM32\CRYPTBASE.dll
0x00007fffe2f40000 - 0x00007fffe2f6d000 	C:\Windows\SYSTEM32\IPHLPAPI.DLL
0x00007fffe55d0000 - 0x00007fffe55d9000 	C:\Windows\System32\NSI.dll
0x00007fffdeb40000 - 0x00007fffdeb59000 	C:\Windows\SYSTEM32\dhcpcsvc6.DLL
0x00007fffde7c0000 - 0x00007fffde7df000 	C:\Windows\SYSTEM32\dhcpcsvc.DLL
0x00007fffe2fb0000 - 0x00007fffe30a9000 	C:\Windows\SYSTEM32\DNSAPI.dll
0x00007fffa54d0000 - 0x00007fffa5515000 	C:\Users\messi\AppData\Local\Temp\jna-103786865\jna3325021530790962324.dll
0x00007fffe6bb0000 - 0x00007fffe6bb8000 	C:\Windows\System32\PSAPI.DLL
0x00007fffe3560000 - 0x00007fffe3594000 	C:\Windows\SYSTEM32\ntmarta.dll

dbghelp: loaded successfully - version: 4.0.5 - missing functions: none
symbol engine: initialized successfully - sym options: 0x614 - pdb path: .;c:\Users\messi\.vscode\extensions\redhat.java-1.28.1-win32-x64\jre\17.0.10-win32-x86_64\bin;C:\Windows\SYSTEM32;C:\Windows\WinSxS\amd64_microsoft.windows.common-controls_6595b64144ccf1df_6.0.22621.2506_none_270c5ae97388e100;c:\Users\messi\.vscode\extensions\redhat.java-1.28.1-win32-x64\jre\17.0.10-win32-x86_64\bin\server;C:\Users\messi\AppData\Roaming\Code\User\globalStorage\redhat.java\1.28.1\config_win\org.eclipse.equinox.launcher\org.eclipse.equinox.launcher.win32.win32.x86_64_1.2.900.v20240129-1338;C:\Users\messi\AppData\Local\Temp\jna-103786865

VM Arguments:
jvm_args: --add-modules=ALL-SYSTEM --add-opens=java.base/java.util=ALL-UNNAMED --add-opens=java.base/java.lang=ALL-UNNAMED --add-opens=java.base/sun.nio.fs=ALL-UNNAMED -Declipse.application=org.eclipse.jdt.ls.core.id1 -Dosgi.bundles.defaultStartLevel=4 -Declipse.product=org.eclipse.jdt.ls.core.product -Djava.import.generatesMetadataFilesAtProjectRoot=false -DDetectVMInstallationsJob.disabled=true -Dfile.encoding=utf8 -XX:+UseParallelGC -XX:GCTimeRatio=4 -XX:AdaptiveSizePolicyWeight=90 -Dsun.zip.disableMemoryMapping=true -Xmx1G -Xms100m -Xlog:disable -javaagent:c:\Users\messi\.vscode\extensions\redhat.java-1.28.1-win32-x64\lombok\lombok-1.18.31.jar -XX:+HeapDumpOnOutOfMemoryError -XX:HeapDumpPath=c:\Users\messi\AppData\Roaming\Code\User\workspaceStorage\6a500c28aa25334788721326625da2af\redhat.java -Daether.dependencyCollector.impl=bf 
java_command: c:\Users\messi\.vscode\extensions\redhat.java-1.28.1-win32-x64\server\plugins\org.eclipse.equinox.launcher_1.6.700.v20231214-2017.jar -configuration c:\Users\messi\AppData\Roaming\Code\User\globalStorage\redhat.java\1.28.1\config_win -data c:\Users\messi\AppData\Roaming\Code\User\workspaceStorage\6a500c28aa25334788721326625da2af\redhat.java\jdt_ws --stdio
java_class_path (initial): c:\Users\messi\.vscode\extensions\redhat.java-1.28.1-win32-x64\server\plugins\org.eclipse.equinox.launcher_1.6.700.v20231214-2017.jar
Launcher Type: SUN_STANDARD

[Global flags]
    uintx AdaptiveSizePolicyWeight                 = 90                                        {product} {command line}
     intx CICompilerCount                          = 4                                         {product} {ergonomic}
    uintx GCTimeRatio                              = 4                                         {product} {command line}
     bool HeapDumpOnOutOfMemoryError               = true                                   {manageable} {command line}
    ccstr HeapDumpPath                             = c:\Users\messi\AppData\Roaming\Code\User\workspaceStorage\6a500c28aa25334788721326625da2af\redhat.java         {manageable} {command line}
   size_t InitialHeapSize                          = 104857600                                 {product} {command line}
   size_t MaxHeapSize                              = 1073741824                                {product} {command line}
   size_t MaxNewSize                               = 357564416                                 {product} {ergonomic}
   size_t MinHeapDeltaBytes                        = 524288                                    {product} {ergonomic}
   size_t MinHeapSize                              = 104857600                                 {product} {command line}
   size_t NewSize                                  = 34603008                                  {product} {ergonomic}
    uintx NonNMethodCodeHeapSize                   = 5839372                                {pd product} {ergonomic}
    uintx NonProfiledCodeHeapSize                  = 122909434                              {pd product} {ergonomic}
   size_t OldSize                                  = 70254592                                  {product} {ergonomic}
    uintx ProfiledCodeHeapSize                     = 122909434                              {pd product} {ergonomic}
    uintx ReservedCodeCacheSize                    = 251658240                              {pd product} {ergonomic}
     bool SegmentedCodeCache                       = true                                      {product} {ergonomic}
   size_t SoftMaxHeapSize                          = 1073741824                             {manageable} {ergonomic}
     bool UseCompressedClassPointers               = true                           {product lp64_product} {ergonomic}
     bool UseCompressedOops                        = true                           {product lp64_product} {ergonomic}
     bool UseLargePagesIndividualAllocation        = false                                  {pd product} {ergonomic}
     bool UseParallelGC                            = true                                      {product} {command line}

Logging:
Log output configuration:
 #0: stdout all=off uptime,level,tags
 #1: stderr all=off uptime,level,tags

Environment Variables:
JAVA_HOME=C:\Program Files\Java\jdk-21
PATH=D:\Program Files (x86)\VMware\VMware Workstation\bin\;C:\Python311\Scripts\;C:\Python311\;C:\Windows\system32;C:\Windows;C:\Windows\System32\Wbem;C:\Windows\System32\WindowsPowerShell\v1.0\;C:\Windows\System32\OpenSSH\;C:\Program Files\nodejs\;C:\ProgramData\chocolatey\bin;C:\Program Files\Git\cmd;C:\MinGW\bin;C:\platform-tools;C:\Program Files\NVIDIA Corporation\NVIDIA NvDLISR;C:\Program Files (x86)\NVIDIA Corporation\PhysX\Common;C:\Program Files\dotnet\;D:\Program Files\MATLAB\R2023a\runtime\win64;D:\Program Files\MATLAB\R2023a\bin;C:\Program Files\Docker\Docker\resources\bin;C:\Program Files\MySQL\MySQL Server 8.0\bin;C:\Users\messi\AppData\Local\Microsoft\WindowsApps;C:\Users\messi\AppData\Roaming\npm;C:\Users\messi\AppData\Local\Programs\Microsoft VS Code\bin;C:\MinGW\bin;C:\platform-tools;C:\Program Files\Azure Data Studio\bin;C:\Program Files\Azure Data Studio\bin;C:\Program Files\Azure Data Studio\bin;D:\Program Files\JetBrains\IntelliJ IDEA 2021.1\bin;;C:\Users\messi\.dotnet\tools;D:\Program Files\JetBrains\IntelliJ IDEA 2021.1\plugins\maven\lib\maven3\bin;C:\Program Files\Java\jdk-21\bin;
USERNAME=messi
OS=Windows_NT
PROCESSOR_IDENTIFIER=Intel64 Family 6 Model 158 Stepping 13, GenuineIntel
TMP=C:\Users\messi\AppData\Local\Temp
TEMP=C:\Users\messi\AppData\Local\Temp



Periodic native trim disabled


---------------  S Y S T E M  ---------------

OS:
 Windows 11 , 64 bit Build 22621 (10.0.22621.3085)
OS uptime: 0 days 4:02 hours
Hyper-V role detected

CPU: total 8 (initial active 8) (4 cores per cpu, 2 threads per core) family 6 model 158 stepping 13 microcode 0xde, cx8, cmov, fxsr, ht, mmx, 3dnowpref, sse, sse2, sse3, ssse3, sse4.1, sse4.2, popcnt, lzcnt, tsc, tscinvbit, avx, avx2, aes, erms, clmul, bmi1, bmi2, adx, fma, vzeroupper, clflush, clflushopt, hv
Processor Information for all 8 processors :
  Max Mhz: 2401, Current Mhz: 2400, Mhz Limit: 2376

Memory: 4k page, system-wide physical 16224M (4224M free)
TotalPageFile size 16224M (AvailPageFile size 66M)
current process WorkingSet (physical memory assigned to process): 370M, peak: 379M
current process commit charge ("private bytes"): 415M, peak: 430M

vm_info: OpenJDK 64-Bit Server VM (17.0.10+7) for windows-amd64 JRE (17.0.10+7), built on Jan 16 2024 23:25:11 by "admin" with MS VC++ 16.10 / 16.11 (VS2019)

END.
