#
# There is insufficient memory for the Java Runtime Environment to continue.
# Native memory allocation (malloc) failed to allocate 156832 bytes for Chunk::new
# Possible reasons:
#   The system is out of physical RAM or swap space
#   The process is running with CompressedOops enabled, and the Java Heap may be blocking the growth of the native heap
# Possible solutions:
#   Reduce memory load on the system
#   Increase physical memory or swap space
#   Check if swap backing store is full
#   Decrease Java heap size (-Xmx/-Xms)
#   Decrease number of Java threads
#   Decrease Java thread stack sizes (-Xss)
#   Set larger code cache with -XX:ReservedCodeCacheSize=
#   JVM is running with Unscaled Compressed Oops mode in which the Java heap is
#     placed in the first 4GB address space. The Java Heap base address is the
#     maximum limit for the native heap growth. Please use -XX:HeapBaseMinAddress
#     to set the Java Heap base and to place the Java Heap above 4GB virtual address.
# This output file may be truncated or incomplete.
#
#  Out of Memory Error (arena.cpp:191), pid=17008, tid=16292
#
# JRE version: OpenJDK Runtime Environment Temurin-17.0.10+7 (17.0.10+7) (build 17.0.10+7)
# Java VM: OpenJDK 64-Bit Server VM Temurin-17.0.10+7 (17.0.10+7, mixed mode, tiered, compressed oops, compressed class ptrs, parallel gc, windows-amd64)
# No core dump will be written. Minidumps are not enabled by default on client versions of Windows
#

---------------  S U M M A R Y ------------

Command Line: --add-modules=ALL-SYSTEM --add-opens=java.base/java.util=ALL-UNNAMED --add-opens=java.base/java.lang=ALL-UNNAMED --add-opens=java.base/sun.nio.fs=ALL-UNNAMED -Declipse.application=org.eclipse.jdt.ls.core.id1 -Dosgi.bundles.defaultStartLevel=4 -Declipse.product=org.eclipse.jdt.ls.core.product -Djava.import.generatesMetadataFilesAtProjectRoot=false -DDetectVMInstallationsJob.disabled=true -Dfile.encoding=utf8 -XX:+UseParallelGC -XX:GCTimeRatio=4 -XX:AdaptiveSizePolicyWeight=90 -Dsun.zip.disableMemoryMapping=true -Xmx1G -Xms100m -Xlog:disable -javaagent:c:\Users\messi\.vscode\extensions\redhat.java-1.27.0-win32-x64\lombok\lombok-1.18.31.jar -XX:+HeapDumpOnOutOfMemoryError -XX:HeapDumpPath=c:\Users\messi\AppData\Roaming\Code\User\workspaceStorage\6a500c28aa25334788721326625da2af\redhat.java -Daether.dependencyCollector.impl=bf c:\Users\messi\.vscode\extensions\redhat.java-1.27.0-win32-x64\server\plugins\org.eclipse.equinox.launcher_1.6.700.v20231214-2017.jar -configuration c:\Users\messi\AppData\Roaming\Code\User\globalStorage\redhat.java\1.27.0\config_win -data c:\Users\messi\AppData\Roaming\Code\User\workspaceStorage\6a500c28aa25334788721326625da2af\redhat.java\jdt_ws --stdio

Host: Intel(R) Core(TM) i5-9300H CPU @ 2.40GHz, 8 cores, 15G,  Windows 11 , 64 bit Build 22621 (10.0.22621.3085)
Time: Thu Feb  8 23:12:00 2024 SE Asia Standard Time elapsed time: 19.340105 seconds (0d 0h 0m 19s)

---------------  T H R E A D  ---------------

Current thread (0x000002cc7d5d3520):  JavaThread "C2 CompilerThread0" daemon [_thread_in_native, id=16292, stack(0x000000d61ba00000,0x000000d61bb00000)]


Current CompileTask:
C2:  19340 8761       4       java.lang.String::toLowerCase (29 bytes)

Stack: [0x000000d61ba00000,0x000000d61bb00000]
Native frames: (J=compiled Java code, j=interpreted, Vv=VM code, C=native code)
V  [jvm.dll+0x67d2c9]
V  [jvm.dll+0x834afa]
V  [jvm.dll+0x8365be]
V  [jvm.dll+0x836c23]
V  [jvm.dll+0x2477ff]
V  [jvm.dll+0xac514]
V  [jvm.dll+0xacb5c]
V  [jvm.dll+0x3667d7]
V  [jvm.dll+0x330bfa]
V  [jvm.dll+0x33009a]
V  [jvm.dll+0x219ef1]
V  [jvm.dll+0x219311]
V  [jvm.dll+0x1a502d]
V  [jvm.dll+0x2290de]
V  [jvm.dll+0x2272ac]
V  [jvm.dll+0x7e9bb7]
V  [jvm.dll+0x7e3fba]
V  [jvm.dll+0x67c1b5]
C  [ucrtbase.dll+0x29363]
C  [KERNEL32.DLL+0x1257d]
C  [ntdll.dll+0x5aa58]


---------------  P R O C E S S  ---------------

Threads class SMR info:
_java_thread_list=0x000002cc0f287b40, length=28, elements={
0x000002cc736589f0, 0x000002cc784d3020, 0x000002cc784d4090, 0x000002cc784de8d0,
0x000002cc7d5c6810, 0x000002cc7d5ce8f0, 0x000002cc7d5cb650, 0x000002cc7d5d3520,
0x000002cc7d5d3e30, 0x000002cc7d5d4b30, 0x000002cc7d5cd4b0, 0x000002cc7d5ccfa0,
0x000002cc7d5cbb60, 0x000002cc7d5cded0, 0x000002cc7d5ce3e0, 0x000002cc7d5cb140,
0x000002cc7d5cc070, 0x000002cc7f2ef3b0, 0x000002cc7f2f2650, 0x000002cc7f2edf70,
0x000002cc7f2efdd0, 0x000002cc7f2eda60, 0x000002cc7f2f07f0, 0x000002cc7f2f1720,
0x000002cc7f2f1c30, 0x000002cc7f2f2b60, 0x000002cc7f2f3070, 0x000002cc7f2ee990
}

Java Threads: ( => current thread )
  0x000002cc736589f0 JavaThread "main" [_thread_blocked, id=628, stack(0x000000d61b100000,0x000000d61b200000)]
  0x000002cc784d3020 JavaThread "Reference Handler" daemon [_thread_blocked, id=18720, stack(0x000000d61b400000,0x000000d61b500000)]
  0x000002cc784d4090 JavaThread "Finalizer" daemon [_thread_blocked, id=18408, stack(0x000000d61b500000,0x000000d61b600000)]
  0x000002cc784de8d0 JavaThread "Signal Dispatcher" daemon [_thread_blocked, id=1368, stack(0x000000d61b600000,0x000000d61b700000)]
  0x000002cc7d5c6810 JavaThread "Attach Listener" daemon [_thread_blocked, id=16524, stack(0x000000d61b700000,0x000000d61b800000)]
  0x000002cc7d5ce8f0 JavaThread "Service Thread" daemon [_thread_blocked, id=18920, stack(0x000000d61b800000,0x000000d61b900000)]
  0x000002cc7d5cb650 JavaThread "Monitor Deflation Thread" daemon [_thread_blocked, id=8080, stack(0x000000d61b900000,0x000000d61ba00000)]
=>0x000002cc7d5d3520 JavaThread "C2 CompilerThread0" daemon [_thread_in_native, id=16292, stack(0x000000d61ba00000,0x000000d61bb00000)]
  0x000002cc7d5d3e30 JavaThread "C1 CompilerThread0" daemon [_thread_blocked, id=10620, stack(0x000000d61bb00000,0x000000d61bc00000)]
  0x000002cc7d5d4b30 JavaThread "Sweeper thread" daemon [_thread_blocked, id=18640, stack(0x000000d61bc00000,0x000000d61bd00000)]
  0x000002cc7d5cd4b0 JavaThread "Common-Cleaner" daemon [_thread_blocked, id=3232, stack(0x000000d61bd00000,0x000000d61be00000)]
  0x000002cc7d5ccfa0 JavaThread "Notification Thread" daemon [_thread_blocked, id=18896, stack(0x000000d61be00000,0x000000d61bf00000)]
  0x000002cc7d5cbb60 JavaThread "Active Thread: Equinox Container: f524ff1f-aed6-491a-8fff-f20b3b4fd742" [_thread_blocked, id=9168, stack(0x000000d61c800000,0x000000d61c900000)]
  0x000002cc7d5cded0 JavaThread "Framework Event Dispatcher: Equinox Container: f524ff1f-aed6-491a-8fff-f20b3b4fd742" daemon [_thread_blocked, id=14764, stack(0x000000d61c700000,0x000000d61c800000)]
  0x000002cc7d5ce3e0 JavaThread "Start Level: Equinox Container: f524ff1f-aed6-491a-8fff-f20b3b4fd742" daemon [_thread_blocked, id=9804, stack(0x000000d61c900000,0x000000d61ca00000)]
  0x000002cc7d5cb140 JavaThread "Bundle File Closer" daemon [_thread_blocked, id=5472, stack(0x000000d61cb00000,0x000000d61cc00000)]
  0x000002cc7d5cc070 JavaThread "SCR Component Actor" daemon [_thread_blocked, id=13956, stack(0x000000d61c000000,0x000000d61c100000)]
  0x000002cc7f2ef3b0 JavaThread "Worker-JM" [_thread_blocked, id=12036, stack(0x000000d61cd00000,0x000000d61ce00000)]
  0x000002cc7f2f2650 JavaThread "Worker-0: Update project social" [_thread_in_native, id=10480, stack(0x000000d61cf00000,0x000000d61d000000)]
  0x000002cc7f2edf70 JavaThread "Worker-1" [_thread_blocked, id=15576, stack(0x000000d61d000000,0x000000d61d100000)]
  0x000002cc7f2efdd0 JavaThread "Java indexing" daemon [_thread_blocked, id=19364, stack(0x000000d61d200000,0x000000d61d300000)]
  0x000002cc7f2eda60 JavaThread "JNA Cleaner" daemon [_thread_blocked, id=16472, stack(0x000000d61d300000,0x000000d61d400000)]
  0x000002cc7f2f07f0 JavaThread "pool-2-thread-1" [_thread_blocked, id=18116, stack(0x000000d61d600000,0x000000d61d700000)]
  0x000002cc7f2f1720 JavaThread "WorkspaceEventsHandler" [_thread_blocked, id=11364, stack(0x000000d61d700000,0x000000d61d800000)]
  0x000002cc7f2f1c30 JavaThread "pool-1-thread-1" [_thread_blocked, id=12648, stack(0x000000d61d800000,0x000000d61d900000)]
  0x000002cc7f2f2b60 JavaThread "Worker-2: Synchronizing projects" [_thread_blocked, id=15160, stack(0x000000d61d900000,0x000000d61da00000)]
  0x000002cc7f2f3070 JavaThread "Worker-3: Refreshing workspace" [_thread_blocked, id=16900, stack(0x000000d61da00000,0x000000d61db00000)]
  0x000002cc7f2ee990 JavaThread "Worker-4" [_thread_blocked, id=16092, stack(0x000000d61e000000,0x000000d61e100000)]

Other Threads:
  0x000002cc736fecf0 VMThread "VM Thread" [stack: 0x000000d61b300000,0x000000d61b400000] [id=18680]
  0x000002cc7d8edab0 WatcherThread [stack: 0x000000d61bf00000,0x000000d61c000000] [id=11784]
  0x000002cc73666a10 GCTaskThread "GC Thread#0" [stack: 0x000000d61b200000,0x000000d61b300000] [id=18700]
  0x000002cc7ebdafc0 GCTaskThread "GC Thread#1" [stack: 0x000000d61c100000,0x000000d61c200000] [id=13764]
  0x000002cc7ec41bd0 GCTaskThread "GC Thread#2" [stack: 0x000000d61c200000,0x000000d61c300000] [id=7976]
  0x000002cc7ef0e030 GCTaskThread "GC Thread#3" [stack: 0x000000d61c300000,0x000000d61c400000] [id=15000]
  0x000002cc7ef0e2f0 GCTaskThread "GC Thread#4" [stack: 0x000000d61c400000,0x000000d61c500000] [id=5668]
  0x000002cc7ef0e5b0 GCTaskThread "GC Thread#5" [stack: 0x000000d61c500000,0x000000d61c600000] [id=16628]
  0x000002cc7ef0e870 GCTaskThread "GC Thread#6" [stack: 0x000000d61c600000,0x000000d61c700000] [id=19312]
  0x000002cc7ee6f880 GCTaskThread "GC Thread#7" [stack: 0x000000d61ca00000,0x000000d61cb00000] [id=10112]

Threads with active compile tasks:
C2 CompilerThread0    19363 8761       4       java.lang.String::toLowerCase (29 bytes)

VM state: not at safepoint (normal execution)

VM Mutex/Monitor currently owned by a thread: None

Heap address: 0x00000000c0000000, size: 1024 MB, Compressed Oops mode: 32-bit

CDS archive(s) not mapped
Compressed class space mapped at: 0x0000000100000000-0x0000000140000000, reserved size: 1073741824
Narrow klass base: 0x0000000000000000, Narrow klass shift: 3, Narrow klass range: 0x140000000

GC Precious Log:
 CPUs: 8 total, 8 available
 Memory: 16224M
 Large Page Support: Disabled
 NUMA Support: Disabled
 Compressed Oops: Enabled (32-bit)
 Alignments: Space 512K, Generation 512K, Heap 2M
 Heap Min Capacity: 100M
 Heap Initial Capacity: 100M
 Heap Max Capacity: 1G
 Pre-touch: Disabled
 Parallel Workers: 8

Heap:
 PSYoungGen      total 19968K, used 6360K [0x00000000eab00000, 0x00000000ec080000, 0x0000000100000000)
  eden space 18944K, 28% used [0x00000000eab00000,0x00000000eb03b450,0x00000000ebd80000)
  from space 1024K, 97% used [0x00000000ebe00000,0x00000000ebefac70,0x00000000ebf00000)
  to   space 1536K, 0% used [0x00000000ebf00000,0x00000000ebf00000,0x00000000ec080000)
 ParOldGen       total 68608K, used 47223K [0x00000000c0000000, 0x00000000c4300000, 0x00000000eab00000)
  object space 68608K, 68% used [0x00000000c0000000,0x00000000c2e1dd80,0x00000000c4300000)
 Metaspace       used 56748K, committed 57920K, reserved 1114112K
  class space    used 6077K, committed 6656K, reserved 1048576K

Card table byte_map: [0x000002cc73010000,0x000002cc73220000] _byte_map_base: 0x000002cc72a10000

Marking Bits: (ParMarkBitMap*) 0x00007ff98f4bd7d0
 Begin Bits: [0x000002cc762e0000, 0x000002cc772e0000)
 End Bits:   [0x000002cc772e0000, 0x000002cc782e0000)

Polling page: 0x000002cc72e00000

Metaspace:

Usage:
  Non-class:     49.48 MB used.
      Class:      5.94 MB used.
       Both:     55.42 MB used.

Virtual space:
  Non-class space:       64.00 MB reserved,      50.06 MB ( 78%) committed,  1 nodes.
      Class space:        1.00 GB reserved,       6.50 MB ( <1%) committed,  1 nodes.
             Both:        1.06 GB reserved,      56.56 MB (  5%) committed. 

Chunk freelists:
   Non-Class:  13.88 MB
       Class:  9.35 MB
        Both:  23.22 MB

MaxMetaspaceSize: unlimited
CompressedClassSpaceSize: 1.00 GB
Initial GC threshold: 21.00 MB
Current GC threshold: 58.38 MB
CDS: off
MetaspaceReclaimPolicy: balanced
 - commit_granule_bytes: 65536.
 - commit_granule_words: 8192.
 - virtual_space_node_default_size: 8388608.
 - enlarge_chunks_in_place: 1.
 - new_chunks_are_fully_committed: 0.
 - uncommit_free_chunks: 1.
 - use_allocation_guard: 0.
 - handle_deallocations: 1.


Internal statistics:

num_allocs_failed_limit: 6.
num_arena_births: 826.
num_arena_deaths: 14.
num_vsnodes_births: 2.
num_vsnodes_deaths: 0.
num_space_committed: 905.
num_space_uncommitted: 0.
num_chunks_returned_to_freelist: 20.
num_chunks_taken_from_freelist: 3053.
num_chunk_merges: 9.
num_chunk_splits: 1902.
num_chunks_enlarged: 1131.
num_inconsistent_stats: 0.

CodeHeap 'non-profiled nmethods': size=120000Kb used=4932Kb max_used=4932Kb free=115067Kb
 bounds [0x000002cc07ad0000, 0x000002cc07fb0000, 0x000002cc0f000000]
CodeHeap 'profiled nmethods': size=120000Kb used=16541Kb max_used=16541Kb free=103458Kb
 bounds [0x000002cc00000000, 0x000002cc01030000, 0x000002cc07530000]
CodeHeap 'non-nmethods': size=5760Kb used=1293Kb max_used=1382Kb free=4466Kb
 bounds [0x000002cc07530000, 0x000002cc077a0000, 0x000002cc07ad0000]
 total_blobs=8588 nmethods=7966 adapters=536
 compilation: enabled
              stopped_count=0, restarted_count=0
 full_count=0

Compilation events (20 events):
Event: 18.968 Thread 0x000002cc7d5d3e30 nmethod 8755 0x000002cc0101fb10 code [0x000002cc0101fd00, 0x000002cc01020198]
Event: 18.968 Thread 0x000002cc7d5d3e30 8756       3       org.apache.maven.artifact.repository.MavenArtifactRepository::protocol (25 bytes)
Event: 18.968 Thread 0x000002cc7d5d3e30 nmethod 8756 0x000002cc01020410 code [0x000002cc01020640, 0x000002cc01020c88]
Event: 19.126 Thread 0x000002cc7d5d3e30 8757       3       org.apache.maven.repository.legacy.LegacyRepositorySystem::createArtifactRepository (41 bytes)
Event: 19.126 Thread 0x000002cc7d5d3e30 nmethod 8757 0x000002cc01020e90 code [0x000002cc01021060, 0x000002cc01021418]
Event: 19.126 Thread 0x000002cc7d5d3e30 8758       3       org.apache.maven.repository.legacy.repository.DefaultArtifactRepositoryFactory::createArtifactRepository (124 bytes)
Event: 19.126 Thread 0x000002cc7d5d3e30 nmethod 8758 0x000002cc01021590 code [0x000002cc010217e0, 0x000002cc010223f8]
Event: 19.236 Thread 0x000002cc7d5d3e30 8759       3       org.eclipse.m2e.core.internal.preferences.MavenConfigurationImpl::getUserSettingsFile (17 bytes)
Event: 19.236 Thread 0x000002cc7d5d3520 8760       4       java.util.HashMap::entrySet (27 bytes)
Event: 19.236 Thread 0x000002cc7d5d3e30 nmethod 8759 0x000002cc01022790 code [0x000002cc01022940, 0x000002cc01022ae8]
Event: 19.237 Thread 0x000002cc7d5d3520 nmethod 8760 0x000002cc07fa0d90 code [0x000002cc07fa0f20, 0x000002cc07fa1038]
Event: 19.334 Thread 0x000002cc7d5d3520 8761       4       java.lang.String::toLowerCase (29 bytes)
Event: 19.335 Thread 0x000002cc7d5d3e30 8762       3       org.eclipse.m2e.core.internal.embedder.MavenImpl::getSettings (6 bytes)
Event: 19.335 Thread 0x000002cc7d5d3e30 nmethod 8762 0x000002cc01022c10 code [0x000002cc01022dc0, 0x000002cc01022f08]
Event: 19.335 Thread 0x000002cc7d5d3e30 8763  s!   3       org.eclipse.m2e.core.internal.embedder.MavenImpl::getSettings (261 bytes)
Event: 19.337 Thread 0x000002cc7d5d3e30 nmethod 8763 0x000002cc01022f90 code [0x000002cc01023480, 0x000002cc01025928]
Event: 19.337 Thread 0x000002cc7d5d3e30 8764       3       org.apache.maven.artifact.factory.DefaultArtifactFactory::createArtifact (17 bytes)
Event: 19.337 Thread 0x000002cc7d5d3e30 nmethod 8764 0x000002cc01026790 code [0x000002cc01026920, 0x000002cc01026a68]
Event: 19.337 Thread 0x000002cc7d5d3e30 8765       3       org.apache.maven.artifact.factory.DefaultArtifactFactory::createArtifact (138 bytes)
Event: 19.337 Thread 0x000002cc7d5d3e30 nmethod 8765 0x000002cc01026b10 code [0x000002cc01026d60, 0x000002cc01027488]

GC Heap History (20 events):
Event: 8.040 GC heap before
{Heap before GC invocations=26 (full 2):
 PSYoungGen      total 24064K, used 23680K [0x00000000eab00000, 0x00000000ec500000, 0x0000000100000000)
  eden space 21504K, 100% used [0x00000000eab00000,0x00000000ec000000,0x00000000ec000000)
  from space 2560K, 85% used [0x00000000ec000000,0x00000000ec220010,0x00000000ec280000)
  to   space 2560K, 0% used [0x00000000ec280000,0x00000000ec280000,0x00000000ec500000)
 ParOldGen       total 68608K, used 31256K [0x00000000c0000000, 0x00000000c4300000, 0x00000000eab00000)
  object space 68608K, 45% used [0x00000000c0000000,0x00000000c1e860d8,0x00000000c4300000)
 Metaspace       used 53625K, committed 54720K, reserved 1114112K
  class space    used 5813K, committed 6272K, reserved 1048576K
}
Event: 8.043 GC heap after
{Heap after GC invocations=26 (full 2):
 PSYoungGen      total 21504K, used 2544K [0x00000000eab00000, 0x00000000eca00000, 0x0000000100000000)
  eden space 18944K, 0% used [0x00000000eab00000,0x00000000eab00000,0x00000000ebd80000)
  from space 2560K, 99% used [0x00000000ec280000,0x00000000ec4fc010,0x00000000ec500000)
  to   space 5120K, 0% used [0x00000000ebd80000,0x00000000ebd80000,0x00000000ec280000)
 ParOldGen       total 68608K, used 33328K [0x00000000c0000000, 0x00000000c4300000, 0x00000000eab00000)
  object space 68608K, 48% used [0x00000000c0000000,0x00000000c208c0e8,0x00000000c4300000)
 Metaspace       used 53625K, committed 54720K, reserved 1114112K
  class space    used 5813K, committed 6272K, reserved 1048576K
}
Event: 8.342 GC heap before
{Heap before GC invocations=27 (full 2):
 PSYoungGen      total 21504K, used 21488K [0x00000000eab00000, 0x00000000eca00000, 0x0000000100000000)
  eden space 18944K, 100% used [0x00000000eab00000,0x00000000ebd80000,0x00000000ebd80000)
  from space 2560K, 99% used [0x00000000ec280000,0x00000000ec4fc010,0x00000000ec500000)
  to   space 5120K, 0% used [0x00000000ebd80000,0x00000000ebd80000,0x00000000ec280000)
 ParOldGen       total 68608K, used 33328K [0x00000000c0000000, 0x00000000c4300000, 0x00000000eab00000)
  object space 68608K, 48% used [0x00000000c0000000,0x00000000c208c0e8,0x00000000c4300000)
 Metaspace       used 54218K, committed 55424K, reserved 1114112K
  class space    used 5853K, committed 6400K, reserved 1048576K
}
Event: 8.344 GC heap after
{Heap after GC invocations=27 (full 2):
 PSYoungGen      total 21504K, used 2496K [0x00000000eab00000, 0x00000000ec480000, 0x0000000100000000)
  eden space 18944K, 0% used [0x00000000eab00000,0x00000000eab00000,0x00000000ebd80000)
  from space 2560K, 97% used [0x00000000ebd80000,0x00000000ebff0000,0x00000000ec000000)
  to   space 3584K, 0% used [0x00000000ec100000,0x00000000ec100000,0x00000000ec480000)
 ParOldGen       total 68608K, used 35777K [0x00000000c0000000, 0x00000000c4300000, 0x00000000eab00000)
  object space 68608K, 52% used [0x00000000c0000000,0x00000000c22f0770,0x00000000c4300000)
 Metaspace       used 54218K, committed 55424K, reserved 1114112K
  class space    used 5853K, committed 6400K, reserved 1048576K
}
Event: 8.520 GC heap before
{Heap before GC invocations=28 (full 2):
 PSYoungGen      total 21504K, used 21440K [0x00000000eab00000, 0x00000000ec480000, 0x0000000100000000)
  eden space 18944K, 100% used [0x00000000eab00000,0x00000000ebd80000,0x00000000ebd80000)
  from space 2560K, 97% used [0x00000000ebd80000,0x00000000ebff0000,0x00000000ec000000)
  to   space 3584K, 0% used [0x00000000ec100000,0x00000000ec100000,0x00000000ec480000)
 ParOldGen       total 68608K, used 35777K [0x00000000c0000000, 0x00000000c4300000, 0x00000000eab00000)
  object space 68608K, 52% used [0x00000000c0000000,0x00000000c22f0770,0x00000000c4300000)
 Metaspace       used 54409K, committed 55552K, reserved 1114112K
  class space    used 5854K, committed 6400K, reserved 1048576K
}
Event: 8.523 GC heap after
{Heap after GC invocations=28 (full 2):
 PSYoungGen      total 20480K, used 1344K [0x00000000eab00000, 0x00000000ec280000, 0x0000000100000000)
  eden space 18944K, 0% used [0x00000000eab00000,0x00000000eab00000,0x00000000ebd80000)
  from space 1536K, 87% used [0x00000000ec100000,0x00000000ec250000,0x00000000ec280000)
  to   space 2048K, 0% used [0x00000000ebe80000,0x00000000ebe80000,0x00000000ec080000)
 ParOldGen       total 68608K, used 38035K [0x00000000c0000000, 0x00000000c4300000, 0x00000000eab00000)
  object space 68608K, 55% used [0x00000000c0000000,0x00000000c2524ca8,0x00000000c4300000)
 Metaspace       used 54409K, committed 55552K, reserved 1114112K
  class space    used 5854K, committed 6400K, reserved 1048576K
}
Event: 8.875 GC heap before
{Heap before GC invocations=29 (full 2):
 PSYoungGen      total 20480K, used 20288K [0x00000000eab00000, 0x00000000ec280000, 0x0000000100000000)
  eden space 18944K, 100% used [0x00000000eab00000,0x00000000ebd80000,0x00000000ebd80000)
  from space 1536K, 87% used [0x00000000ec100000,0x00000000ec250000,0x00000000ec280000)
  to   space 2048K, 0% used [0x00000000ebe80000,0x00000000ebe80000,0x00000000ec080000)
 ParOldGen       total 68608K, used 38035K [0x00000000c0000000, 0x00000000c4300000, 0x00000000eab00000)
  object space 68608K, 55% used [0x00000000c0000000,0x00000000c2524ca8,0x00000000c4300000)
 Metaspace       used 55213K, committed 56448K, reserved 1114112K
  class space    used 5963K, committed 6528K, reserved 1048576K
}
Event: 8.878 GC heap after
{Heap after GC invocations=29 (full 2):
 PSYoungGen      total 20992K, used 1664K [0x00000000eab00000, 0x00000000ec180000, 0x0000000100000000)
  eden space 18944K, 0% used [0x00000000eab00000,0x00000000eab00000,0x00000000ebd80000)
  from space 2048K, 81% used [0x00000000ebe80000,0x00000000ec020000,0x00000000ec080000)
  to   space 1024K, 0% used [0x00000000ec080000,0x00000000ec080000,0x00000000ec180000)
 ParOldGen       total 68608K, used 39144K [0x00000000c0000000, 0x00000000c4300000, 0x00000000eab00000)
  object space 68608K, 57% used [0x00000000c0000000,0x00000000c263a1c0,0x00000000c4300000)
 Metaspace       used 55213K, committed 56448K, reserved 1114112K
  class space    used 5963K, committed 6528K, reserved 1048576K
}
Event: 9.163 GC heap before
{Heap before GC invocations=30 (full 2):
 PSYoungGen      total 20992K, used 20608K [0x00000000eab00000, 0x00000000ec180000, 0x0000000100000000)
  eden space 18944K, 100% used [0x00000000eab00000,0x00000000ebd80000,0x00000000ebd80000)
  from space 2048K, 81% used [0x00000000ebe80000,0x00000000ec020000,0x00000000ec080000)
  to   space 1024K, 0% used [0x00000000ec080000,0x00000000ec080000,0x00000000ec180000)
 ParOldGen       total 68608K, used 39144K [0x00000000c0000000, 0x00000000c4300000, 0x00000000eab00000)
  object space 68608K, 57% used [0x00000000c0000000,0x00000000c263a1c0,0x00000000c4300000)
 Metaspace       used 56022K, committed 57216K, reserved 1114112K
  class space    used 6047K, committed 6592K, reserved 1048576K
}
Event: 9.164 GC heap after
{Heap after GC invocations=30 (full 2):
 PSYoungGen      total 19968K, used 1024K [0x00000000eab00000, 0x00000000ec380000, 0x0000000100000000)
  eden space 18944K, 0% used [0x00000000eab00000,0x00000000eab00000,0x00000000ebd80000)
  from space 1024K, 100% used [0x00000000ec080000,0x00000000ec180000,0x00000000ec180000)
  to   space 3072K, 0% used [0x00000000ebd80000,0x00000000ebd80000,0x00000000ec080000)
 ParOldGen       total 68608K, used 40765K [0x00000000c0000000, 0x00000000c4300000, 0x00000000eab00000)
  object space 68608K, 59% used [0x00000000c0000000,0x00000000c27cf6f0,0x00000000c4300000)
 Metaspace       used 56022K, committed 57216K, reserved 1114112K
  class space    used 6047K, committed 6592K, reserved 1048576K
}
Event: 9.274 GC heap before
{Heap before GC invocations=31 (full 2):
 PSYoungGen      total 19968K, used 19968K [0x00000000eab00000, 0x00000000ec380000, 0x0000000100000000)
  eden space 18944K, 100% used [0x00000000eab00000,0x00000000ebd80000,0x00000000ebd80000)
  from space 1024K, 100% used [0x00000000ec080000,0x00000000ec180000,0x00000000ec180000)
  to   space 3072K, 0% used [0x00000000ebd80000,0x00000000ebd80000,0x00000000ec080000)
 ParOldGen       total 68608K, used 40765K [0x00000000c0000000, 0x00000000c4300000, 0x00000000eab00000)
  object space 68608K, 59% used [0x00000000c0000000,0x00000000c27cf6f0,0x00000000c4300000)
 Metaspace       used 56113K, committed 57344K, reserved 1114112K
  class space    used 6049K, committed 6592K, reserved 1048576K
}
Event: 9.276 GC heap after
{Heap after GC invocations=31 (full 2):
 PSYoungGen      total 20992K, used 2016K [0x00000000eab00000, 0x00000000ec280000, 0x0000000100000000)
  eden space 18944K, 0% used [0x00000000eab00000,0x00000000eab00000,0x00000000ebd80000)
  from space 2048K, 98% used [0x00000000ebd80000,0x00000000ebf78000,0x00000000ebf80000)
  to   space 2560K, 0% used [0x00000000ec000000,0x00000000ec000000,0x00000000ec280000)
 ParOldGen       total 68608K, used 41767K [0x00000000c0000000, 0x00000000c4300000, 0x00000000eab00000)
  object space 68608K, 60% used [0x00000000c0000000,0x00000000c28c9d80,0x00000000c4300000)
 Metaspace       used 56113K, committed 57344K, reserved 1114112K
  class space    used 6049K, committed 6592K, reserved 1048576K
}
Event: 9.352 GC heap before
{Heap before GC invocations=32 (full 2):
 PSYoungGen      total 20992K, used 20960K [0x00000000eab00000, 0x00000000ec280000, 0x0000000100000000)
  eden space 18944K, 100% used [0x00000000eab00000,0x00000000ebd80000,0x00000000ebd80000)
  from space 2048K, 98% used [0x00000000ebd80000,0x00000000ebf78000,0x00000000ebf80000)
  to   space 2560K, 0% used [0x00000000ec000000,0x00000000ec000000,0x00000000ec280000)
 ParOldGen       total 68608K, used 41767K [0x00000000c0000000, 0x00000000c4300000, 0x00000000eab00000)
  object space 68608K, 60% used [0x00000000c0000000,0x00000000c28c9d80,0x00000000c4300000)
 Metaspace       used 56249K, committed 57472K, reserved 1114112K
  class space    used 6052K, committed 6592K, reserved 1048576K
}
Event: 9.354 GC heap after
{Heap after GC invocations=32 (full 2):
 PSYoungGen      total 20480K, used 1248K [0x00000000eab00000, 0x00000000ec180000, 0x0000000100000000)
  eden space 18944K, 0% used [0x00000000eab00000,0x00000000eab00000,0x00000000ebd80000)
  from space 1536K, 81% used [0x00000000ec000000,0x00000000ec138000,0x00000000ec180000)
  to   space 2048K, 0% used [0x00000000ebd80000,0x00000000ebd80000,0x00000000ebf80000)
 ParOldGen       total 68608K, used 43335K [0x00000000c0000000, 0x00000000c4300000, 0x00000000eab00000)
  object space 68608K, 63% used [0x00000000c0000000,0x00000000c2a51d80,0x00000000c4300000)
 Metaspace       used 56249K, committed 57472K, reserved 1114112K
  class space    used 6052K, committed 6592K, reserved 1048576K
}
Event: 9.483 GC heap before
{Heap before GC invocations=33 (full 2):
 PSYoungGen      total 20480K, used 20192K [0x00000000eab00000, 0x00000000ec180000, 0x0000000100000000)
  eden space 18944K, 100% used [0x00000000eab00000,0x00000000ebd80000,0x00000000ebd80000)
  from space 1536K, 81% used [0x00000000ec000000,0x00000000ec138000,0x00000000ec180000)
  to   space 2048K, 0% used [0x00000000ebd80000,0x00000000ebd80000,0x00000000ebf80000)
 ParOldGen       total 68608K, used 43335K [0x00000000c0000000, 0x00000000c4300000, 0x00000000eab00000)
  object space 68608K, 63% used [0x00000000c0000000,0x00000000c2a51d80,0x00000000c4300000)
 Metaspace       used 56410K, committed 57600K, reserved 1114112K
  class space    used 6053K, committed 6592K, reserved 1048576K
}
Event: 9.484 GC heap after
{Heap after GC invocations=33 (full 2):
 PSYoungGen      total 20992K, used 1632K [0x00000000eab00000, 0x00000000ec180000, 0x0000000100000000)
  eden space 18944K, 0% used [0x00000000eab00000,0x00000000eab00000,0x00000000ebd80000)
  from space 2048K, 79% used [0x00000000ebd80000,0x00000000ebf18000,0x00000000ebf80000)
  to   space 2048K, 0% used [0x00000000ebf80000,0x00000000ebf80000,0x00000000ec180000)
 ParOldGen       total 68608K, used 44399K [0x00000000c0000000, 0x00000000c4300000, 0x00000000eab00000)
  object space 68608K, 64% used [0x00000000c0000000,0x00000000c2b5bd80,0x00000000c4300000)
 Metaspace       used 56410K, committed 57600K, reserved 1114112K
  class space    used 6053K, committed 6592K, reserved 1048576K
}
Event: 9.623 GC heap before
{Heap before GC invocations=34 (full 2):
 PSYoungGen      total 20992K, used 20576K [0x00000000eab00000, 0x00000000ec180000, 0x0000000100000000)
  eden space 18944K, 100% used [0x00000000eab00000,0x00000000ebd80000,0x00000000ebd80000)
  from space 2048K, 79% used [0x00000000ebd80000,0x00000000ebf18000,0x00000000ebf80000)
  to   space 2048K, 0% used [0x00000000ebf80000,0x00000000ebf80000,0x00000000ec180000)
 ParOldGen       total 68608K, used 44399K [0x00000000c0000000, 0x00000000c4300000, 0x00000000eab00000)
  object space 68608K, 64% used [0x00000000c0000000,0x00000000c2b5bd80,0x00000000c4300000)
 Metaspace       used 56654K, committed 57856K, reserved 1114112K
  class space    used 6074K, committed 6656K, reserved 1048576K
}
Event: 9.625 GC heap after
{Heap after GC invocations=34 (full 2):
 PSYoungGen      total 20480K, used 1472K [0x00000000eab00000, 0x00000000ec100000, 0x0000000100000000)
  eden space 18944K, 0% used [0x00000000eab00000,0x00000000eab00000,0x00000000ebd80000)
  from space 1536K, 95% used [0x00000000ebf80000,0x00000000ec0f0000,0x00000000ec100000)
  to   space 1536K, 0% used [0x00000000ebe00000,0x00000000ebe00000,0x00000000ebf80000)
 ParOldGen       total 68608K, used 45879K [0x00000000c0000000, 0x00000000c4300000, 0x00000000eab00000)
  object space 68608K, 66% used [0x00000000c0000000,0x00000000c2ccdd80,0x00000000c4300000)
 Metaspace       used 56654K, committed 57856K, reserved 1114112K
  class space    used 6074K, committed 6656K, reserved 1048576K
}
Event: 13.129 GC heap before
{Heap before GC invocations=35 (full 2):
 PSYoungGen      total 20480K, used 20416K [0x00000000eab00000, 0x00000000ec100000, 0x0000000100000000)
  eden space 18944K, 100% used [0x00000000eab00000,0x00000000ebd80000,0x00000000ebd80000)
  from space 1536K, 95% used [0x00000000ebf80000,0x00000000ec0f0000,0x00000000ec100000)
  to   space 1536K, 0% used [0x00000000ebe00000,0x00000000ebe00000,0x00000000ebf80000)
 ParOldGen       total 68608K, used 45879K [0x00000000c0000000, 0x00000000c4300000, 0x00000000eab00000)
  object space 68608K, 66% used [0x00000000c0000000,0x00000000c2ccdd80,0x00000000c4300000)
 Metaspace       used 56704K, committed 57920K, reserved 1114112K
  class space    used 6077K, committed 6656K, reserved 1048576K
}
Event: 13.130 GC heap after
{Heap after GC invocations=35 (full 2):
 PSYoungGen      total 19968K, used 1003K [0x00000000eab00000, 0x00000000ec080000, 0x0000000100000000)
  eden space 18944K, 0% used [0x00000000eab00000,0x00000000eab00000,0x00000000ebd80000)
  from space 1024K, 97% used [0x00000000ebe00000,0x00000000ebefac70,0x00000000ebf00000)
  to   space 1536K, 0% used [0x00000000ebf00000,0x00000000ebf00000,0x00000000ec080000)
 ParOldGen       total 68608K, used 47223K [0x00000000c0000000, 0x00000000c4300000, 0x00000000eab00000)
  object space 68608K, 68% used [0x00000000c0000000,0x00000000c2e1dd80,0x00000000c4300000)
 Metaspace       used 56704K, committed 57920K, reserved 1114112K
  class space    used 6077K, committed 6656K, reserved 1048576K
}

Dll operation events (10 events):
Event: 0.028 Loaded shared library c:\Users\messi\.vscode\extensions\redhat.java-1.27.0-win32-x64\jre\17.0.10-win32-x86_64\bin\java.dll
Event: 0.156 Loaded shared library c:\Users\messi\.vscode\extensions\redhat.java-1.27.0-win32-x64\jre\17.0.10-win32-x86_64\bin\zip.dll
Event: 0.158 Loaded shared library C:\Users\messi\.vscode\extensions\redhat.java-1.27.0-win32-x64\jre\17.0.10-win32-x86_64\bin\instrument.dll
Event: 0.169 Loaded shared library C:\Users\messi\.vscode\extensions\redhat.java-1.27.0-win32-x64\jre\17.0.10-win32-x86_64\bin\net.dll
Event: 0.171 Loaded shared library C:\Users\messi\.vscode\extensions\redhat.java-1.27.0-win32-x64\jre\17.0.10-win32-x86_64\bin\nio.dll
Event: 0.177 Loaded shared library C:\Users\messi\.vscode\extensions\redhat.java-1.27.0-win32-x64\jre\17.0.10-win32-x86_64\bin\zip.dll
Event: 0.186 Loaded shared library C:\Users\messi\.vscode\extensions\redhat.java-1.27.0-win32-x64\jre\17.0.10-win32-x86_64\bin\jimage.dll
Event: 0.231 Loaded shared library c:\Users\messi\.vscode\extensions\redhat.java-1.27.0-win32-x64\jre\17.0.10-win32-x86_64\bin\verify.dll
Event: 2.692 Loaded shared library C:\Users\messi\AppData\Roaming\Code\User\globalStorage\redhat.java\1.27.0\config_win\org.eclipse.equinox.launcher\org.eclipse.equinox.launcher.win32.win32.x86_64_1.2.900.v20240129-1338\eclipse_11900.dll
Event: 5.807 Loaded shared library C:\Users\messi\AppData\Local\Temp\jna-103786865\jna15694374523137080402.dll

Deoptimization events (20 events):
Event: 9.761 Thread 0x000002cc7f2f2650 DEOPT PACKING pc=0x000002cc007df4b4 sp=0x000000d61cffe4d0
Event: 9.761 Thread 0x000002cc7f2f2650 DEOPT UNPACKING pc=0x000002cc07586e43 sp=0x000000d61cffd940 mode 0
Event: 11.580 Thread 0x000002cc7f2f2650 Uncommon trap: trap_request=0xffffff45 fr.pc=0x000002cc07d73484 relative=0x00000000000011e4
Event: 11.580 Thread 0x000002cc7f2f2650 Uncommon trap: reason=unstable_if action=reinterpret pc=0x000002cc07d73484 method=java.util.zip.ZipFile$Source.isSignatureRelated(II)Z @ 143 c2
Event: 11.580 Thread 0x000002cc7f2f2650 DEOPT PACKING pc=0x000002cc07d73484 sp=0x000000d61cffe160
Event: 11.580 Thread 0x000002cc7f2f2650 DEOPT UNPACKING pc=0x000002cc075866a3 sp=0x000000d61cffe0b8 mode 2
Event: 12.239 Thread 0x000002cc7f2f2650 DEOPT PACKING pc=0x000002cc00ff441f sp=0x000000d61cffe0d0
Event: 12.239 Thread 0x000002cc7f2f2650 DEOPT UNPACKING pc=0x000002cc07586e43 sp=0x000000d61cffd650 mode 0
Event: 12.247 Thread 0x000002cc7f2f2650 Uncommon trap: trap_request=0xffffff45 fr.pc=0x000002cc07b91b30 relative=0x0000000000000190
Event: 12.247 Thread 0x000002cc7f2f2650 Uncommon trap: reason=unstable_if action=reinterpret pc=0x000002cc07b91b30 method=java.util.zip.ZipFile$Source.isMetaName([BII)Z @ 57 c2
Event: 12.247 Thread 0x000002cc7f2f2650 DEOPT PACKING pc=0x000002cc07b91b30 sp=0x000000d61cffe210
Event: 12.247 Thread 0x000002cc7f2f2650 DEOPT UNPACKING pc=0x000002cc075866a3 sp=0x000000d61cffe1a0 mode 2
Event: 13.128 Thread 0x000002cc7f2f2650 DEOPT PACKING pc=0x000002cc00ff441f sp=0x000000d61cffe250
Event: 13.128 Thread 0x000002cc7f2f2650 DEOPT UNPACKING pc=0x000002cc07586e43 sp=0x000000d61cffd7d0 mode 0
Event: 13.698 Thread 0x000002cc7f2f2650 DEOPT PACKING pc=0x000002cc0036c83d sp=0x000000d61cffe210
Event: 13.698 Thread 0x000002cc7f2f2650 DEOPT UNPACKING pc=0x000002cc07586e43 sp=0x000000d61cffd698 mode 0
Event: 16.126 Thread 0x000002cc7f2f2650 DEOPT PACKING pc=0x000002cc00078989 sp=0x000000d61cffe3a0
Event: 16.126 Thread 0x000002cc7f2f2650 DEOPT UNPACKING pc=0x000002cc07586e43 sp=0x000000d61cffd898 mode 0
Event: 18.171 Thread 0x000002cc7f2f2650 DEOPT PACKING pc=0x000002cc00ff441f sp=0x000000d61cffe2a0
Event: 18.171 Thread 0x000002cc7f2f2650 DEOPT UNPACKING pc=0x000002cc07586e43 sp=0x000000d61cffd820 mode 0

Classes unloaded (7 events):
Event: 4.724 Thread 0x000002cc736fecf0 Unloading class 0x0000000100252400 'java/lang/invoke/LambdaForm$MH+0x0000000100252400'
Event: 4.724 Thread 0x000002cc736fecf0 Unloading class 0x0000000100252000 'java/lang/invoke/LambdaForm$MH+0x0000000100252000'
Event: 4.724 Thread 0x000002cc736fecf0 Unloading class 0x0000000100251c00 'java/lang/invoke/LambdaForm$MH+0x0000000100251c00'
Event: 4.724 Thread 0x000002cc736fecf0 Unloading class 0x0000000100251800 'java/lang/invoke/LambdaForm$MH+0x0000000100251800'
Event: 4.724 Thread 0x000002cc736fecf0 Unloading class 0x0000000100251400 'java/lang/invoke/LambdaForm$BMH+0x0000000100251400'
Event: 4.724 Thread 0x000002cc736fecf0 Unloading class 0x0000000100251000 'java/lang/invoke/LambdaForm$DMH+0x0000000100251000'
Event: 4.724 Thread 0x000002cc736fecf0 Unloading class 0x000000010024c400 'java/lang/invoke/LambdaForm$DMH+0x000000010024c400'

Classes redefined (0 events):
No events

Internal exceptions (20 events):
Event: 8.844 Thread 0x000002cc7f2f2650 Exception <a 'java/lang/NoSuchMethodError'{0x00000000eb895cd0}: 'java.lang.Object java.lang.invoke.Invokers$Holder.linkToTargetMethod(java.lang.Object, java.lang.Object, java.lang.Object, java.lang.Object, java.lang.Object, java.lang.Object, java.lang.Object)'> (0x00000000eb895cd0) 
thrown [s\src\hotspot\share\interpreter\linkResolver.cpp, line 759]
Event: 8.851 Thread 0x000002cc7f2f2650 Exception <a 'java/lang/NoSuchMethodError'{0x00000000eb98e2d8}: 'void java.lang.invoke.DirectMethodHandle$Holder.invokeInterface(java.lang.Object, java.lang.Object)'> (0x00000000eb98e2d8) 
thrown [s\src\hotspot\share\interpreter\linkResolver.cpp, line 759]
Event: 8.854 Thread 0x000002cc7f2f2650 Exception <a 'java/lang/NoSuchMethodError'{0x00000000eb9dc5c0}: 'java.lang.Object java.lang.invoke.DirectMethodHandle$Holder.newInvokeSpecial(java.lang.Object, java.lang.Object, java.lang.Object, java.lang.Object, java.lang.Object, java.lang.Object)'> (0x00000000eb9dc5c0) 
thrown [s\src\hotspot\share\interpreter\linkResolver.cpp, line 759]
Event: 8.856 Thread 0x000002cc7f2f53e0 Exception <a 'java/lang/NoSuchMethodError'{0x00000000eba5d630}: 'void java.lang.invoke.DirectMethodHandle$Holder.invokeSpecial(java.lang.Object, java.lang.Object, java.lang.Object, java.lang.Object, java.lang.Object, java.lang.Object, java.lang.Object, java.lang.Object)'> (0x00000000eba5d630) 
thrown [s\src\hotspot\share\interpreter\linkResolver.cpp, line 759]
Event: 8.856 Thread 0x000002cc7f2ee480 Exception <a 'java/lang/NoSuchMethodError'{0x00000000eba718c8}: 'void java.lang.invoke.DirectMethodHandle$Holder.invokeSpecial(java.lang.Object, java.lang.Object, java.lang.Object, java.lang.Object, java.lang.Object, java.lang.Object, java.lang.Object, java.lang.Object)'> (0x00000000eba718c8) 
thrown [s\src\hotspot\share\interpreter\linkResolver.cpp, line 759]
Event: 8.856 Thread 0x000002cc7f2f4ed0 Exception <a 'java/lang/NoSuchMethodError'{0x00000000eba45ab8}: 'void java.lang.invoke.DirectMethodHandle$Holder.invokeSpecial(java.lang.Object, java.lang.Object, java.lang.Object, java.lang.Object, java.lang.Object, java.lang.Object, java.lang.Object, java.lang.Object)'> (0x00000000eba45ab8) 
thrown [s\src\hotspot\share\interpreter\linkResolver.cpp, line 759]
Event: 8.856 Thread 0x000002cc7f2f3fa0 Exception <a 'java/lang/NoSuchMethodError'{0x00000000eba846d8}: 'void java.lang.invoke.DirectMethodHandle$Holder.invokeSpecial(java.lang.Object, java.lang.Object, java.lang.Object, java.lang.Object, java.lang.Object, java.lang.Object, java.lang.Object, java.lang.Object)'> (0x00000000eba846d8) 
thrown [s\src\hotspot\share\interpreter\linkResolver.cpp, line 759]
Event: 8.856 Thread 0x000002cc7f2f44b0 Exception <a 'java/lang/NoSuchMethodError'{0x00000000eba2df58}: 'void java.lang.invoke.DirectMethodHandle$Holder.invokeSpecial(java.lang.Object, java.lang.Object, java.lang.Object, java.lang.Object, java.lang.Object, java.lang.Object, java.lang.Object, java.lang.Object)'> (0x00000000eba2df58) 
thrown [s\src\hotspot\share\interpreter\linkResolver.cpp, line 759]
Event: 9.433 Thread 0x000002cc7f2f2650 Implicit null exception at 0x000002cc07da3929 to 0x000002cc07da3dbc
Event: 9.433 Thread 0x000002cc7f2f2650 Implicit null exception at 0x000002cc07f2e1ee to 0x000002cc07f2e494
Event: 9.536 Thread 0x000002cc7f2f2650 Exception <a 'java/lang/NoSuchMethodError'{0x00000000eac2d620}: 'long java.lang.invoke.DirectMethodHandle$Holder.invokeStatic(java.lang.Object, java.lang.Object)'> (0x00000000eac2d620) 
thrown [s\src\hotspot\share\interpreter\linkResolver.cpp, line 759]
Event: 9.539 Thread 0x000002cc7f2f2650 Exception <a 'java/io/IOException'{0x00000000eac59f20}> (0x00000000eac59f20) 
thrown [s\src\hotspot\share\prims\jni.cpp, line 516]
Event: 9.539 Thread 0x000002cc7f2f2650 Exception <a 'java/io/IOException'{0x00000000eac5a230}> (0x00000000eac5a230) 
thrown [s\src\hotspot\share\prims\jni.cpp, line 516]
Event: 9.539 Thread 0x000002cc7f2f2650 Exception <a 'java/io/IOException'{0x00000000eac5a540}> (0x00000000eac5a540) 
thrown [s\src\hotspot\share\prims\jni.cpp, line 516]
Event: 9.541 Thread 0x000002cc7f2f2650 Exception <a 'java/lang/NoSuchMethodError'{0x00000000eac7c438}: 'java.lang.Object java.lang.invoke.DirectMethodHandle$Holder.newInvokeSpecial(java.lang.Object, java.lang.Object, java.lang.Object, int)'> (0x00000000eac7c438) 
thrown [s\src\hotspot\share\interpreter\linkResolver.cpp, line 759]
Event: 9.541 Thread 0x000002cc7f2f2650 Exception <a 'java/lang/NoSuchMethodError'{0x00000000eac80540}: 'java.lang.Object java.lang.invoke.DirectMethodHandle$Holder.invokeSpecial(java.lang.Object, java.lang.Object, java.lang.Object, java.lang.Object, int)'> (0x00000000eac80540) 
thrown [s\src\hotspot\share\interpreter\linkResolver.cpp, line 759]
Event: 9.541 Thread 0x000002cc7f2f2650 Exception <a 'java/lang/NoSuchMethodError'{0x00000000eac83c48}: 'java.lang.Object java.lang.invoke.Invokers$Holder.linkToTargetMethod(java.lang.Object, java.lang.Object, int, java.lang.Object)'> (0x00000000eac83c48) 
thrown [s\src\hotspot\share\interpreter\linkResolver.cpp, line 759]
Event: 9.549 Thread 0x000002cc7f2f2650 Exception <a 'java/lang/NoSuchMethodError'{0x00000000eacbfe20}: static Lorg/apache/maven/model/InputLocation;.<clinit>()V> (0x00000000eacbfe20) 
thrown [s\src\hotspot\share\prims\jni.cpp, line 1107]
Event: 9.550 Thread 0x000002cc7f2f2650 Exception <a 'java/lang/NoSuchMethodError'{0x00000000eacd1ad0}: static Lorg/apache/maven/model/InputSource;.<clinit>()V> (0x00000000eacd1ad0) 
thrown [s\src\hotspot\share\prims\jni.cpp, line 1107]
Event: 9.585 Thread 0x000002cc7f2f2650 Exception <a 'java/lang/NoSuchMethodError'{0x00000000eaf2a210}: 'void java.lang.invoke.DirectMethodHandle$Holder.invokeSpecial(java.lang.Object, java.lang.Object, java.lang.Object, java.lang.Object, java.lang.Object)'> (0x00000000eaf2a210) 
thrown [s\src\hotspot\share\interpreter\linkResolver.cpp, line 759]

VM Operations (20 events):
Event: 9.352 Executing VM operation: ParallelGCFailedAllocation
Event: 9.354 Executing VM operation: ParallelGCFailedAllocation done
Event: 9.483 Executing VM operation: ParallelGCFailedAllocation
Event: 9.484 Executing VM operation: ParallelGCFailedAllocation done
Event: 9.623 Executing VM operation: ParallelGCFailedAllocation
Event: 9.625 Executing VM operation: ParallelGCFailedAllocation done
Event: 11.634 Executing VM operation: Cleanup
Event: 11.634 Executing VM operation: Cleanup done
Event: 12.644 Executing VM operation: Cleanup
Event: 12.644 Executing VM operation: Cleanup done
Event: 13.129 Executing VM operation: ParallelGCFailedAllocation
Event: 13.130 Executing VM operation: ParallelGCFailedAllocation done
Event: 14.134 Executing VM operation: Cleanup
Event: 14.134 Executing VM operation: Cleanup done
Event: 15.138 Executing VM operation: Cleanup
Event: 15.138 Executing VM operation: Cleanup done
Event: 16.151 Executing VM operation: Cleanup
Event: 16.151 Executing VM operation: Cleanup done
Event: 19.189 Executing VM operation: Cleanup
Event: 19.189 Executing VM operation: Cleanup done

Events (20 events):
Event: 8.936 Thread 0x000002cc7f2f4ed0 Thread exited: 0x000002cc7f2f4ed0
Event: 8.936 Thread 0x000002cc7f2f3fa0 Thread exited: 0x000002cc7f2f3fa0
Event: 8.936 Thread 0x000002cc7f2ee480 Thread exited: 0x000002cc7f2ee480
Event: 9.159 Thread 0x000002cc7f2f3fa0 Thread added: 0x000002cc7f2f3fa0
Event: 9.159 Thread 0x000002cc7f2f44b0 Thread added: 0x000002cc7f2f44b0
Event: 9.159 Thread 0x000002cc7f2f4ed0 Thread added: 0x000002cc7f2f4ed0
Event: 9.159 Thread 0x000002cc7f2f53e0 Thread added: 0x000002cc7f2f53e0
Event: 9.159 Thread 0x000002cc7f2ee480 Thread added: 0x000002cc7f2ee480
Event: 9.432 Thread 0x000002cc7f2ee480 Thread exited: 0x000002cc7f2ee480
Event: 9.432 Thread 0x000002cc7f2f3fa0 Thread exited: 0x000002cc7f2f3fa0
Event: 9.432 Thread 0x000002cc7f2f53e0 Thread exited: 0x000002cc7f2f53e0
Event: 9.432 Thread 0x000002cc7f2f44b0 Thread exited: 0x000002cc7f2f44b0
Event: 9.432 Thread 0x000002cc7f2f4ed0 Thread exited: 0x000002cc7f2f4ed0
Event: 9.536 loading class java/util/function/ToLongFunction
Event: 9.536 loading class java/util/function/ToLongFunction done
Event: 9.538 loading class java/lang/invoke/MethodHandleImpl$CountingWrapper$1
Event: 9.538 loading class java/lang/invoke/MethodHandleImpl$CountingWrapper$1 done
Event: 10.307 Thread 0x000002cc7f166e00 Thread exited: 0x000002cc7f166e00
Event: 10.307 Thread 0x000002cc0f28eb70 Thread exited: 0x000002cc0f28eb70
Event: 10.319 Thread 0x000002cc7d5cc580 Thread exited: 0x000002cc7d5cc580


Dynamic libraries:
0x00007ff7ec050000 - 0x00007ff7ec05e000 	c:\Users\messi\.vscode\extensions\redhat.java-1.27.0-win32-x64\jre\17.0.10-win32-x86_64\bin\java.exe
0x00007ffa21cb0000 - 0x00007ffa21ec7000 	C:\Windows\SYSTEM32\ntdll.dll
0x00007ffa20fd0000 - 0x00007ffa21094000 	C:\Windows\System32\KERNEL32.DLL
0x00007ffa1f420000 - 0x00007ffa1f7c6000 	C:\Windows\System32\KERNELBASE.dll
0x00007ffa1f070000 - 0x00007ffa1f181000 	C:\Windows\System32\ucrtbase.dll
0x00007ffa06f70000 - 0x00007ffa06f87000 	c:\Users\messi\.vscode\extensions\redhat.java-1.27.0-win32-x64\jre\17.0.10-win32-x86_64\bin\jli.dll
0x00007ffa06d90000 - 0x00007ffa06dab000 	c:\Users\messi\.vscode\extensions\redhat.java-1.27.0-win32-x64\jre\17.0.10-win32-x86_64\bin\VCRUNTIME140.dll
0x00007ffa219c0000 - 0x00007ffa21b6e000 	C:\Windows\System32\USER32.dll
0x00007ffa1f190000 - 0x00007ffa1f1b6000 	C:\Windows\System32\win32u.dll
0x00007ffa20ef0000 - 0x00007ffa20f19000 	C:\Windows\System32\GDI32.dll
0x00007ff9f16c0000 - 0x00007ff9f1953000 	C:\Windows\WinSxS\amd64_microsoft.windows.common-controls_6595b64144ccf1df_6.0.22621.2506_none_270c5ae97388e100\COMCTL32.dll
0x00007ffa1f260000 - 0x00007ffa1f378000 	C:\Windows\System32\gdi32full.dll
0x00007ffa217b0000 - 0x00007ffa21857000 	C:\Windows\System32\msvcrt.dll
0x00007ffa1f1c0000 - 0x00007ffa1f25a000 	C:\Windows\System32\msvcp_win.dll
0x00007ffa21960000 - 0x00007ffa21991000 	C:\Windows\System32\IMM32.DLL
0x00007ffa1a6c0000 - 0x00007ffa1a6cc000 	c:\Users\messi\.vscode\extensions\redhat.java-1.27.0-win32-x64\jre\17.0.10-win32-x86_64\bin\vcruntime140_1.dll
0x00007ff9f8f50000 - 0x00007ff9f8fdd000 	c:\Users\messi\.vscode\extensions\redhat.java-1.27.0-win32-x64\jre\17.0.10-win32-x86_64\bin\msvcp140.dll
0x00007ff98e920000 - 0x00007ff98f582000 	c:\Users\messi\.vscode\extensions\redhat.java-1.27.0-win32-x64\jre\17.0.10-win32-x86_64\bin\server\jvm.dll
0x00007ffa20bb0000 - 0x00007ffa20c63000 	C:\Windows\System32\ADVAPI32.dll
0x00007ffa20f20000 - 0x00007ffa20fc8000 	C:\Windows\System32\sechost.dll
0x00007ffa1f3f0000 - 0x00007ffa1f418000 	C:\Windows\System32\bcrypt.dll
0x00007ffa21200000 - 0x00007ffa21317000 	C:\Windows\System32\RPCRT4.dll
0x00007ff9ee740000 - 0x00007ff9ee749000 	C:\Windows\SYSTEM32\WSOCK32.dll
0x00007ffa1de40000 - 0x00007ffa1de8d000 	C:\Windows\SYSTEM32\POWRPROF.dll
0x00007ffa08a70000 - 0x00007ffa08aa4000 	C:\Windows\SYSTEM32\WINMM.dll
0x00007ffa21bf0000 - 0x00007ffa21c61000 	C:\Windows\System32\WS2_32.dll
0x00007ffa18fa0000 - 0x00007ffa18faa000 	C:\Windows\SYSTEM32\VERSION.dll
0x00007ffa1de20000 - 0x00007ffa1de33000 	C:\Windows\SYSTEM32\UMPDC.dll
0x00007ffa1e0e0000 - 0x00007ffa1e0f8000 	C:\Windows\SYSTEM32\kernel.appcore.dll
0x00007ffa0dd70000 - 0x00007ffa0dd7a000 	c:\Users\messi\.vscode\extensions\redhat.java-1.27.0-win32-x64\jre\17.0.10-win32-x86_64\bin\jimage.dll
0x00007ffa0a910000 - 0x00007ffa0ab43000 	C:\Windows\SYSTEM32\DBGHELP.DLL
0x00007ffa20370000 - 0x00007ffa206f9000 	C:\Windows\System32\combase.dll
0x00007ffa208a0000 - 0x00007ffa20977000 	C:\Windows\System32\OLEAUT32.dll
0x00007ffa0ab70000 - 0x00007ffa0aba2000 	C:\Windows\SYSTEM32\dbgcore.DLL
0x00007ffa1eff0000 - 0x00007ffa1f06a000 	C:\Windows\System32\bcryptPrimitives.dll
0x00007ffa0a830000 - 0x00007ffa0a83e000 	c:\Users\messi\.vscode\extensions\redhat.java-1.27.0-win32-x64\jre\17.0.10-win32-x86_64\bin\instrument.dll
0x00007ffa06780000 - 0x00007ffa067a5000 	c:\Users\messi\.vscode\extensions\redhat.java-1.27.0-win32-x64\jre\17.0.10-win32-x86_64\bin\java.dll
0x00007ffa06760000 - 0x00007ffa06778000 	c:\Users\messi\.vscode\extensions\redhat.java-1.27.0-win32-x64\jre\17.0.10-win32-x86_64\bin\zip.dll
0x00007ffa1fa00000 - 0x00007ffa2025b000 	C:\Windows\System32\SHELL32.dll
0x00007ffa1cf10000 - 0x00007ffa1d806000 	C:\Windows\SYSTEM32\windows.storage.dll
0x00007ffa1cdd0000 - 0x00007ffa1cf0e000 	C:\Windows\SYSTEM32\wintypes.dll
0x00007ffa20aa0000 - 0x00007ffa20b93000 	C:\Windows\System32\SHCORE.dll
0x00007ffa20310000 - 0x00007ffa2036e000 	C:\Windows\System32\shlwapi.dll
0x00007ffa1ef20000 - 0x00007ffa1ef46000 	C:\Windows\SYSTEM32\profapi.dll
0x00007ffa06090000 - 0x00007ffa060a9000 	C:\Users\messi\.vscode\extensions\redhat.java-1.27.0-win32-x64\jre\17.0.10-win32-x86_64\bin\net.dll
0x00007ffa194f0000 - 0x00007ffa19627000 	C:\Windows\SYSTEM32\WINHTTP.dll
0x00007ffa1e550000 - 0x00007ffa1e5b9000 	C:\Windows\system32\mswsock.dll
0x00007ffa05240000 - 0x00007ffa05256000 	C:\Users\messi\.vscode\extensions\redhat.java-1.27.0-win32-x64\jre\17.0.10-win32-x86_64\bin\nio.dll
0x00007ffa0a770000 - 0x00007ffa0a780000 	c:\Users\messi\.vscode\extensions\redhat.java-1.27.0-win32-x64\jre\17.0.10-win32-x86_64\bin\verify.dll
0x00007ffa06de0000 - 0x00007ffa06e1e000 	C:\Users\messi\AppData\Roaming\Code\User\globalStorage\redhat.java\1.27.0\config_win\org.eclipse.equinox.launcher\org.eclipse.equinox.launcher.win32.win32.x86_64_1.2.900.v20240129-1338\eclipse_11900.dll
0x00007ffa20700000 - 0x00007ffa208a0000 	C:\Windows\System32\ole32.dll
0x00007ffa1e8a0000 - 0x00007ffa1e8bb000 	C:\Windows\SYSTEM32\CRYPTSP.dll
0x00007ffa1e040000 - 0x00007ffa1e075000 	C:\Windows\system32\rsaenh.dll
0x00007ffa1e5f0000 - 0x00007ffa1e61c000 	C:\Windows\SYSTEM32\USERENV.dll
0x00007ffa1e880000 - 0x00007ffa1e88c000 	C:\Windows\SYSTEM32\CRYPTBASE.dll
0x00007ffa1dae0000 - 0x00007ffa1db0d000 	C:\Windows\SYSTEM32\IPHLPAPI.DLL
0x00007ffa20ba0000 - 0x00007ffa20ba9000 	C:\Windows\System32\NSI.dll
0x00007ffa196c0000 - 0x00007ffa196d9000 	C:\Windows\SYSTEM32\dhcpcsvc6.DLL
0x00007ffa192b0000 - 0x00007ffa192cf000 	C:\Windows\SYSTEM32\dhcpcsvc.DLL
0x00007ffa1db50000 - 0x00007ffa1dc49000 	C:\Windows\SYSTEM32\DNSAPI.dll
0x00007ffa067b0000 - 0x00007ffa067f5000 	C:\Users\messi\AppData\Local\Temp\jna-103786865\jna15694374523137080402.dll
0x00007ffa217a0000 - 0x00007ffa217a8000 	C:\Windows\System32\PSAPI.DLL

dbghelp: loaded successfully - version: 4.0.5 - missing functions: none
symbol engine: initialized successfully - sym options: 0x614 - pdb path: .;c:\Users\messi\.vscode\extensions\redhat.java-1.27.0-win32-x64\jre\17.0.10-win32-x86_64\bin;C:\Windows\SYSTEM32;C:\Windows\WinSxS\amd64_microsoft.windows.common-controls_6595b64144ccf1df_6.0.22621.2506_none_270c5ae97388e100;c:\Users\messi\.vscode\extensions\redhat.java-1.27.0-win32-x64\jre\17.0.10-win32-x86_64\bin\server;C:\Users\messi\AppData\Roaming\Code\User\globalStorage\redhat.java\1.27.0\config_win\org.eclipse.equinox.launcher\org.eclipse.equinox.launcher.win32.win32.x86_64_1.2.900.v20240129-1338;C:\Users\messi\AppData\Local\Temp\jna-103786865

VM Arguments:
jvm_args: --add-modules=ALL-SYSTEM --add-opens=java.base/java.util=ALL-UNNAMED --add-opens=java.base/java.lang=ALL-UNNAMED --add-opens=java.base/sun.nio.fs=ALL-UNNAMED -Declipse.application=org.eclipse.jdt.ls.core.id1 -Dosgi.bundles.defaultStartLevel=4 -Declipse.product=org.eclipse.jdt.ls.core.product -Djava.import.generatesMetadataFilesAtProjectRoot=false -DDetectVMInstallationsJob.disabled=true -Dfile.encoding=utf8 -XX:+UseParallelGC -XX:GCTimeRatio=4 -XX:AdaptiveSizePolicyWeight=90 -Dsun.zip.disableMemoryMapping=true -Xmx1G -Xms100m -Xlog:disable -javaagent:c:\Users\messi\.vscode\extensions\redhat.java-1.27.0-win32-x64\lombok\lombok-1.18.31.jar -XX:+HeapDumpOnOutOfMemoryError -XX:HeapDumpPath=c:\Users\messi\AppData\Roaming\Code\User\workspaceStorage\6a500c28aa25334788721326625da2af\redhat.java -Daether.dependencyCollector.impl=bf 
java_command: c:\Users\messi\.vscode\extensions\redhat.java-1.27.0-win32-x64\server\plugins\org.eclipse.equinox.launcher_1.6.700.v20231214-2017.jar -configuration c:\Users\messi\AppData\Roaming\Code\User\globalStorage\redhat.java\1.27.0\config_win -data c:\Users\messi\AppData\Roaming\Code\User\workspaceStorage\6a500c28aa25334788721326625da2af\redhat.java\jdt_ws --stdio
java_class_path (initial): c:\Users\messi\.vscode\extensions\redhat.java-1.27.0-win32-x64\server\plugins\org.eclipse.equinox.launcher_1.6.700.v20231214-2017.jar
Launcher Type: SUN_STANDARD

[Global flags]
    uintx AdaptiveSizePolicyWeight                 = 90                                        {product} {command line}
     intx CICompilerCount                          = 4                                         {product} {ergonomic}
    uintx GCTimeRatio                              = 4                                         {product} {command line}
     bool HeapDumpOnOutOfMemoryError               = true                                   {manageable} {command line}
    ccstr HeapDumpPath                             = c:\Users\messi\AppData\Roaming\Code\User\workspaceStorage\6a500c28aa25334788721326625da2af\redhat.java         {manageable} {command line}
   size_t InitialHeapSize                          = 104857600                                 {product} {command line}
   size_t MaxHeapSize                              = 1073741824                                {product} {command line}
   size_t MaxNewSize                               = 357564416                                 {product} {ergonomic}
   size_t MinHeapDeltaBytes                        = 524288                                    {product} {ergonomic}
   size_t MinHeapSize                              = 104857600                                 {product} {command line}
   size_t NewSize                                  = 34603008                                  {product} {ergonomic}
    uintx NonNMethodCodeHeapSize                   = 5839372                                {pd product} {ergonomic}
    uintx NonProfiledCodeHeapSize                  = 122909434                              {pd product} {ergonomic}
   size_t OldSize                                  = 70254592                                  {product} {ergonomic}
    uintx ProfiledCodeHeapSize                     = 122909434                              {pd product} {ergonomic}
    uintx ReservedCodeCacheSize                    = 251658240                              {pd product} {ergonomic}
     bool SegmentedCodeCache                       = true                                      {product} {ergonomic}
   size_t SoftMaxHeapSize                          = 1073741824                             {manageable} {ergonomic}
     bool UseCompressedClassPointers               = true                           {product lp64_product} {ergonomic}
     bool UseCompressedOops                        = true                           {product lp64_product} {ergonomic}
     bool UseLargePagesIndividualAllocation        = false                                  {pd product} {ergonomic}
     bool UseParallelGC                            = true                                      {product} {command line}

Logging:
Log output configuration:
 #0: stdout all=off uptime,level,tags
 #1: stderr all=off uptime,level,tags

Environment Variables:
JAVA_HOME=C:\Program Files\Java\jdk-21
PATH=D:\Program Files (x86)\VMware\VMware Workstation\bin\;C:\Python311\Scripts\;C:\Python311\;C:\Windows\system32;C:\Windows;C:\Windows\System32\Wbem;C:\Windows\System32\WindowsPowerShell\v1.0\;C:\Windows\System32\OpenSSH\;C:\Program Files\nodejs\;C:\ProgramData\chocolatey\bin;C:\Program Files\Git\cmd;C:\MinGW\bin;C:\platform-tools;C:\Program Files\NVIDIA Corporation\NVIDIA NvDLISR;C:\Program Files (x86)\NVIDIA Corporation\PhysX\Common;C:\Program Files\dotnet\;D:\Program Files\MATLAB\R2023a\runtime\win64;D:\Program Files\MATLAB\R2023a\bin;C:\Program Files\Docker\Docker\resources\bin;C:\Program Files\MySQL\MySQL Server 8.0\bin;C:\Users\messi\AppData\Local\Microsoft\WindowsApps;C:\Users\messi\AppData\Roaming\npm;C:\Users\messi\AppData\Local\Programs\Microsoft VS Code\bin;C:\MinGW\bin;C:\platform-tools;C:\Program Files\Azure Data Studio\bin;C:\Program Files\Azure Data Studio\bin;C:\Program Files\Azure Data Studio\bin;D:\Program Files\JetBrains\IntelliJ IDEA 2021.1\bin;;C:\Users\messi\.dotnet\tools;D:\Program Files\JetBrains\IntelliJ IDEA 2021.1\plugins\maven\lib\maven3\bin;C:\Program Files\Java\jdk-21\bin;
USERNAME=messi
OS=Windows_NT
PROCESSOR_IDENTIFIER=Intel64 Family 6 Model 158 Stepping 13, GenuineIntel
TMP=C:\Users\messi\AppData\Local\Temp
TEMP=C:\Users\messi\AppData\Local\Temp



Periodic native trim disabled


---------------  S Y S T E M  ---------------

OS:
 Windows 11 , 64 bit Build 22621 (10.0.22621.3085)
OS uptime: 0 days 9:39 hours
Hyper-V role detected

CPU: total 8 (initial active 8) (4 cores per cpu, 2 threads per core) family 6 model 158 stepping 13 microcode 0xde, cx8, cmov, fxsr, ht, mmx, 3dnowpref, sse, sse2, sse3, ssse3, sse4.1, sse4.2, popcnt, lzcnt, tsc, tscinvbit, avx, avx2, aes, erms, clmul, bmi1, bmi2, adx, fma, vzeroupper, clflush, clflushopt, hv
Processor Information for all 8 processors :
  Max Mhz: 2401, Current Mhz: 2400, Mhz Limit: 2376

Memory: 4k page, system-wide physical 16224M (5268M free)
TotalPageFile size 16224M (AvailPageFile size 61M)
current process WorkingSet (physical memory assigned to process): 210M, peak: 263M
current process commit charge ("private bytes"): 273M, peak: 329M

vm_info: OpenJDK 64-Bit Server VM (17.0.10+7) for windows-amd64 JRE (17.0.10+7), built on Jan 16 2024 23:25:11 by "admin" with MS VC++ 16.10 / 16.11 (VS2019)

END.
